#
# There is insufficient memory for the Java Runtime Environment to continue.
# Native memory allocation (malloc) failed to allocate 1733792 bytes. Error detail: Chunk::new
# Possible reasons:
#   The system is out of physical RAM or swap space
#   This process is running with CompressedOops enabled, and the Java Heap may be blocking the growth of the native heap
# Possible solutions:
#   Reduce memory load on the system
#   Increase physical memory or swap space
#   Check if swap backing store is full
#   Decrease Java heap size (-Xmx/-Xms)
#   Decrease number of Java threads
#   Decrease Java thread stack sizes (-Xss)
#   Set larger code cache with -XX:ReservedCodeCacheSize=
#   JVM is running with Zero Based Compressed Oops mode in which the Java heap is
#     placed in the first 32GB address space. The Java Heap base address is the
#     maximum limit for the native heap growth. Please use -XX:HeapBaseMinAddress
#     to set the Java Heap base and to place the Java Heap above 32GB virtual address.
# This output file may be truncated or incomplete.
#
#  Out of Memory Error (arena.cpp:191), pid=44296, tid=47220
#
# JRE version: OpenJDK Runtime Environment Temurin-17.0.11+9 (17.0.11+9) (build 17.0.11+9)
# Java VM: OpenJDK 64-Bit Server VM Temurin-17.0.11+9 (17.0.11+9, mixed mode, sharing, tiered, compressed oops, compressed class ptrs, g1 gc, windows-amd64)
# No core dump will be written. Minidumps are not enabled by default on client versions of Windows
#

---------------  S U M M A R Y ------------

Command Line: --enable-native-access=ALL-UNNAMED -Dclassworlds.conf=C:\Users\singh\.m2\wrapper\dists\apache-maven-3.9.15\0226a00282e400185496f3b60ec5a3f029cbdc6893912937d4876d57695224e1\bin\m2.conf -Dmaven.home=C:\Users\singh\.m2\wrapper\dists\apache-maven-3.9.15\0226a00282e400185496f3b60ec5a3f029cbdc6893912937d4876d57695224e1 -Dlibrary.jansi.path=C:\Users\singh\.m2\wrapper\dists\apache-maven-3.9.15\0226a00282e400185496f3b60ec5a3f029cbdc6893912937d4876d57695224e1\lib\jansi-native -Dmaven.multiModuleProjectDirectory=D:\Airtel\SprinBoot\Calculator org.codehaus.plexus.classworlds.launcher.Launcher spring-boot:run

Host: 13th Gen Intel(R) Core(TM) i7-1355U, 12 cores, 15G,  Windows 11 , 64 bit Build 26100 (10.0.26100.8246)
Time: Thu May 21 11:58:52 2026 India Standard Time elapsed time: 7.505545 seconds (0d 0h 0m 7s)

---------------  T H R E A D  ---------------

Current thread (0x000002bd5c024d30):  JavaThread "C2 CompilerThread0" daemon [_thread_in_native, id=47220, stack(0x000000ec4f800000,0x000000ec4f900000)]


Current CompileTask:
C2:   7505 4764       4       jdk.internal.org.objectweb.asm.Frame::execute (2305 bytes)

Stack: [0x000000ec4f800000,0x000000ec4f900000]
Native frames: (J=compiled Java code, j=interpreted, Vv=VM code, C=native code)
V  [jvm.dll+0x67d429]
V  [jvm.dll+0x834b7a]
V  [jvm.dll+0x83663e]
V  [jvm.dll+0x836ca3]
V  [jvm.dll+0x247dbf]
V  [jvm.dll+0xac534]
V  [jvm.dll+0xacb7c]
V  [jvm.dll+0x366647]
V  [jvm.dll+0x330bba]
V  [jvm.dll+0x33005a]
V  [jvm.dll+0x21a471]
V  [jvm.dll+0x2198b1]
V  [jvm.dll+0x1a534d]
V  [jvm.dll+0x2295cd]
V  [jvm.dll+0x22779c]
V  [jvm.dll+0x7e9d07]
V  [jvm.dll+0x7e410a]
V  [jvm.dll+0x67c315]
C  [ucrtbase.dll+0x37b0]
C  [KERNEL32.DLL+0x2e8d7]
C  [ntdll.dll+0x8c3fc]


---------------  P R O C E S S  ---------------

Threads class SMR info:
_java_thread_list=0x000002bd5cd95c70, length=13, elements={
0x000002bd712ee810, 0x000002bd5c0011b0, 0x000002bd5c003700, 0x000002bd5c01f900,
0x000002bd5c0201d0, 0x000002bd5c021610, 0x000002bd5c0235c0, 0x000002bd5c024d30,
0x000002bd5c02e270, 0x000002bd5c03f930, 0x000002bd5c1725d0, 0x000002bd5c16fd50,
0x000002bd5c170c80
}

Java Threads: ( => current thread )
  0x000002bd712ee810 JavaThread "main" [_thread_in_vm, id=5984, stack(0x000000ec4eb00000,0x000000ec4ec00000)]
  0x000002bd5c0011b0 JavaThread "Reference Handler" daemon [_thread_blocked, id=35748, stack(0x000000ec4f200000,0x000000ec4f300000)]
  0x000002bd5c003700 JavaThread "Finalizer" daemon [_thread_blocked, id=29004, stack(0x000000ec4f300000,0x000000ec4f400000)]
  0x000002bd5c01f900 JavaThread "Signal Dispatcher" daemon [_thread_blocked, id=47288, stack(0x000000ec4f400000,0x000000ec4f500000)]
  0x000002bd5c0201d0 JavaThread "Attach Listener" daemon [_thread_blocked, id=51320, stack(0x000000ec4f500000,0x000000ec4f600000)]
  0x000002bd5c021610 JavaThread "Service Thread" daemon [_thread_blocked, id=51244, stack(0x000000ec4f600000,0x000000ec4f700000)]
  0x000002bd5c0235c0 JavaThread "Monitor Deflation Thread" daemon [_thread_blocked, id=15340, stack(0x000000ec4f700000,0x000000ec4f800000)]
=>0x000002bd5c024d30 JavaThread "C2 CompilerThread0" daemon [_thread_in_native, id=47220, stack(0x000000ec4f800000,0x000000ec4f900000)]
  0x000002bd5c02e270 JavaThread "C1 CompilerThread0" daemon [_thread_blocked, id=56876, stack(0x000000ec4f900000,0x000000ec4fa00000)]
  0x000002bd5c03f930 JavaThread "Sweeper thread" daemon [_thread_blocked, id=5052, stack(0x000000ec4fa00000,0x000000ec4fb00000)]
  0x000002bd5c1725d0 JavaThread "Notification Thread" daemon [_thread_blocked, id=57644, stack(0x000000ec4fb00000,0x000000ec4fc00000)]
  0x000002bd5c16fd50 JavaThread "Common-Cleaner" daemon [_thread_blocked, id=46412, stack(0x000000ec4fd00000,0x000000ec4fe00000)]
  0x000002bd5c170c80 JavaThread "Thread-1" daemon [_thread_blocked, id=57792, stack(0x000000ec50700000,0x000000ec50800000)]

Other Threads:
  0x000002bd7f8cab30 VMThread "VM Thread" [stack: 0x000000ec4f100000,0x000000ec4f200000] [id=54804]
  0x000002bd5c181720 WatcherThread [stack: 0x000000ec4fc00000,0x000000ec4fd00000] [id=52764]
  0x000002bd715bc9f0 GCTaskThread "GC Thread#0" [stack: 0x000000ec4ec00000,0x000000ec4ed00000] [id=35704]
  0x000002bd5cb78500 GCTaskThread "GC Thread#1" [stack: 0x000000ec50000000,0x000000ec50100000] [id=35004]
  0x000002bd5cbe1b50 GCTaskThread "GC Thread#2" [stack: 0x000000ec50100000,0x000000ec50200000] [id=57224]
  0x000002bd5cbd8190 GCTaskThread "GC Thread#3" [stack: 0x000000ec50200000,0x000000ec50300000] [id=13580]
  0x000002bd5c3bd9c0 GCTaskThread "GC Thread#4" [stack: 0x000000ec50300000,0x000000ec50400000] [id=20120]
  0x000002bd5cbe72b0 GCTaskThread "GC Thread#5" [stack: 0x000000ec50400000,0x000000ec50500000] [id=37656]
  0x000002bd5caeaeb0 GCTaskThread "GC Thread#6" [stack: 0x000000ec50500000,0x000000ec50600000] [id=45996]
  0x000002bd5ceed280 GCTaskThread "GC Thread#7" [stack: 0x000000ec4fe00000,0x000000ec4ff00000] [id=11684]
  0x000002bd5d14a370 GCTaskThread "GC Thread#8" [stack: 0x000000ec4ff00000,0x000000ec50000000] [id=2120]
  0x000002bd5d577860 GCTaskThread "GC Thread#9" [stack: 0x000000ec50800000,0x000000ec50900000] [id=56192]
  0x000002bd715ce0a0 ConcurrentGCThread "G1 Main Marker" [stack: 0x000000ec4ed00000,0x000000ec4ee00000] [id=49128]
  0x000002bd715cf9e0 ConcurrentGCThread "G1 Conc#0" [stack: 0x000000ec4ee00000,0x000000ec4ef00000] [id=52692]
  0x000002bd7f787250 ConcurrentGCThread "G1 Refine#0" [stack: 0x000000ec4ef00000,0x000000ec4f000000] [id=19612]
  0x000002bd7f788940 ConcurrentGCThread "G1 Service" [stack: 0x000000ec4f000000,0x000000ec4f100000] [id=2032]

Threads with active compile tasks:
C2 CompilerThread0     7561 4764       4       jdk.internal.org.objectweb.asm.Frame::execute (2305 bytes)

VM state: not at safepoint (normal execution)

VM Mutex/Monitor currently owned by a thread: None

Heap address: 0x0000000704800000, size: 4024 MB, Compressed Oops mode: Zero based, Oop shift amount: 3

CDS archive(s) mapped at: [0x000002bd17000000-0x000002bd17bb0000-0x000002bd17bb0000), size 12255232, SharedBaseAddress: 0x000002bd17000000, ArchiveRelocationMode: 1.
Compressed class space mapped at: 0x000002bd18000000-0x000002bd58000000, reserved size: 1073741824
Narrow klass base: 0x000002bd17000000, Narrow klass shift: 0, Narrow klass range: 0x100000000

GC Precious Log:
 CPUs: 12 total, 12 available
 Memory: 16095M
 Large Page Support: Disabled
 NUMA Support: Disabled
 Compressed Oops: Enabled (Zero based)
 Heap Region Size: 2M
 Heap Min Capacity: 8M
 Heap Initial Capacity: 252M
 Heap Max Capacity: 4024M
 Pre-touch: Disabled
 Parallel Workers: 10
 Concurrent Workers: 3
 Concurrent Refinement Workers: 10
 Periodic GC: Disabled

Heap:
 garbage-first heap   total 258048K, used 17267K [0x0000000704800000, 0x0000000800000000)
  region size 2048K, 8 young (16384K), 7 survivors (14336K)
 Metaspace       used 19216K, committed 19520K, reserved 1114112K
  class space    used 2208K, committed 2368K, reserved 1048576K

Heap Regions: E=young(eden), S=young(survivor), O=old, HS=humongous(starts), HC=humongous(continues), CS=collection set, F=free, OA=open archive, CA=closed archive, TAMS=top-at-mark-start (previous, next)
|   0|0x0000000704800000, 0x0000000704a00000, 0x0000000704a00000|100%| O|  |TAMS 0x0000000704800000, 0x0000000704800000| Untracked 
|   1|0x0000000704a00000, 0x0000000704b6fc00, 0x0000000704c00000| 71%| O|  |TAMS 0x0000000704a00000, 0x0000000704a00000| Untracked 
|   2|0x0000000704c00000, 0x0000000704c00000, 0x0000000704e00000|  0%| F|  |TAMS 0x0000000704c00000, 0x0000000704c00000| Untracked 
|   3|0x0000000704e00000, 0x0000000704e00000, 0x0000000705000000|  0%| F|  |TAMS 0x0000000704e00000, 0x0000000704e00000| Untracked 
|   4|0x0000000705000000, 0x0000000705000000, 0x0000000705200000|  0%| F|  |TAMS 0x0000000705000000, 0x0000000705000000| Untracked 
|   5|0x0000000705200000, 0x0000000705200000, 0x0000000705400000|  0%| F|  |TAMS 0x0000000705200000, 0x0000000705200000| Untracked 
|   6|0x0000000705400000, 0x0000000705400000, 0x0000000705600000|  0%| F|  |TAMS 0x0000000705400000, 0x0000000705400000| Untracked 
|   7|0x0000000705600000, 0x0000000705600000, 0x0000000705800000|  0%| F|  |TAMS 0x0000000705600000, 0x0000000705600000| Untracked 
|   8|0x0000000705800000, 0x0000000705800000, 0x0000000705a00000|  0%| F|  |TAMS 0x0000000705800000, 0x0000000705800000| Untracked 
|   9|0x0000000705a00000, 0x0000000705a00000, 0x0000000705c00000|  0%| F|  |TAMS 0x0000000705a00000, 0x0000000705a00000| Untracked 
|  10|0x0000000705c00000, 0x0000000705c00000, 0x0000000705e00000|  0%| F|  |TAMS 0x0000000705c00000, 0x0000000705c00000| Untracked 
|  11|0x0000000705e00000, 0x0000000705e00000, 0x0000000706000000|  0%| F|  |TAMS 0x0000000705e00000, 0x0000000705e00000| Untracked 
|  12|0x0000000706000000, 0x0000000706000000, 0x0000000706200000|  0%| F|  |TAMS 0x0000000706000000, 0x0000000706000000| Untracked 
|  13|0x0000000706200000, 0x0000000706200000, 0x0000000706400000|  0%| F|  |TAMS 0x0000000706200000, 0x0000000706200000| Untracked 
|  14|0x0000000706400000, 0x0000000706400000, 0x0000000706600000|  0%| F|  |TAMS 0x0000000706400000, 0x0000000706400000| Untracked 
|  15|0x0000000706600000, 0x0000000706600000, 0x0000000706800000|  0%| F|  |TAMS 0x0000000706600000, 0x0000000706600000| Untracked 
|  16|0x0000000706800000, 0x0000000706800000, 0x0000000706a00000|  0%| F|  |TAMS 0x0000000706800000, 0x0000000706800000| Untracked 
|  17|0x0000000706a00000, 0x0000000706a00000, 0x0000000706c00000|  0%| F|  |TAMS 0x0000000706a00000, 0x0000000706a00000| Untracked 
|  18|0x0000000706c00000, 0x0000000706c00000, 0x0000000706e00000|  0%| F|  |TAMS 0x0000000706c00000, 0x0000000706c00000| Untracked 
|  19|0x0000000706e00000, 0x0000000706e00000, 0x0000000707000000|  0%| F|  |TAMS 0x0000000706e00000, 0x0000000706e00000| Untracked 
|  20|0x0000000707000000, 0x0000000707000000, 0x0000000707200000|  0%| F|  |TAMS 0x0000000707000000, 0x0000000707000000| Untracked 
|  21|0x0000000707200000, 0x0000000707200000, 0x0000000707400000|  0%| F|  |TAMS 0x0000000707200000, 0x0000000707200000| Untracked 
|  22|0x0000000707400000, 0x0000000707400000, 0x0000000707600000|  0%| F|  |TAMS 0x0000000707400000, 0x0000000707400000| Untracked 
|  23|0x0000000707600000, 0x0000000707600000, 0x0000000707800000|  0%| F|  |TAMS 0x0000000707600000, 0x0000000707600000| Untracked 
|  24|0x0000000707800000, 0x0000000707800000, 0x0000000707a00000|  0%| F|  |TAMS 0x0000000707800000, 0x0000000707800000| Untracked 
|  25|0x0000000707a00000, 0x0000000707a00000, 0x0000000707c00000|  0%| F|  |TAMS 0x0000000707a00000, 0x0000000707a00000| Untracked 
|  26|0x0000000707c00000, 0x0000000707c00000, 0x0000000707e00000|  0%| F|  |TAMS 0x0000000707c00000, 0x0000000707c00000| Untracked 
|  27|0x0000000707e00000, 0x0000000707e00000, 0x0000000708000000|  0%| F|  |TAMS 0x0000000707e00000, 0x0000000707e00000| Untracked 
|  28|0x0000000708000000, 0x0000000708000000, 0x0000000708200000|  0%| F|  |TAMS 0x0000000708000000, 0x0000000708000000| Untracked 
|  29|0x0000000708200000, 0x0000000708200000, 0x0000000708400000|  0%| F|  |TAMS 0x0000000708200000, 0x0000000708200000| Untracked 
|  30|0x0000000708400000, 0x0000000708400000, 0x0000000708600000|  0%| F|  |TAMS 0x0000000708400000, 0x0000000708400000| Untracked 
|  31|0x0000000708600000, 0x0000000708600000, 0x0000000708800000|  0%| F|  |TAMS 0x0000000708600000, 0x0000000708600000| Untracked 
|  32|0x0000000708800000, 0x0000000708800000, 0x0000000708a00000|  0%| F|  |TAMS 0x0000000708800000, 0x0000000708800000| Untracked 
|  33|0x0000000708a00000, 0x0000000708a00000, 0x0000000708c00000|  0%| F|  |TAMS 0x0000000708a00000, 0x0000000708a00000| Untracked 
|  34|0x0000000708c00000, 0x0000000708c00000, 0x0000000708e00000|  0%| F|  |TAMS 0x0000000708c00000, 0x0000000708c00000| Untracked 
|  35|0x0000000708e00000, 0x0000000708e00000, 0x0000000709000000|  0%| F|  |TAMS 0x0000000708e00000, 0x0000000708e00000| Untracked 
|  36|0x0000000709000000, 0x0000000709000000, 0x0000000709200000|  0%| F|  |TAMS 0x0000000709000000, 0x0000000709000000| Untracked 
|  37|0x0000000709200000, 0x0000000709200000, 0x0000000709400000|  0%| F|  |TAMS 0x0000000709200000, 0x0000000709200000| Untracked 
|  38|0x0000000709400000, 0x0000000709400000, 0x0000000709600000|  0%| F|  |TAMS 0x0000000709400000, 0x0000000709400000| Untracked 
|  39|0x0000000709600000, 0x0000000709600000, 0x0000000709800000|  0%| F|  |TAMS 0x0000000709600000, 0x0000000709600000| Untracked 
|  40|0x0000000709800000, 0x0000000709800000, 0x0000000709a00000|  0%| F|  |TAMS 0x0000000709800000, 0x0000000709800000| Untracked 
|  41|0x0000000709a00000, 0x0000000709a00000, 0x0000000709c00000|  0%| F|  |TAMS 0x0000000709a00000, 0x0000000709a00000| Untracked 
|  42|0x0000000709c00000, 0x0000000709c00000, 0x0000000709e00000|  0%| F|  |TAMS 0x0000000709c00000, 0x0000000709c00000| Untracked 
|  43|0x0000000709e00000, 0x0000000709e00000, 0x000000070a000000|  0%| F|  |TAMS 0x0000000709e00000, 0x0000000709e00000| Untracked 
|  44|0x000000070a000000, 0x000000070a16d070, 0x000000070a200000| 71%| S|CS|TAMS 0x000000070a000000, 0x000000070a000000| Complete 
|  45|0x000000070a200000, 0x000000070a400000, 0x000000070a400000|100%| S|CS|TAMS 0x000000070a200000, 0x000000070a200000| Complete 
|  46|0x000000070a400000, 0x000000070a600000, 0x000000070a600000|100%| S|CS|TAMS 0x000000070a400000, 0x000000070a400000| Complete 
|  47|0x000000070a600000, 0x000000070a800000, 0x000000070a800000|100%| S|CS|TAMS 0x000000070a600000, 0x000000070a600000| Complete 
|  48|0x000000070a800000, 0x000000070aa00000, 0x000000070aa00000|100%| S|CS|TAMS 0x000000070a800000, 0x000000070a800000| Complete 
|  49|0x000000070aa00000, 0x000000070ac00000, 0x000000070ac00000|100%| S|CS|TAMS 0x000000070aa00000, 0x000000070aa00000| Complete 
|  50|0x000000070ac00000, 0x000000070ae00000, 0x000000070ae00000|100%| S|CS|TAMS 0x000000070ac00000, 0x000000070ac00000| Complete 
|  51|0x000000070ae00000, 0x000000070ae00000, 0x000000070b000000|  0%| F|  |TAMS 0x000000070ae00000, 0x000000070ae00000| Untracked 
|  52|0x000000070b000000, 0x000000070b000000, 0x000000070b200000|  0%| F|  |TAMS 0x000000070b000000, 0x000000070b000000| Untracked 
|  53|0x000000070b200000, 0x000000070b200000, 0x000000070b400000|  0%| F|  |TAMS 0x000000070b200000, 0x000000070b200000| Untracked 
|  54|0x000000070b400000, 0x000000070b400000, 0x000000070b600000|  0%| F|  |TAMS 0x000000070b400000, 0x000000070b400000| Untracked 
|  55|0x000000070b600000, 0x000000070b600000, 0x000000070b800000|  0%| F|  |TAMS 0x000000070b600000, 0x000000070b600000| Untracked 
|  56|0x000000070b800000, 0x000000070b800000, 0x000000070ba00000|  0%| F|  |TAMS 0x000000070b800000, 0x000000070b800000| Untracked 
|  57|0x000000070ba00000, 0x000000070ba00000, 0x000000070bc00000|  0%| F|  |TAMS 0x000000070ba00000, 0x000000070ba00000| Untracked 
|  58|0x000000070bc00000, 0x000000070bc00000, 0x000000070be00000|  0%| F|  |TAMS 0x000000070bc00000, 0x000000070bc00000| Untracked 
|  59|0x000000070be00000, 0x000000070be00000, 0x000000070c000000|  0%| F|  |TAMS 0x000000070be00000, 0x000000070be00000| Untracked 
|  60|0x000000070c000000, 0x000000070c000000, 0x000000070c200000|  0%| F|  |TAMS 0x000000070c000000, 0x000000070c000000| Untracked 
|  61|0x000000070c200000, 0x000000070c200000, 0x000000070c400000|  0%| F|  |TAMS 0x000000070c200000, 0x000000070c200000| Untracked 
|  62|0x000000070c400000, 0x000000070c400000, 0x000000070c600000|  0%| F|  |TAMS 0x000000070c400000, 0x000000070c400000| Untracked 
|  63|0x000000070c600000, 0x000000070c600000, 0x000000070c800000|  0%| F|  |TAMS 0x000000070c600000, 0x000000070c600000| Untracked 
|  64|0x000000070c800000, 0x000000070c800000, 0x000000070ca00000|  0%| F|  |TAMS 0x000000070c800000, 0x000000070c800000| Untracked 
|  65|0x000000070ca00000, 0x000000070ca00000, 0x000000070cc00000|  0%| F|  |TAMS 0x000000070ca00000, 0x000000070ca00000| Untracked 
|  66|0x000000070cc00000, 0x000000070cc00000, 0x000000070ce00000|  0%| F|  |TAMS 0x000000070cc00000, 0x000000070cc00000| Untracked 
|  67|0x000000070ce00000, 0x000000070ce00000, 0x000000070d000000|  0%| F|  |TAMS 0x000000070ce00000, 0x000000070ce00000| Untracked 
|  68|0x000000070d000000, 0x000000070d000000, 0x000000070d200000|  0%| F|  |TAMS 0x000000070d000000, 0x000000070d000000| Untracked 
|  69|0x000000070d200000, 0x000000070d200000, 0x000000070d400000|  0%| F|  |TAMS 0x000000070d200000, 0x000000070d200000| Untracked 
|  70|0x000000070d400000, 0x000000070d400000, 0x000000070d600000|  0%| F|  |TAMS 0x000000070d400000, 0x000000070d400000| Untracked 
|  71|0x000000070d600000, 0x000000070d600000, 0x000000070d800000|  0%| F|  |TAMS 0x000000070d600000, 0x000000070d600000| Untracked 
|  72|0x000000070d800000, 0x000000070d800000, 0x000000070da00000|  0%| F|  |TAMS 0x000000070d800000, 0x000000070d800000| Untracked 
|  73|0x000000070da00000, 0x000000070da00000, 0x000000070dc00000|  0%| F|  |TAMS 0x000000070da00000, 0x000000070da00000| Untracked 
|  74|0x000000070dc00000, 0x000000070dc00000, 0x000000070de00000|  0%| F|  |TAMS 0x000000070dc00000, 0x000000070dc00000| Untracked 
|  75|0x000000070de00000, 0x000000070de00000, 0x000000070e000000|  0%| F|  |TAMS 0x000000070de00000, 0x000000070de00000| Untracked 
|  76|0x000000070e000000, 0x000000070e000000, 0x000000070e200000|  0%| F|  |TAMS 0x000000070e000000, 0x000000070e000000| Untracked 
|  77|0x000000070e200000, 0x000000070e200000, 0x000000070e400000|  0%| F|  |TAMS 0x000000070e200000, 0x000000070e200000| Untracked 
|  78|0x000000070e400000, 0x000000070e400000, 0x000000070e600000|  0%| F|  |TAMS 0x000000070e400000, 0x000000070e400000| Untracked 
|  79|0x000000070e600000, 0x000000070e600000, 0x000000070e800000|  0%| F|  |TAMS 0x000000070e600000, 0x000000070e600000| Untracked 
|  80|0x000000070e800000, 0x000000070e800000, 0x000000070ea00000|  0%| F|  |TAMS 0x000000070e800000, 0x000000070e800000| Untracked 
|  81|0x000000070ea00000, 0x000000070ea00000, 0x000000070ec00000|  0%| F|  |TAMS 0x000000070ea00000, 0x000000070ea00000| Untracked 
|  82|0x000000070ec00000, 0x000000070ec00000, 0x000000070ee00000|  0%| F|  |TAMS 0x000000070ec00000, 0x000000070ec00000| Untracked 
|  83|0x000000070ee00000, 0x000000070ee00000, 0x000000070f000000|  0%| F|  |TAMS 0x000000070ee00000, 0x000000070ee00000| Untracked 
|  84|0x000000070f000000, 0x000000070f000000, 0x000000070f200000|  0%| F|  |TAMS 0x000000070f000000, 0x000000070f000000| Untracked 
|  85|0x000000070f200000, 0x000000070f200000, 0x000000070f400000|  0%| F|  |TAMS 0x000000070f200000, 0x000000070f200000| Untracked 
|  86|0x000000070f400000, 0x000000070f400000, 0x000000070f600000|  0%| F|  |TAMS 0x000000070f400000, 0x000000070f400000| Untracked 
|  87|0x000000070f600000, 0x000000070f600000, 0x000000070f800000|  0%| F|  |TAMS 0x000000070f600000, 0x000000070f600000| Untracked 
|  88|0x000000070f800000, 0x000000070f800000, 0x000000070fa00000|  0%| F|  |TAMS 0x000000070f800000, 0x000000070f800000| Untracked 
|  89|0x000000070fa00000, 0x000000070fa00000, 0x000000070fc00000|  0%| F|  |TAMS 0x000000070fa00000, 0x000000070fa00000| Untracked 
|  90|0x000000070fc00000, 0x000000070fc00000, 0x000000070fe00000|  0%| F|  |TAMS 0x000000070fc00000, 0x000000070fc00000| Untracked 
|  91|0x000000070fe00000, 0x000000070fe00000, 0x0000000710000000|  0%| F|  |TAMS 0x000000070fe00000, 0x000000070fe00000| Untracked 
|  92|0x0000000710000000, 0x0000000710000000, 0x0000000710200000|  0%| F|  |TAMS 0x0000000710000000, 0x0000000710000000| Untracked 
|  93|0x0000000710200000, 0x0000000710200000, 0x0000000710400000|  0%| F|  |TAMS 0x0000000710200000, 0x0000000710200000| Untracked 
|  94|0x0000000710400000, 0x0000000710400000, 0x0000000710600000|  0%| F|  |TAMS 0x0000000710400000, 0x0000000710400000| Untracked 
|  95|0x0000000710600000, 0x0000000710600000, 0x0000000710800000|  0%| F|  |TAMS 0x0000000710600000, 0x0000000710600000| Untracked 
|  96|0x0000000710800000, 0x0000000710800000, 0x0000000710a00000|  0%| F|  |TAMS 0x0000000710800000, 0x0000000710800000| Untracked 
|  97|0x0000000710a00000, 0x0000000710a00000, 0x0000000710c00000|  0%| F|  |TAMS 0x0000000710a00000, 0x0000000710a00000| Untracked 
|  98|0x0000000710c00000, 0x0000000710c00000, 0x0000000710e00000|  0%| F|  |TAMS 0x0000000710c00000, 0x0000000710c00000| Untracked 
|  99|0x0000000710e00000, 0x0000000710e00000, 0x0000000711000000|  0%| F|  |TAMS 0x0000000710e00000, 0x0000000710e00000| Untracked 
| 100|0x0000000711000000, 0x0000000711000000, 0x0000000711200000|  0%| F|  |TAMS 0x0000000711000000, 0x0000000711000000| Untracked 
| 101|0x0000000711200000, 0x0000000711200000, 0x0000000711400000|  0%| F|  |TAMS 0x0000000711200000, 0x0000000711200000| Untracked 
| 102|0x0000000711400000, 0x0000000711400000, 0x0000000711600000|  0%| F|  |TAMS 0x0000000711400000, 0x0000000711400000| Untracked 
| 103|0x0000000711600000, 0x0000000711600000, 0x0000000711800000|  0%| F|  |TAMS 0x0000000711600000, 0x0000000711600000| Untracked 
| 104|0x0000000711800000, 0x0000000711800000, 0x0000000711a00000|  0%| F|  |TAMS 0x0000000711800000, 0x0000000711800000| Untracked 
| 105|0x0000000711a00000, 0x0000000711a00000, 0x0000000711c00000|  0%| F|  |TAMS 0x0000000711a00000, 0x0000000711a00000| Untracked 
| 106|0x0000000711c00000, 0x0000000711c00000, 0x0000000711e00000|  0%| F|  |TAMS 0x0000000711c00000, 0x0000000711c00000| Untracked 
| 107|0x0000000711e00000, 0x0000000711e00000, 0x0000000712000000|  0%| F|  |TAMS 0x0000000711e00000, 0x0000000711e00000| Untracked 
| 108|0x0000000712000000, 0x0000000712000000, 0x0000000712200000|  0%| F|  |TAMS 0x0000000712000000, 0x0000000712000000| Untracked 
| 109|0x0000000712200000, 0x0000000712200000, 0x0000000712400000|  0%| F|  |TAMS 0x0000000712200000, 0x0000000712200000| Untracked 
| 110|0x0000000712400000, 0x0000000712400000, 0x0000000712600000|  0%| F|  |TAMS 0x0000000712400000, 0x0000000712400000| Untracked 
| 111|0x0000000712600000, 0x0000000712600000, 0x0000000712800000|  0%| F|  |TAMS 0x0000000712600000, 0x0000000712600000| Untracked 
| 112|0x0000000712800000, 0x0000000712800000, 0x0000000712a00000|  0%| F|  |TAMS 0x0000000712800000, 0x0000000712800000| Untracked 
| 113|0x0000000712a00000, 0x0000000712a00000, 0x0000000712c00000|  0%| F|  |TAMS 0x0000000712a00000, 0x0000000712a00000| Untracked 
| 114|0x0000000712c00000, 0x0000000712c00000, 0x0000000712e00000|  0%| F|  |TAMS 0x0000000712c00000, 0x0000000712c00000| Untracked 
| 115|0x0000000712e00000, 0x0000000712e00000, 0x0000000713000000|  0%| F|  |TAMS 0x0000000712e00000, 0x0000000712e00000| Untracked 
| 116|0x0000000713000000, 0x0000000713000000, 0x0000000713200000|  0%| F|  |TAMS 0x0000000713000000, 0x0000000713000000| Untracked 
| 117|0x0000000713200000, 0x0000000713200000, 0x0000000713400000|  0%| F|  |TAMS 0x0000000713200000, 0x0000000713200000| Untracked 
| 118|0x0000000713400000, 0x0000000713400000, 0x0000000713600000|  0%| F|  |TAMS 0x0000000713400000, 0x0000000713400000| Untracked 
| 119|0x0000000713600000, 0x0000000713600000, 0x0000000713800000|  0%| F|  |TAMS 0x0000000713600000, 0x0000000713600000| Untracked 
| 120|0x0000000713800000, 0x0000000713800000, 0x0000000713a00000|  0%| F|  |TAMS 0x0000000713800000, 0x0000000713800000| Untracked 
| 121|0x0000000713a00000, 0x0000000713a00000, 0x0000000713c00000|  0%| F|  |TAMS 0x0000000713a00000, 0x0000000713a00000| Untracked 
| 122|0x0000000713c00000, 0x0000000713c00000, 0x0000000713e00000|  0%| F|  |TAMS 0x0000000713c00000, 0x0000000713c00000| Untracked 
| 123|0x0000000713e00000, 0x0000000713e00000, 0x0000000714000000|  0%| F|  |TAMS 0x0000000713e00000, 0x0000000713e00000| Untracked 
| 124|0x0000000714000000, 0x0000000714000000, 0x0000000714200000|  0%| F|  |TAMS 0x0000000714000000, 0x0000000714000000| Untracked 
| 125|0x0000000714200000, 0x0000000714393a20, 0x0000000714400000| 78%| E|  |TAMS 0x0000000714200000, 0x0000000714200000| Complete 

Card table byte_map: [0x000002bd7bcf0000,0x000002bd7c4d0000] _byte_map_base: 0x000002bd784cc000

Marking Bits (Prev, Next): (CMBitMap*) 0x000002bd715bcf20, (CMBitMap*) 0x000002bd715bcf60
 Prev Bits: [0x000002bd0f000000, 0x000002bd12ee0000)
 Next Bits: [0x000002bd12ee0000, 0x000002bd16dc0000)

Polling page: 0x000002bd71600000

Metaspace:

Usage:
  Non-class:     16.62 MB used.
      Class:      2.16 MB used.
       Both:     18.78 MB used.

Virtual space:
  Non-class space:       64.00 MB reserved,      16.75 MB ( 26%) committed,  1 nodes.
      Class space:        1.00 GB reserved,       2.31 MB ( <1%) committed,  1 nodes.
             Both:        1.06 GB reserved,      19.06 MB (  2%) committed. 

Chunk freelists:
   Non-Class:  14.63 MB
       Class:  13.64 MB
        Both:  28.27 MB

MaxMetaspaceSize: unlimited
CompressedClassSpaceSize: 1.00 GB
Initial GC threshold: 21.00 MB
Current GC threshold: 21.00 MB
CDS: on
MetaspaceReclaimPolicy: balanced
 - commit_granule_bytes: 65536.
 - commit_granule_words: 8192.
 - virtual_space_node_default_size: 8388608.
 - enlarge_chunks_in_place: 1.
 - new_chunks_are_fully_committed: 0.
 - uncommit_free_chunks: 1.
 - use_allocation_guard: 0.
 - handle_deallocations: 1.


Internal statistics:

num_allocs_failed_limit: 0.
num_arena_births: 192.
num_arena_deaths: 0.
num_vsnodes_births: 2.
num_vsnodes_deaths: 0.
num_space_committed: 305.
num_space_uncommitted: 0.
num_chunks_returned_to_freelist: 0.
num_chunks_taken_from_freelist: 897.
num_chunk_merges: 0.
num_chunk_splits: 581.
num_chunks_enlarged: 440.
num_inconsistent_stats: 0.

CodeHeap 'non-profiled nmethods': size=120000Kb used=2542Kb max_used=2542Kb free=117457Kb
 bounds [0x000002bd07ad0000, 0x000002bd07d50000, 0x000002bd0f000000]
CodeHeap 'profiled nmethods': size=120000Kb used=10378Kb max_used=10378Kb free=109621Kb
 bounds [0x000002bd00000000, 0x000002bd00a30000, 0x000002bd07530000]
CodeHeap 'non-nmethods': size=5760Kb used=1197Kb max_used=1258Kb free=4562Kb
 bounds [0x000002bd07530000, 0x000002bd077a0000, 0x000002bd07ad0000]
 total_blobs=5302 nmethods=4809 adapters=405
 compilation: enabled
              stopped_count=0, restarted_count=0
 full_count=0

Compilation events (20 events):
Event: 7.324 Thread 0x000002bd5c02e270 4777       3       java.lang.ProcessEnvironment$EntryComparator::compare (13 bytes)
Event: 7.325 Thread 0x000002bd5c02e270 nmethod 4777 0x000002bd00a17110 code [0x000002bd00a17300, 0x000002bd00a17a68]
Event: 7.325 Thread 0x000002bd5c02e270 4778       3       java.lang.ProcessEnvironment$EntryComparator::compare (25 bytes)
Event: 7.325 Thread 0x000002bd5c02e270 nmethod 4778 0x000002bd00a17c10 code [0x000002bd00a17de0, 0x000002bd00a182c8]
Event: 7.336 Thread 0x000002bd5c02e270 4780       3       java.lang.invoke.MethodHandles$Lookup$ClassFile::<init> (20 bytes)
Event: 7.337 Thread 0x000002bd5c02e270 nmethod 4780 0x000002bd00a18410 code [0x000002bd00a185c0, 0x000002bd00a187f8]
Event: 7.337 Thread 0x000002bd5c02e270 4781       3       java.lang.invoke.MethodHandles$Lookup::makeHiddenClassDefiner (42 bytes)
Event: 7.339 Thread 0x000002bd5c02e270 nmethod 4781 0x000002bd00a18890 code [0x000002bd00a18b40, 0x000002bd00a19a58]
Event: 7.339 Thread 0x000002bd5c02e270 4782       3       java.lang.System$2::defineClass (21 bytes)
Event: 7.339 Thread 0x000002bd5c02e270 nmethod 4782 0x000002bd00a19f90 code [0x000002bd00a1a140, 0x000002bd00a1a2c8]
Event: 7.343 Thread 0x000002bd5c02e270 4785       3       java.lang.invoke.MethodHandleNatives::linkCallSite (66 bytes)
Event: 7.343 Thread 0x000002bd5c02e270 nmethod 4785 0x000002bd00a1a390 code [0x000002bd00a1a560, 0x000002bd00a1aaa8]
Event: 7.343 Thread 0x000002bd5c02e270 4786       3       java.lang.invoke.MethodHandleNatives::linkCallSiteImpl (44 bytes)
Event: 7.345 Thread 0x000002bd5c02e270 nmethod 4786 0x000002bd00a1ac90 code [0x000002bd00a1aec0, 0x000002bd00a1b818]
Event: 7.345 Thread 0x000002bd5c02e270 4787   !   3       java.lang.invoke.CallSite::makeSite (91 bytes)
Event: 7.347 Thread 0x000002bd5c02e270 nmethod 4787 0x000002bd00a1bb90 code [0x000002bd00a1bec0, 0x000002bd00a1cfb8]
Event: 7.347 Thread 0x000002bd5c02e270 4789       3       java.lang.invoke.ConstantCallSite::<init> (17 bytes)
Event: 7.348 Thread 0x000002bd5c02e270 nmethod 4789 0x000002bd00a1db90 code [0x000002bd00a1dd80, 0x000002bd00a1e328]
Event: 7.351 Thread 0x000002bd5d314130 4790       4       jdk.internal.org.objectweb.asm.ByteVector::put12 (64 bytes)
Event: 7.355 Thread 0x000002bd5d314130 nmethod 4790 0x000002bd07d48a10 code [0x000002bd07d48ba0, 0x000002bd07d48d68]

GC Heap History (6 events):
Event: 1.202 GC heap before
{Heap before GC invocations=0 (full 0):
 garbage-first heap   total 258048K, used 22528K [0x0000000704800000, 0x0000000800000000)
  region size 2048K, 11 young (22528K), 0 survivors (0K)
 Metaspace       used 5363K, committed 5568K, reserved 1114112K
  class space    used 642K, committed 768K, reserved 1048576K
}
Event: 1.209 GC heap after
{Heap after GC invocations=1 (full 0):
 garbage-first heap   total 258048K, used 3691K [0x0000000704800000, 0x0000000800000000)
  region size 2048K, 2 young (4096K), 2 survivors (4096K)
 Metaspace       used 5363K, committed 5568K, reserved 1114112K
  class space    used 642K, committed 768K, reserved 1048576K
}
Event: 2.174 GC heap before
{Heap before GC invocations=1 (full 0):
 garbage-first heap   total 258048K, used 34411K [0x0000000704800000, 0x0000000800000000)
  region size 2048K, 17 young (34816K), 2 survivors (4096K)
 Metaspace       used 8798K, committed 9024K, reserved 1114112K
  class space    used 1048K, committed 1152K, reserved 1048576K
}
Event: 2.181 GC heap after
{Heap after GC invocations=2 (full 0):
 garbage-first heap   total 258048K, used 5002K [0x0000000704800000, 0x0000000800000000)
  region size 2048K, 1 young (2048K), 1 survivors (2048K)
 Metaspace       used 8798K, committed 9024K, reserved 1114112K
  class space    used 1048K, committed 1152K, reserved 1048576K
}
Event: 7.275 GC heap before
{Heap before GC invocations=2 (full 0):
 garbage-first heap   total 258048K, used 189322K [0x0000000704800000, 0x0000000800000000)
  region size 2048K, 75 young (153600K), 1 survivors (2048K)
 Metaspace       used 18881K, committed 19136K, reserved 1114112K
  class space    used 2170K, committed 2304K, reserved 1048576K
}
Event: 7.293 GC heap after
{Heap after GC invocations=3 (full 0):
 garbage-first heap   total 258048K, used 17267K [0x0000000704800000, 0x0000000800000000)
  region size 2048K, 7 young (14336K), 7 survivors (14336K)
 Metaspace       used 18881K, committed 19136K, reserved 1114112K
  class space    used 2170K, committed 2304K, reserved 1048576K
}

Dll operation events (8 events):
Event: 0.018 Loaded shared library C:\Users\singh\AppData\Local\Programs\Eclipse Adoptium\jdk-17.0.11.9-hotspot\bin\java.dll
Event: 0.046 Loaded shared library C:\Users\singh\AppData\Local\Programs\Eclipse Adoptium\jdk-17.0.11.9-hotspot\bin\jsvml.dll
Event: 0.098 Loaded shared library C:\Users\singh\AppData\Local\Programs\Eclipse Adoptium\jdk-17.0.11.9-hotspot\bin\net.dll
Event: 0.101 Loaded shared library C:\Users\singh\AppData\Local\Programs\Eclipse Adoptium\jdk-17.0.11.9-hotspot\bin\nio.dll
Event: 0.106 Loaded shared library C:\Users\singh\AppData\Local\Programs\Eclipse Adoptium\jdk-17.0.11.9-hotspot\bin\zip.dll
Event: 0.330 Loaded shared library C:\Users\singh\.m2\wrapper\dists\apache-maven-3.9.15\0226a00282e400185496f3b60ec5a3f029cbdc6893912937d4876d57695224e1\lib\jansi-native\Windows\x86_64\jansi.dll
Event: 0.331 Loaded shared library C:\Users\singh\AppData\Local\Programs\Eclipse Adoptium\jdk-17.0.11.9-hotspot\bin\jimage.dll
Event: 0.361 Loaded shared library C:\Users\singh\AppData\Local\Programs\Eclipse Adoptium\jdk-17.0.11.9-hotspot\bin\verify.dll

Deoptimization events (20 events):
Event: 7.323 Thread 0x000002bd712ee810 Uncommon trap: trap_request=0xffffffbe fr.pc=0x000002bd07bb97f4 relative=0x00000000000010b4
Event: 7.323 Thread 0x000002bd712ee810 Uncommon trap: reason=profile_predicate action=maybe_recompile pc=0x000002bd07bb97f4 method=java.util.TimSort.binarySort([Ljava/lang/Object;IIILjava/util/Comparator;)V @ 34 c2
Event: 7.323 Thread 0x000002bd712ee810 DEOPT PACKING pc=0x000002bd07bb97f4 sp=0x000000ec4ebfd560
Event: 7.323 Thread 0x000002bd712ee810 DEOPT UNPACKING pc=0x000002bd075869a3 sp=0x000000ec4ebfd530 mode 2
Event: 7.323 Thread 0x000002bd712ee810 Uncommon trap: trap_request=0xffffffbe fr.pc=0x000002bd07bb97f4 relative=0x00000000000010b4
Event: 7.323 Thread 0x000002bd712ee810 Uncommon trap: reason=profile_predicate action=maybe_recompile pc=0x000002bd07bb97f4 method=java.util.TimSort.binarySort([Ljava/lang/Object;IIILjava/util/Comparator;)V @ 34 c2
Event: 7.323 Thread 0x000002bd712ee810 DEOPT PACKING pc=0x000002bd07bb97f4 sp=0x000000ec4ebfd560
Event: 7.323 Thread 0x000002bd712ee810 DEOPT UNPACKING pc=0x000002bd075869a3 sp=0x000000ec4ebfd530 mode 2
Event: 7.323 Thread 0x000002bd712ee810 Uncommon trap: trap_request=0xffffffbe fr.pc=0x000002bd07bb97f4 relative=0x00000000000010b4
Event: 7.323 Thread 0x000002bd712ee810 Uncommon trap: reason=profile_predicate action=maybe_recompile pc=0x000002bd07bb97f4 method=java.util.TimSort.binarySort([Ljava/lang/Object;IIILjava/util/Comparator;)V @ 34 c2
Event: 7.323 Thread 0x000002bd712ee810 DEOPT PACKING pc=0x000002bd07bb97f4 sp=0x000000ec4ebfd560
Event: 7.323 Thread 0x000002bd712ee810 DEOPT UNPACKING pc=0x000002bd075869a3 sp=0x000000ec4ebfd530 mode 2
Event: 7.323 Thread 0x000002bd712ee810 Uncommon trap: trap_request=0xffffffbe fr.pc=0x000002bd07bb97f4 relative=0x00000000000010b4
Event: 7.323 Thread 0x000002bd712ee810 Uncommon trap: reason=profile_predicate action=maybe_recompile pc=0x000002bd07bb97f4 method=java.util.TimSort.binarySort([Ljava/lang/Object;IIILjava/util/Comparator;)V @ 34 c2
Event: 7.323 Thread 0x000002bd712ee810 DEOPT PACKING pc=0x000002bd07bb97f4 sp=0x000000ec4ebfd560
Event: 7.323 Thread 0x000002bd712ee810 DEOPT UNPACKING pc=0x000002bd075869a3 sp=0x000000ec4ebfd530 mode 2
Event: 7.355 Thread 0x000002bd712ee810 Uncommon trap: trap_request=0xffffffde fr.pc=0x000002bd07ca0df0 relative=0x0000000000000550
Event: 7.355 Thread 0x000002bd712ee810 Uncommon trap: reason=class_check action=maybe_recompile pc=0x000002bd07ca0df0 method=java.util.Hashtable.get(Ljava/lang/Object;)Ljava/lang/Object; @ 6 c2
Event: 7.355 Thread 0x000002bd712ee810 DEOPT PACKING pc=0x000002bd07ca0df0 sp=0x000000ec4ebfd920
Event: 7.355 Thread 0x000002bd712ee810 DEOPT UNPACKING pc=0x000002bd075869a3 sp=0x000000ec4ebfd8d0 mode 2

Classes unloaded (0 events):
No events

Classes redefined (0 events):
No events

Internal exceptions (20 events):
Event: 3.351 Thread 0x000002bd712ee810 Implicit null exception at 0x000002bd07af79f2 to 0x000002bd07af7fd4
Event: 3.351 Thread 0x000002bd712ee810 Implicit null exception at 0x000002bd07af6df2 to 0x000002bd07af73e8
Event: 3.425 Thread 0x000002bd712ee810 Exception <a 'java/lang/NoSuchMethodError'{0x0000000712978168}: 'void java.lang.invoke.DirectMethodHandle$Holder.invokeSpecial(java.lang.Object, java.lang.Object, java.lang.Object, java.lang.Object, java.lang.Object)'> (0x0000000712978168) 
thrown [s\src\hotspot\share\interpreter\linkResolver.cpp, line 759]
Event: 3.431 Thread 0x000002bd712ee810 Exception <a 'java/lang/NoSuchMethodError'{0x00000007129957f0}: 'void java.lang.invoke.DirectMethodHandle$Holder.invokeSpecial(java.lang.Object, java.lang.Object, java.lang.Object, java.lang.Object, java.lang.Object, java.lang.Object)'> (0x00000007129957f0) 
thrown [s\src\hotspot\share\interpreter\linkResolver.cpp, line 759]
Event: 3.462 Thread 0x000002bd712ee810 Exception <a 'java/lang/NoSuchMethodError'{0x00000007126de808}: 'java.lang.Object java.lang.invoke.DirectMethodHandle$Holder.invokeVirtual(java.lang.Object, java.lang.Object, java.lang.Object)'> (0x00000007126de808) 
thrown [s\src\hotspot\share\interpreter\linkResolver.cpp, line 759]
Event: 4.440 Thread 0x000002bd712ee810 Implicit null exception at 0x000002bd07bed432 to 0x000002bd07bed524
Event: 4.440 Thread 0x000002bd712ee810 Implicit null exception at 0x000002bd07b85e6b to 0x000002bd07b86040
Event: 4.441 Thread 0x000002bd712ee810 Implicit null exception at 0x000002bd07b4b9d8 to 0x000002bd07b4ba6e
Event: 4.445 Thread 0x000002bd712ee810 Exception <a 'java/lang/NoSuchMethodError'{0x000000071088de50}: 'void java.lang.invoke.DirectMethodHandle$Holder.invokeStatic(java.lang.Object, java.lang.Object, java.lang.Object, java.lang.Object)'> (0x000000071088de50) 
thrown [s\src\hotspot\share\interpreter\linkResolver.cpp, line 759]
Event: 5.416 Thread 0x000002bd712ee810 Exception <a 'java/lang/NoSuchMethodError'{0x000000070ea3e530}: 'java.lang.Object java.lang.invoke.DirectMethodHandle$Holder.newInvokeSpecial(java.lang.Object, java.lang.Object, java.lang.Object, java.lang.Object, java.lang.Object, java.lang.Object, java.lang.Object)'> (0x000000070ea3e530) 
thrown [s\src\hotspot\share\interpreter\linkResolver.cpp, line 759]
Event: 5.417 Thread 0x000002bd712ee810 Exception <a 'java/lang/NoSuchMethodError'{0x000000070ea42e40}: 'java.lang.Object java.lang.invoke.Invokers$Holder.linkToTargetMethod(java.lang.Object, java.lang.Object, java.lang.Object, java.lang.Object, java.lang.Object, java.lang.Object, java.lang.Object)'> (0x000000070ea42e40) 
thrown [s\src\hotspot\share\interpreter\linkResolver.cpp, line 759]
Event: 5.755 Thread 0x000002bd712ee810 Exception <a 'java/lang/NoSuchMethodError'{0x000000070e063880}: 'int java.lang.invoke.DirectMethodHandle$Holder.invokeVirtual(java.lang.Object, java.lang.Object)'> (0x000000070e063880) 
thrown [s\src\hotspot\share\interpreter\linkResolver.cpp, line 759]
Event: 5.833 Thread 0x000002bd712ee810 Exception <a 'java/lang/NoSuchMethodError'{0x000000070de69e08}: 'int java.lang.invoke.DirectMethodHandle$Holder.invokeStatic(java.lang.Object, java.lang.Object, int)'> (0x000000070de69e08) 
thrown [s\src\hotspot\share\interpreter\linkResolver.cpp, line 759]
Event: 7.298 Thread 0x000002bd712ee810 Exception <a 'java/lang/NoSuchMethodError'{0x000000071422d1f0}: 'java.lang.Object java.lang.invoke.DirectMethodHandle$Holder.invokeStaticInit(java.lang.Object, java.lang.Object, int, int, int, int)'> (0x000000071422d1f0) 
thrown [s\src\hotspot\share\interpreter\linkResolver.cpp, line 759]
Event: 7.335 Thread 0x000002bd712ee810 Exception <a 'java/lang/NoSuchMethodError'{0x0000000714284198}: 'void java.lang.invoke.DirectMethodHandle$Holder.invokeStatic(java.lang.Object, long)'> (0x0000000714284198) 
thrown [s\src\hotspot\share\interpreter\linkResolver.cpp, line 759]
Event: 7.337 Thread 0x000002bd712ee810 Exception <a 'java/lang/NoSuchMethodError'{0x0000000714289770}: 'java.lang.Object java.lang.invoke.DirectMethodHandle$Holder.newInvokeSpecial(java.lang.Object, long)'> (0x0000000714289770) 
thrown [s\src\hotspot\share\interpreter\linkResolver.cpp, line 759]
Event: 7.341 Thread 0x000002bd712ee810 Exception <a 'java/lang/NoSuchMethodError'{0x0000000714290920}: 'java.lang.Object java.lang.invoke.DirectMethodHandle$Holder.invokeStatic(java.lang.Object, java.lang.Object, long, java.lang.Object)'> (0x0000000714290920) 
thrown [s\src\hotspot\share\interpreter\linkResolver.cpp, line 759]
Event: 7.342 Thread 0x000002bd712ee810 Exception <a 'java/lang/NoSuchMethodError'{0x00000007142940f8}: 'java.lang.Object java.lang.invoke.DirectMethodHandle$Holder.invokeStaticInit(java.lang.Object, java.lang.Object, long, java.lang.Object)'> (0x00000007142940f8) 
thrown [s\src\hotspot\share\interpreter\linkResolver.cpp, line 759]
Event: 7.344 Thread 0x000002bd712ee810 Exception <a 'java/lang/NoSuchMethodError'{0x000000071429a708}: 'java.lang.Object java.lang.invoke.DirectMethodHandle$Holder.newInvokeSpecial(java.lang.Object, java.lang.Object, long)'> (0x000000071429a708) 
thrown [s\src\hotspot\share\interpreter\linkResolver.cpp, line 759]
Event: 7.345 Thread 0x000002bd712ee810 Exception <a 'java/lang/NoSuchMethodError'{0x000000071429e278}: 'java.lang.Object java.lang.invoke.Invokers$Holder.linkToTargetMethod(java.lang.Object, long, java.lang.Object)'> (0x000000071429e278) 
thrown [s\src\hotspot\share\interpreter\linkResolver.cpp, line 759]

VM Operations (20 events):
Event: 3.604 Executing VM operation: ICBufferFull
Event: 3.605 Executing VM operation: ICBufferFull done
Event: 4.162 Executing VM operation: ICBufferFull
Event: 4.162 Executing VM operation: ICBufferFull done
Event: 4.390 Executing VM operation: HandshakeAllThreads
Event: 4.390 Executing VM operation: HandshakeAllThreads done
Event: 4.622 Executing VM operation: ICBufferFull
Event: 4.622 Executing VM operation: ICBufferFull done
Event: 5.290 Executing VM operation: ICBufferFull
Event: 5.291 Executing VM operation: ICBufferFull done
Event: 5.723 Executing VM operation: ICBufferFull
Event: 5.723 Executing VM operation: ICBufferFull done
Event: 6.273 Executing VM operation: ICBufferFull
Event: 6.273 Executing VM operation: ICBufferFull done
Event: 6.362 Executing VM operation: HandshakeAllThreads
Event: 6.362 Executing VM operation: HandshakeAllThreads done
Event: 7.139 Executing VM operation: HandshakeAllThreads
Event: 7.139 Executing VM operation: HandshakeAllThreads done
Event: 7.275 Executing VM operation: G1CollectForAllocation
Event: 7.294 Executing VM operation: G1CollectForAllocation done

Events (20 events):
Event: 7.349 loading class java/util/concurrent/SynchronousQueue$Transferer done
Event: 7.349 loading class java/util/concurrent/SynchronousQueue$TransferStack done
Event: 7.349 loading class java/util/concurrent/SynchronousQueue$TransferStack$SNode
Event: 7.349 loading class java/util/concurrent/SynchronousQueue$TransferStack$SNode done
Event: 7.349 loading class java/lang/ProcessImpl$2
Event: 7.350 loading class java/lang/ProcessImpl$2 done
Event: 7.350 loading class java/lang/ProcessBuilder$NullOutputStream
Event: 7.350 loading class java/lang/ProcessBuilder$NullOutputStream done
Event: 7.350 loading class java/lang/ProcessBuilder$NullInputStream
Event: 7.350 loading class java/lang/ProcessBuilder$NullInputStream done
Event: 7.350 loading class jdk/internal/event/ProcessStartEvent
Event: 7.350 loading class jdk/internal/event/ProcessStartEvent done
Event: 7.353 loading class sun/misc/Signal
Event: 7.353 loading class sun/misc/Signal done
Event: 7.353 loading class sun/misc/SignalHandler
Event: 7.354 loading class sun/misc/SignalHandler done
Event: 7.355 loading class sun/misc/Signal$InternalMiscHandler
Event: 7.355 loading class sun/misc/Signal$InternalMiscHandler done
Event: 7.355 loading class sun/misc/Signal$SunMiscHandler
Event: 7.355 loading class sun/misc/Signal$SunMiscHandler done


Dynamic libraries:
0x00007ff67d730000 - 0x00007ff67d73e000 	C:\Users\singh\AppData\Local\Programs\Eclipse Adoptium\jdk-17.0.11.9-hotspot\bin\java.exe
0x00007ffc614e0000 - 0x00007ffc61747000 	C:\WINDOWS\SYSTEM32\ntdll.dll
0x00007ffc608b0000 - 0x00007ffc60979000 	C:\WINDOWS\System32\KERNEL32.DLL
0x00007ffc5ee40000 - 0x00007ffc5f234000 	C:\WINDOWS\System32\KERNELBASE.dll
0x00007ffc5e990000 - 0x00007ffc5eadb000 	C:\WINDOWS\System32\ucrtbase.dll
0x00007ffc19f50000 - 0x00007ffc19f6b000 	C:\Users\singh\AppData\Local\Programs\Eclipse Adoptium\jdk-17.0.11.9-hotspot\bin\VCRUNTIME140.dll
0x00007ffc19f30000 - 0x00007ffc19f47000 	C:\Users\singh\AppData\Local\Programs\Eclipse Adoptium\jdk-17.0.11.9-hotspot\bin\jli.dll
0x00007ffc601e0000 - 0x00007ffc603a5000 	C:\WINDOWS\System32\USER32.dll
0x00007ffc3a290000 - 0x00007ffc3a523000 	C:\WINDOWS\WinSxS\amd64_microsoft.windows.common-controls_6595b64144ccf1df_6.0.26100.8115_none_3e075c82e3354f9c\COMCTL32.dll
0x00007ffc5f240000 - 0x00007ffc5f267000 	C:\WINDOWS\System32\win32u.dll
0x00007ffc60ae0000 - 0x00007ffc60b0b000 	C:\WINDOWS\System32\GDI32.dll
0x00007ffc60bf0000 - 0x00007ffc60c99000 	C:\WINDOWS\System32\msvcrt.dll
0x00007ffc5eae0000 - 0x00007ffc5ec0b000 	C:\WINDOWS\System32\gdi32full.dll
0x00007ffc5df30000 - 0x00007ffc5dfd3000 	C:\WINDOWS\System32\msvcp_win.dll
0x00007ffc60e30000 - 0x00007ffc60e62000 	C:\WINDOWS\System32\IMM32.DLL
0x00007ffc24030000 - 0x00007ffc2403c000 	C:\Users\singh\AppData\Local\Programs\Eclipse Adoptium\jdk-17.0.11.9-hotspot\bin\vcruntime140_1.dll
0x00007ffbca8f0000 - 0x00007ffbca97d000 	C:\Users\singh\AppData\Local\Programs\Eclipse Adoptium\jdk-17.0.11.9-hotspot\bin\msvcp140.dll
0x00007ffb45a60000 - 0x00007ffb466c2000 	C:\Users\singh\AppData\Local\Programs\Eclipse Adoptium\jdk-17.0.11.9-hotspot\bin\server\jvm.dll
0x00007ffc5f400000 - 0x00007ffc5f4b6000 	C:\WINDOWS\System32\ADVAPI32.dll
0x00007ffc60a30000 - 0x00007ffc60ad7000 	C:\WINDOWS\System32\sechost.dll
0x00007ffc60790000 - 0x00007ffc608a8000 	C:\WINDOWS\System32\RPCRT4.dll
0x00007ffc5dc30000 - 0x00007ffc5dc8e000 	C:\WINDOWS\SYSTEM32\POWRPROF.dll
0x00007ffc35550000 - 0x00007ffc3555a000 	C:\WINDOWS\SYSTEM32\WSOCK32.dll
0x00007ffc613f0000 - 0x00007ffc61470000 	C:\WINDOWS\System32\WS2_32.dll
0x00007ffc58e20000 - 0x00007ffc58e56000 	C:\WINDOWS\SYSTEM32\WINMM.dll
0x00007ffc4d2c0000 - 0x00007ffc4d2cb000 	C:\WINDOWS\SYSTEM32\VERSION.dll
0x00007ffc5dc10000 - 0x00007ffc5dc24000 	C:\WINDOWS\SYSTEM32\UMPDC.dll
0x00007ffc5cb40000 - 0x00007ffc5cb5b000 	C:\WINDOWS\SYSTEM32\kernel.appcore.dll
0x00007ffc19f20000 - 0x00007ffc19f2a000 	C:\Users\singh\AppData\Local\Programs\Eclipse Adoptium\jdk-17.0.11.9-hotspot\bin\jimage.dll
0x00007ffc5bbd0000 - 0x00007ffc5be12000 	C:\WINDOWS\SYSTEM32\DBGHELP.DLL
0x00007ffc5f4c0000 - 0x00007ffc5f842000 	C:\WINDOWS\System32\combase.dll
0x00007ffc60b10000 - 0x00007ffc60be8000 	C:\WINDOWS\System32\OLEAUT32.dll
0x00007ffc07e10000 - 0x00007ffc07e4b000 	C:\WINDOWS\SYSTEM32\dbgcore.DLL
0x00007ffc5e8e0000 - 0x00007ffc5e985000 	C:\WINDOWS\System32\bcryptPrimitives.dll
0x00007ffc19b80000 - 0x00007ffc19ba5000 	C:\Users\singh\AppData\Local\Programs\Eclipse Adoptium\jdk-17.0.11.9-hotspot\bin\java.dll
0x00007ffbb1640000 - 0x00007ffbb1717000 	C:\Users\singh\AppData\Local\Programs\Eclipse Adoptium\jdk-17.0.11.9-hotspot\bin\jsvml.dll
0x00007ffc5f9b0000 - 0x00007ffc60117000 	C:\WINDOWS\System32\SHELL32.dll
0x00007ffc5ec10000 - 0x00007ffc5ed7a000 	C:\WINDOWS\System32\wintypes.dll
0x00007ffc5dfe0000 - 0x00007ffc5e848000 	C:\WINDOWS\System32\windows.storage.dll
0x00007ffc60ca0000 - 0x00007ffc60d98000 	C:\WINDOWS\System32\SHCORE.dll
0x00007ffc609c0000 - 0x00007ffc60a26000 	C:\WINDOWS\System32\shlwapi.dll
0x00007ffc5dcd0000 - 0x00007ffc5dcf9000 	C:\WINDOWS\SYSTEM32\profapi.dll
0x00007ffc19f00000 - 0x00007ffc19f19000 	C:\Users\singh\AppData\Local\Programs\Eclipse Adoptium\jdk-17.0.11.9-hotspot\bin\net.dll
0x00007ffc55a20000 - 0x00007ffc55b4d000 	C:\WINDOWS\SYSTEM32\WINHTTP.dll
0x00007ffc5d0b0000 - 0x00007ffc5d11c000 	C:\WINDOWS\system32\mswsock.dll
0x00007ffc19b60000 - 0x00007ffc19b76000 	C:\Users\singh\AppData\Local\Programs\Eclipse Adoptium\jdk-17.0.11.9-hotspot\bin\nio.dll
0x00007ffc07df0000 - 0x00007ffc07e08000 	C:\Users\singh\AppData\Local\Programs\Eclipse Adoptium\jdk-17.0.11.9-hotspot\bin\zip.dll
0x00007ffc07dc0000 - 0x00007ffc07de4000 	C:\Users\singh\.m2\wrapper\dists\apache-maven-3.9.15\0226a00282e400185496f3b60ec5a3f029cbdc6893912937d4876d57695224e1\lib\jansi-native\Windows\x86_64\jansi.dll
0x00007ffc19b50000 - 0x00007ffc19b60000 	C:\Users\singh\AppData\Local\Programs\Eclipse Adoptium\jdk-17.0.11.9-hotspot\bin\verify.dll
0x00007ffc5d390000 - 0x00007ffc5d3ab000 	C:\WINDOWS\SYSTEM32\CRYPTSP.dll
0x00007ffc5caa0000 - 0x00007ffc5cad9000 	C:\WINDOWS\system32\rsaenh.dll
0x00007ffc5d160000 - 0x00007ffc5d193000 	C:\WINDOWS\SYSTEM32\USERENV.dll
0x00007ffc5dca0000 - 0x00007ffc5dcca000 	C:\WINDOWS\SYSTEM32\bcrypt.dll
0x00007ffc5d3b0000 - 0x00007ffc5d3bc000 	C:\WINDOWS\SYSTEM32\CRYPTBASE.dll
0x00007ffc5c500000 - 0x00007ffc5c532000 	C:\WINDOWS\SYSTEM32\IPHLPAPI.DLL
0x00007ffc605e0000 - 0x00007ffc605ea000 	C:\WINDOWS\System32\NSI.dll
0x00007ffc57f50000 - 0x00007ffc57f6d000 	C:\WINDOWS\SYSTEM32\dhcpcsvc6.DLL
0x00007ffc57ec0000 - 0x00007ffc57ee5000 	C:\WINDOWS\SYSTEM32\dhcpcsvc.DLL
0x00007ffc5c540000 - 0x00007ffc5c672000 	C:\WINDOWS\SYSTEM32\DNSAPI.dll

dbghelp: loaded successfully - version: 4.0.5 - missing functions: none
symbol engine: initialized successfully - sym options: 0x614 - pdb path: .;C:\Users\singh\AppData\Local\Programs\Eclipse Adoptium\jdk-17.0.11.9-hotspot\bin;C:\WINDOWS\SYSTEM32;C:\WINDOWS\WinSxS\amd64_microsoft.windows.common-controls_6595b64144ccf1df_6.0.26100.8115_none_3e075c82e3354f9c;C:\Users\singh\AppData\Local\Programs\Eclipse Adoptium\jdk-17.0.11.9-hotspot\bin\server;C:\Users\singh\.m2\wrapper\dists\apache-maven-3.9.15\0226a00282e400185496f3b60ec5a3f029cbdc6893912937d4876d57695224e1\lib\jansi-native\Windows\x86_64

VM Arguments:
jvm_args: --enable-native-access=ALL-UNNAMED -Dclassworlds.conf=C:\Users\singh\.m2\wrapper\dists\apache-maven-3.9.15\0226a00282e400185496f3b60ec5a3f029cbdc6893912937d4876d57695224e1\bin\m2.conf -Dmaven.home=C:\Users\singh\.m2\wrapper\dists\apache-maven-3.9.15\0226a00282e400185496f3b60ec5a3f029cbdc6893912937d4876d57695224e1 -Dlibrary.jansi.path=C:\Users\singh\.m2\wrapper\dists\apache-maven-3.9.15\0226a00282e400185496f3b60ec5a3f029cbdc6893912937d4876d57695224e1\lib\jansi-native -Dmaven.multiModuleProjectDirectory=D:\Airtel\SprinBoot\Calculator 
java_command: org.codehaus.plexus.classworlds.launcher.Launcher spring-boot:run
java_class_path (initial): C:\Users\singh\.m2\wrapper\dists\apache-maven-3.9.15\0226a00282e400185496f3b60ec5a3f029cbdc6893912937d4876d57695224e1\boot\plexus-classworlds-2.9.0.jar
Launcher Type: SUN_STANDARD

[Global flags]
     intx CICompilerCount                          = 4                                         {product} {ergonomic}
     uint ConcGCThreads                            = 3                                         {product} {ergonomic}
     uint G1ConcRefinementThreads                  = 10                                        {product} {ergonomic}
   size_t G1HeapRegionSize                         = 2097152                                   {product} {ergonomic}
    uintx GCDrainStackTargetSize                   = 64                                        {product} {ergonomic}
   size_t InitialHeapSize                          = 264241152                                 {product} {ergonomic}
   size_t MarkStackSize                            = 4194304                                   {product} {ergonomic}
   size_t MaxHeapSize                              = 4219469824                                {product} {ergonomic}
   size_t MaxNewSize                               = 2531262464                                {product} {ergonomic}
   size_t MinHeapDeltaBytes                        = 2097152                                   {product} {ergonomic}
   size_t MinHeapSize                              = 8388608                                   {product} {ergonomic}
    uintx NonNMethodCodeHeapSize                   = 5839372                                {pd product} {ergonomic}
    uintx NonProfiledCodeHeapSize                  = 122909434                              {pd product} {ergonomic}
    uintx ProfiledCodeHeapSize                     = 122909434                              {pd product} {ergonomic}
    uintx ReservedCodeCacheSize                    = 251658240                              {pd product} {ergonomic}
     bool SegmentedCodeCache                       = true                                      {product} {ergonomic}
   size_t SoftMaxHeapSize                          = 4219469824                             {manageable} {ergonomic}
     bool UseCompressedClassPointers               = true                           {product lp64_product} {ergonomic}
     bool UseCompressedOops                        = true                           {product lp64_product} {ergonomic}
     bool UseG1GC                                  = true                                      {product} {ergonomic}
     bool UseLargePagesIndividualAllocation        = false                                  {pd product} {ergonomic}

Logging:
Log output configuration:
 #0: stdout all=warning uptime,level,tags
 #1: stderr all=off uptime,level,tags

Environment Variables:
JAVA_HOME=C:\Users\singh\AppData\Local\Programs\Eclipse Adoptium\jdk-17.0.11.9-hotspot\
PATH=D:\SQL\dbhomeXE\bin;C:\Program Files\Python310\Scripts\;C:\Program Files\Python310\;C:\Program Files\Microsoft\jdk-17.0.13.11-hotspot\bin;C:\Program Files\Eclipse Adoptium\jdk-21.0.3.9-hotspot\bin;C:\WINDOWS\system32;C:\WINDOWS;C:\WINDOWS\System32\Wbem;C:\WINDOWS\System32\WindowsPowerShell\v1.0\;C:\WINDOWS\System32\OpenSSH\;C:\MinGW\bin;C:\Program Files\Microsoft SQL Server\Client SDK\ODBC\170\Tools\Binn\;C:\Program Files (x86)\Microsoft SQL Server\150\Tools\Binn\;C:\Program Files\Microsoft SQL Server\150\Tools\Binn\;C:\Program Files\Microsoft SQL Server\150\DTS\Binn\;C:\Program Files (x86)\Windows Kits\8.1\Windows Performance Toolkit\;C:\Program Files\dotnet\;C:\Program Files\Git\cmd;C:\ProgramData\chocolatey\bin;C:\Program Files\nodejs\;C:\Program Files\Maven\apache-maven-3.9.15\bin;C:\Users\singh\AppData\Local\Programs\Python\Python313\Scripts\;C:\Users\singh\AppData\Local\Programs\Python\Python313\;C:\Users\singh\AppData\Local\Programs\Python\Launcher\;C:\Users\singh\AppData\Local\Programs\Eclipse Adoptium\jdk-17.0.11.9-hotspot\bin;C:\Users\singh\AppData\Local\Microsoft\WindowsApps;C:\Users\singh\AppData\Local\Programs\Microsoft VS Code\bin;C:\Users\singh\AppData\Roaming\npm;D:\Antigravity\Antigravity\bin;c:\Users\singh\.vscode\extensions\vscjava.vscode-java-debug-0.59.0\bundled\scripts\noConfigScripts
USERNAME=singh
LANG=en_US.UTF-8
OS=Windows_NT
PROCESSOR_IDENTIFIER=Intel64 Family 6 Model 186 Stepping 3, GenuineIntel
TMP=C:\Users\singh\AppData\Local\Temp
TEMP=C:\Users\singh\AppData\Local\Temp



Periodic native trim disabled


---------------  S Y S T E M  ---------------

OS:
 Windows 11 , 64 bit Build 26100 (10.0.26100.8246)
OS uptime: 30 days 14:40 hours
Hyper-V role detected

CPU: total 12 (initial active 12) (6 cores per cpu, 2 threads per core) family 6 model 186 stepping 3 microcode 0x4128, cx8, cmov, fxsr, ht, mmx, 3dnowpref, sse, sse2, sse3, ssse3, sse4.1, sse4.2, popcnt, lzcnt, tsc, tscinvbit, avx, avx2, aes, erms, clmul, bmi1, bmi2, adx, sha, fma, vzeroupper, clflush, clflushopt, clwb, hv
Processor Information for processor 0
  Max Mhz: 1700, Current Mhz: 1457, Mhz Limit: 1700
Processor Information for processor 1
  Max Mhz: 1700, Current Mhz: 1457, Mhz Limit: 1700
Processor Information for processor 2
  Max Mhz: 1700, Current Mhz: 1457, Mhz Limit: 1700
Processor Information for processor 3
  Max Mhz: 1700, Current Mhz: 1457, Mhz Limit: 1700
Processor Information for processor 4
  Max Mhz: 1700, Current Mhz: 1200, Mhz Limit: 1190
Processor Information for processor 5
  Max Mhz: 1700, Current Mhz: 1200, Mhz Limit: 1190
Processor Information for processor 6
  Max Mhz: 1700, Current Mhz: 1200, Mhz Limit: 1190
Processor Information for processor 7
  Max Mhz: 1700, Current Mhz: 1200, Mhz Limit: 1190
Processor Information for processor 8
  Max Mhz: 1700, Current Mhz: 1200, Mhz Limit: 1190
Processor Information for processor 9
  Max Mhz: 1700, Current Mhz: 1200, Mhz Limit: 1190
Processor Information for processor 10
  Max Mhz: 1700, Current Mhz: 1200, Mhz Limit: 1190
Processor Information for processor 11
  Max Mhz: 1700, Current Mhz: 1200, Mhz Limit: 1190

Memory: 4k page, system-wide physical 16095M (1536M free)
TotalPageFile size 35959M (AvailPageFile size 323M)
current process WorkingSet (physical memory assigned to process): 306M, peak: 308M
current process commit charge ("private bytes"): 412M, peak: 413M

vm_info: OpenJDK 64-Bit Server VM (17.0.11+9) for windows-amd64 JRE (17.0.11+9), built on Apr 17 2024 06:07:48 by "admin" with MS VC++ 16.10 / 16.11 (VS2019)

END.
