#
# There is insufficient memory for the Java Runtime Environment to continue.
# Native memory allocation (malloc) failed to allocate 311056 bytes. Error detail: Chunk::new
# Possible reasons:
#   The system is out of physical RAM or swap space
#   This process is running with CompressedOops enabled, and the Java Heap may be blocking the growth of the native heap
# Possible solutions:
#   Reduce memory load on the system
#   Increase physical memory or swap space
#   Check if swap backing store is full
#   Decrease Java heap size (-Xmx/-Xms)
#   Decrease number of Java threads
#   Decrease Java thread stack sizes (-Xss)
#   Set larger code cache with -XX:ReservedCodeCacheSize=
#   JVM is running with Unscaled Compressed Oops mode in which the Java heap is
#     placed in the first 4GB address space. The Java Heap base address is the
#     maximum limit for the native heap growth. Please use -XX:HeapBaseMinAddress
#     to set the Java Heap base and to place the Java Heap above 4GB virtual address.
# This output file may be truncated or incomplete.
#
#  Out of Memory Error (arena.cpp:168), pid=14456, tid=29216
#
# JRE version: OpenJDK Runtime Environment Temurin-21.0.10+7 (21.0.10+7) (build 21.0.10+7-LTS)
# Java VM: OpenJDK 64-Bit Server VM Temurin-21.0.10+7 (21.0.10+7-LTS, mixed mode, sharing, tiered, compressed oops, compressed class ptrs, parallel gc, windows-amd64)
# No core dump will be written. Minidumps are not enabled by default on client versions of Windows
#

---------------  S U M M A R Y ------------

Command Line: --add-modules=ALL-SYSTEM --add-opens=java.base/java.util=ALL-UNNAMED --add-opens=java.base/java.lang=ALL-UNNAMED --add-opens=java.base/sun.nio.fs=ALL-UNNAMED -Declipse.application=org.eclipse.jdt.ls.core.id1 -Dosgi.bundles.defaultStartLevel=4 -Declipse.product=org.eclipse.jdt.ls.core.product -Djava.import.generatesMetadataFilesAtProjectRoot=false -DDetectVMInstallationsJob.disabled=true -Dfile.encoding=utf8 -XX:+UseParallelGC -XX:GCTimeRatio=4 -XX:AdaptiveSizePolicyWeight=90 -Dsun.zip.disableMemoryMapping=true -Xmx2G -Xms100m -Xlog:disable -javaagent:c:\Users\singh\.vscode\extensions\redhat.java-1.54.0-win32-x64\lombok\lombok-1.18.39-4050.jar -XX:+HeapDumpOnOutOfMemoryError -XX:HeapDumpPath=c:\Users\singh\AppData\Roaming\Code\User\workspaceStorage\54be798e7d8331495c5742f3c17b01cf\redhat.java -Daether.dependencyCollector.impl=bf c:\Users\singh\.vscode\extensions\redhat.java-1.54.0-win32-x64\server\plugins\org.eclipse.equinox.launcher_1.7.100.v20251111-0406.jar -configuration c:\Users\singh\AppData\Roaming\Code\User\globalStorage\redhat.java\1.54.0\config_win -data c:\Users\singh\AppData\Roaming\Code\User\workspaceStorage\54be798e7d8331495c5742f3c17b01cf\redhat.java\jdt_ws --pipe=\\.\pipe\lsp-7c390bfc4e385422ab04c35eae14ed00-sock

Host: 13th Gen Intel(R) Core(TM) i7-1355U, 12 cores, 15G,  Windows 11 , 64 bit Build 26100 (10.0.26100.8328)
Time: Mon May 25 17:08:05 2026 India Standard Time elapsed time: 1.231315 seconds (0d 0h 0m 1s)

---------------  T H R E A D  ---------------

Current thread (0x000001f8a4a59700):  JavaThread "C2 CompilerThread0" daemon [_thread_in_native, id=29216, stack(0x000000554a800000,0x000000554a900000) (1024K)]


Current CompileTask:
C2:1231  818       4       lombok.patcher.PatchScript::classMatches (41 bytes)

Stack: [0x000000554a800000,0x000000554a900000]
Native frames: (J=compiled Java code, j=interpreted, Vv=VM code, C=native code)
V  [jvm.dll+0x6d7a39]
V  [jvm.dll+0x8b4b26]
V  [jvm.dll+0x8b70de]
V  [jvm.dll+0x8b77c3]
V  [jvm.dll+0x284346]
V  [jvm.dll+0xc66ed]
V  [jvm.dll+0xc6c31]
V  [jvm.dll+0x2fb29e]
V  [jvm.dll+0x5fe884]
V  [jvm.dll+0x255b17]
V  [jvm.dll+0x255edd]
V  [jvm.dll+0x24e500]
V  [jvm.dll+0x24ba42]
V  [jvm.dll+0x1cb34e]
V  [jvm.dll+0x25b85d]
V  [jvm.dll+0x259dea]
V  [jvm.dll+0x3f857e]
V  [jvm.dll+0x85f59d]
V  [jvm.dll+0x6d626d]
C  [ucrtbase.dll+0x37b0]
C  [KERNEL32.DLL+0x2e957]
C  [ntdll.dll+0x427c]


---------------  P R O C E S S  ---------------

Threads class SMR info:
_java_thread_list=0x000001f8fe8e18e0, length=13, elements={
0x000001f8a4abd010, 0x000001f8a4b6dea0, 0x000001f8a4a4ca00, 0x000001f8a4a52580,
0x000001f8a4a553f0, 0x000001f8a4a57e60, 0x000001f8a4a588c0, 0x000001f8a4a59700,
0x000001f8fd8f7b00, 0x000001f8fda835f0, 0x000001f8fdc1ab00, 0x000001f8fdc774c0,
0x000001f8fdc3a850
}

Java Threads: ( => current thread )
  0x000001f8a4abd010 JavaThread "main"                              [_thread_in_vm, id=28820, stack(0x0000005549e00000,0x0000005549f00000) (1024K)]
  0x000001f8a4b6dea0 JavaThread "Reference Handler"          daemon [_thread_blocked, id=19360, stack(0x000000554a200000,0x000000554a300000) (1024K)]
  0x000001f8a4a4ca00 JavaThread "Finalizer"                  daemon [_thread_blocked, id=21864, stack(0x000000554a300000,0x000000554a400000) (1024K)]
  0x000001f8a4a52580 JavaThread "Signal Dispatcher"          daemon [_thread_blocked, id=25672, stack(0x000000554a400000,0x000000554a500000) (1024K)]
  0x000001f8a4a553f0 JavaThread "Attach Listener"            daemon [_thread_blocked, id=27672, stack(0x000000554a500000,0x000000554a600000) (1024K)]
  0x000001f8a4a57e60 JavaThread "Service Thread"             daemon [_thread_blocked, id=23692, stack(0x000000554a600000,0x000000554a700000) (1024K)]
  0x000001f8a4a588c0 JavaThread "Monitor Deflation Thread"   daemon [_thread_blocked, id=25840, stack(0x000000554a700000,0x000000554a800000) (1024K)]
=>0x000001f8a4a59700 JavaThread "C2 CompilerThread0"         daemon [_thread_in_native, id=29216, stack(0x000000554a800000,0x000000554a900000) (1024K)]
  0x000001f8fd8f7b00 JavaThread "C1 CompilerThread0"         daemon [_thread_blocked, id=3760, stack(0x000000554a900000,0x000000554aa00000) (1024K)]
  0x000001f8fda835f0 JavaThread "Common-Cleaner"             daemon [_thread_blocked, id=20980, stack(0x000000554aa00000,0x000000554ab00000) (1024K)]
  0x000001f8fdc1ab00 JavaThread "Notification Thread"        daemon [_thread_blocked, id=24588, stack(0x000000554ab00000,0x000000554ac00000) (1024K)]
  0x000001f8fdc774c0 JavaThread "C2 CompilerThread1"         daemon [_thread_in_native, id=21100, stack(0x000000554ac00000,0x000000554ad00000) (1024K)]
  0x000001f8fdc3a850 JavaThread "C2 CompilerThread2"         daemon [_thread_in_native, id=13940, stack(0x000000554ad00000,0x000000554ae00000) (1024K)]
Total: 13

Other Threads:
  0x000001f8a4a44210 VMThread "VM Thread"                           [id=11872, stack(0x000000554a100000,0x000000554a200000) (1024K)]
  0x000001f8a493ca00 WatcherThread "VM Periodic Task Thread"        [id=8672, stack(0x000000554a000000,0x000000554a100000) (1024K)]
  0x000001f8a4adb500 WorkerThread "GC Thread#0"                     [id=18352, stack(0x0000005549f00000,0x000000554a000000) (1024K)]
Total: 3

Threads with active compile tasks:
C2 CompilerThread0  1265  818       4       lombok.patcher.PatchScript::classMatches (41 bytes)
C2 CompilerThread1  1265  926       4       sun.security.provider.SHA2::implCompress0 (448 bytes)
C2 CompilerThread2  1265  833       4       lombok.patcher.scripts.MethodLevelPatchScript::patch (21 bytes)
Total: 3

VM state: not at safepoint (normal execution)

VM Mutex/Monitor currently owned by a thread: None

Heap address: 0x0000000080000000, size: 2048 MB, Compressed Oops mode: 32-bit

CDS archive(s) mapped at: [0x000001f8bc000000-0x000001f8bcba0000-0x000001f8bcba0000), size 12189696, SharedBaseAddress: 0x000001f8bc000000, ArchiveRelocationMode: 1.
Compressed class space mapped at: 0x000001f8bd000000-0x000001f8fd000000, reserved size: 1073741824
Narrow klass base: 0x000001f8bc000000, Narrow klass shift: 0, Narrow klass range: 0x100000000

GC Precious Log:
 CardTable entry size: 512
 CPUs: 12 total, 12 available
 Memory: 16095M
 Large Page Support: Disabled
 NUMA Support: Disabled
 Compressed Oops: Enabled (32-bit)
 Alignments: Space 512K, Generation 512K, Heap 2M
 Heap Min Capacity: 100M
 Heap Initial Capacity: 100M
 Heap Max Capacity: 2G
 Pre-touch: Disabled
 Parallel Workers: 10

Heap:
 PSYoungGen      total 29696K, used 17633K [0x00000000d5580000, 0x00000000d7680000, 0x0000000100000000)
  eden space 25600K, 68% used [0x00000000d5580000,0x00000000d66b8690,0x00000000d6e80000)
  from space 4096K, 0% used [0x00000000d7280000,0x00000000d7280000,0x00000000d7680000)
  to   space 4096K, 0% used [0x00000000d6e80000,0x00000000d6e80000,0x00000000d7280000)
 ParOldGen       total 68608K, used 0K [0x0000000080000000, 0x0000000084300000, 0x00000000d5580000)
  object space 68608K, 0% used [0x0000000080000000,0x0000000080000000,0x0000000084300000)
 Metaspace       used 3492K, committed 3776K, reserved 1114112K
  class space    used 385K, committed 512K, reserved 1048576K

Card table byte_map: [0x000001f8a4450000,0x000001f8a4860000] _byte_map_base: 0x000001f8a4050000

Marking Bits: (ParMarkBitMap*) 0x00007fff13633450
 Begin Bits: [0x000001f8b6f60000, 0x000001f8b8f60000)
 End Bits:   [0x000001f8b8f60000, 0x000001f8baf60000)

Polling page: 0x000001f8a2890000

Metaspace:

Usage:
  Non-class:      3.03 MB used.
      Class:    385.05 KB used.
       Both:      3.41 MB used.

Virtual space:
  Non-class space:       64.00 MB reserved,       3.19 MB (  5%) committed,  1 nodes.
      Class space:        1.00 GB reserved,     512.00 KB ( <1%) committed,  1 nodes.
             Both:        1.06 GB reserved,       3.69 MB ( <1%) committed. 

Chunk freelists:
   Non-Class:  11.45 MB
       Class:  15.47 MB
        Both:  26.93 MB

MaxMetaspaceSize: unlimited
CompressedClassSpaceSize: 1.00 GB
Initial GC threshold: 21.00 MB
Current GC threshold: 21.00 MB
CDS: on
 - commit_granule_bytes: 65536.
 - commit_granule_words: 8192.
 - virtual_space_node_default_size: 8388608.
 - enlarge_chunks_in_place: 1.
 - use_allocation_guard: 0.


Internal statistics:

num_allocs_failed_limit: 0.
num_arena_births: 170.
num_arena_deaths: 0.
num_vsnodes_births: 2.
num_vsnodes_deaths: 0.
num_space_committed: 59.
num_space_uncommitted: 0.
num_chunks_returned_to_freelist: 0.
num_chunks_taken_from_freelist: 215.
num_chunk_merges: 0.
num_chunk_splits: 140.
num_chunks_enlarged: 77.
num_inconsistent_stats: 0.

CodeHeap 'non-profiled nmethods': size=120000Kb used=348Kb max_used=348Kb free=119651Kb
 bounds [0x000001f8af780000, 0x000001f8af9f0000, 0x000001f8b6cb0000]
CodeHeap 'profiled nmethods': size=120000Kb used=1425Kb max_used=1425Kb free=118574Kb
 bounds [0x000001f8a7cb0000, 0x000001f8a7f20000, 0x000001f8af1e0000]
CodeHeap 'non-nmethods': size=5760Kb used=1191Kb max_used=1205Kb free=4568Kb
 bounds [0x000001f8af1e0000, 0x000001f8af450000, 0x000001f8af780000]
CodeCache: size=245760Kb, used=2964Kb, max_used=2978Kb, free=242793Kb
 total_blobs=1370, nmethods=921, adapters=356, full_count=0
Compilation: enabled, stopped_count=0, restarted_count=0

Compilation events (20 events):
Event: 1.208 Thread 0x000001f8fd8f7b00 nmethod 889 0x000001f8a7e02610 code [0x000001f8a7e02880, 0x000001f8a7e033b8]
Event: 1.208 Thread 0x000001f8fd8f7b00  894       3       java.util.Arrays::fill (28 bytes)
Event: 1.208 Thread 0x000001f8fd8f7b00 nmethod 894 0x000001f8a7e03810 code [0x000001f8a7e039e0, 0x000001f8a7e03d30]
Event: 1.208 Thread 0x000001f8fd8f7b00  893       3       java.lang.invoke.MethodHandle::intrinsicName (4 bytes)
Event: 1.209 Thread 0x000001f8fd8f7b00 nmethod 893 0x000001f8a7e03e90 code [0x000001f8a7e04020, 0x000001f8a7e04138]
Event: 1.209 Thread 0x000001f8fd8f7b00  896       3       java.lang.invoke.LambdaFormBuffer::changeName (149 bytes)
Event: 1.209 Thread 0x000001f8fd8f7b00 nmethod 896 0x000001f8a7e04210 code [0x000001f8a7e043e0, 0x000001f8a7e04870]
Event: 1.209 Thread 0x000001f8fd8f7b00  898       3       java.lang.invoke.InvokerBytecodeGenerator::emitReferenceCast (188 bytes)
Event: 1.210 Thread 0x000001f8fd8f7b00 nmethod 898 0x000001f8a7e04a10 code [0x000001f8a7e04ce0, 0x000001f8a7e05978]
Event: 1.212 Thread 0x000001f8fd8f7b00  901       3       java.util.regex.Pattern$BmpCharProperty::match (55 bytes)
Event: 1.213 Thread 0x000001f8fd8f7b00 nmethod 901 0x000001f8a7e05d10 code [0x000001f8a7e05f00, 0x000001f8a7e06390]
Event: 1.213 Thread 0x000001f8fd8f7b00  902       3       java.util.regex.Pattern$$Lambda/0x800000029::is (9 bytes)
Event: 1.213 Thread 0x000001f8fd8f7b00 nmethod 902 0x000001f8a7e06510 code [0x000001f8a7e066c0, 0x000001f8a7e06880]
Event: 1.215 Thread 0x000001f8fd8f7b00  903       3       java.lang.invoke.MethodHandleNatives::refKindIsField (32 bytes)
Event: 1.216 Thread 0x000001f8fd8f7b00 nmethod 903 0x000001f8a7e06910 code [0x000001f8a7e06aa0, 0x000001f8a7e06bf0]
Event: 1.223 Thread 0x000001f8fdc774c0  905       4       java.lang.invoke.MemberName::getReferenceKind (12 bytes)
Event: 1.224 Thread 0x000001f8fdc774c0 nmethod 905 0x000001f8af7d6110 code [0x000001f8af7d62a0, 0x000001f8af7d6330]
Event: 1.225 Thread 0x000001f8fd8f7b00  906       3       java.lang.Class::descriptorString (170 bytes)
Event: 1.227 Thread 0x000001f8fd8f7b00 nmethod 906 0x000001f8a7e06c90 code [0x000001f8a7e07100, 0x000001f8a7e08850]
Event: 1.227 Thread 0x000001f8fd8f7b00  907       3       java.lang.invoke.MethodHandles$Lookup::isClassAccessible (53 bytes)

GC Heap History (0 events):
No events

Dll operation events (8 events):
Event: 0.025 Loaded shared library c:\Users\singh\.vscode\extensions\redhat.java-1.54.0-win32-x64\jre\21.0.10-win32-x86_64\bin\java.dll
Event: 0.158 Loaded shared library c:\Users\singh\.vscode\extensions\redhat.java-1.54.0-win32-x64\jre\21.0.10-win32-x86_64\bin\zip.dll
Event: 0.197 Loaded shared library C:\Users\singh\.vscode\extensions\redhat.java-1.54.0-win32-x64\jre\21.0.10-win32-x86_64\bin\instrument.dll
Event: 0.206 Loaded shared library C:\Users\singh\.vscode\extensions\redhat.java-1.54.0-win32-x64\jre\21.0.10-win32-x86_64\bin\net.dll
Event: 0.211 Loaded shared library C:\Users\singh\.vscode\extensions\redhat.java-1.54.0-win32-x64\jre\21.0.10-win32-x86_64\bin\nio.dll
Event: 0.217 Loaded shared library C:\Users\singh\.vscode\extensions\redhat.java-1.54.0-win32-x64\jre\21.0.10-win32-x86_64\bin\zip.dll
Event: 0.259 Loaded shared library C:\Users\singh\.vscode\extensions\redhat.java-1.54.0-win32-x64\jre\21.0.10-win32-x86_64\bin\jimage.dll
Event: 0.439 Loaded shared library c:\Users\singh\.vscode\extensions\redhat.java-1.54.0-win32-x64\jre\21.0.10-win32-x86_64\bin\verify.dll

Deoptimization events (20 events):
Event: 0.995 Thread 0x000001f8a4abd010 Uncommon trap: trap_request=0xffffffde fr.pc=0x000001f8af7afd24 relative=0x0000000000000944
Event: 0.995 Thread 0x000001f8a4abd010 Uncommon trap: reason=class_check action=maybe_recompile pc=0x000001f8af7afd24 method=java.util.HashMap.putVal(ILjava/lang/Object;Ljava/lang/Object;ZZ)Ljava/lang/Object; @ 91 c2
Event: 0.995 Thread 0x000001f8a4abd010 DEOPT PACKING pc=0x000001f8af7afd24 sp=0x0000005549efdfe0
Event: 0.995 Thread 0x000001f8a4abd010 DEOPT UNPACKING pc=0x000001f8af233aa2 sp=0x0000005549efdf60 mode 2
Event: 0.998 Thread 0x000001f8a4abd010 Uncommon trap: trap_request=0xffffff6e fr.pc=0x000001f8af7c179c relative=0x00000000000001fc
Event: 0.998 Thread 0x000001f8a4abd010 Uncommon trap: reason=loop_limit_check action=maybe_recompile pc=0x000001f8af7c179c method=java.math.BigInteger.implMulAdd([I[IIII)I @ 26 c2
Event: 0.998 Thread 0x000001f8a4abd010 DEOPT PACKING pc=0x000001f8af7c179c sp=0x0000005549efd980
Event: 0.998 Thread 0x000001f8a4abd010 DEOPT UNPACKING pc=0x000001f8af233aa2 sp=0x0000005549efd8d0 mode 2
Event: 1.121 Thread 0x000001f8a4abd010 Uncommon trap: trap_request=0xffffff45 fr.pc=0x000001f8af7c85ac relative=0x000000000000008c
Event: 1.121 Thread 0x000001f8a4abd010 Uncommon trap: reason=unstable_if action=reinterpret pc=0x000001f8af7c85ac method=jdk.internal.misc.Unsafe.convEndian(ZI)I @ 4 c2
Event: 1.121 Thread 0x000001f8a4abd010 DEOPT PACKING pc=0x000001f8af7c85ac sp=0x0000005549efdce0
Event: 1.121 Thread 0x000001f8a4abd010 DEOPT UNPACKING pc=0x000001f8af233aa2 sp=0x0000005549efdc10 mode 2
Event: 1.125 Thread 0x000001f8a4abd010 Uncommon trap: trap_request=0xffffff45 fr.pc=0x000001f8af7b4060 relative=0x0000000000000600
Event: 1.125 Thread 0x000001f8a4abd010 Uncommon trap: reason=unstable_if action=reinterpret pc=0x000001f8af7b4060 method=java.lang.AbstractStringBuilder.append(Ljava/lang/String;)Ljava/lang/AbstractStringBuilder; @ 1 c2
Event: 1.125 Thread 0x000001f8a4abd010 DEOPT PACKING pc=0x000001f8af7b4060 sp=0x0000005549efe040
Event: 1.125 Thread 0x000001f8a4abd010 DEOPT UNPACKING pc=0x000001f8af233aa2 sp=0x0000005549efdfd0 mode 2
Event: 1.125 Thread 0x000001f8a4abd010 Uncommon trap: trap_request=0xffffff45 fr.pc=0x000001f8af7b4ccc relative=0x00000000000005ec
Event: 1.125 Thread 0x000001f8a4abd010 Uncommon trap: reason=unstable_if action=reinterpret pc=0x000001f8af7b4ccc method=java.lang.AbstractStringBuilder.append(Ljava/lang/String;)Ljava/lang/AbstractStringBuilder; @ 1 c2
Event: 1.125 Thread 0x000001f8a4abd010 DEOPT PACKING pc=0x000001f8af7b4ccc sp=0x0000005549efdff0
Event: 1.125 Thread 0x000001f8a4abd010 DEOPT UNPACKING pc=0x000001f8af233aa2 sp=0x0000005549efdfd8 mode 2

Classes loaded (20 events):
Event: 1.215 Loading class java/util/function/IntUnaryOperator
Event: 1.215 Loading class java/util/function/IntUnaryOperator done
Event: 1.216 Loading class java/util/stream/IntPipeline$4
Event: 1.216 Loading class java/util/stream/IntPipeline$StatelessOp
Event: 1.217 Loading class java/util/stream/IntPipeline$StatelessOp done
Event: 1.217 Loading class java/util/stream/IntPipeline$4 done
Event: 1.220 Loading class java/util/stream/IntPipeline$1
Event: 1.220 Loading class java/util/stream/IntPipeline$1 done
Event: 1.222 Loading class java/util/stream/Streams$ConcatSpliterator$OfRef
Event: 1.222 Loading class java/util/stream/Streams$ConcatSpliterator
Event: 1.222 Loading class java/util/stream/Streams$ConcatSpliterator done
Event: 1.222 Loading class java/util/stream/Streams$ConcatSpliterator$OfRef done
Event: 1.223 Loading class java/util/stream/StreamSpliterators$WrappingSpliterator
Event: 1.223 Loading class java/util/stream/StreamSpliterators$AbstractWrappingSpliterator
Event: 1.224 Loading class java/util/stream/StreamSpliterators$AbstractWrappingSpliterator done
Event: 1.224 Loading class java/util/stream/StreamSpliterators$WrappingSpliterator done
Event: 1.224 Loading class java/util/stream/Streams$2
Event: 1.224 Loading class java/util/stream/Streams$2 done
Event: 1.227 Loading class java/util/stream/StreamSpliterators
Event: 1.228 Loading class java/util/stream/StreamSpliterators done

Classes unloaded (0 events):
No events

Classes redefined (0 events):
No events

Internal exceptions (20 events):
Event: 0.348 Thread 0x000001f8a4abd010 Exception <a 'java/lang/NoSuchMethodError'{0x00000000d59f8988}: 'int java.lang.invoke.DirectMethodHandle$Holder.invokeSpecial(java.lang.Object, java.lang.Object, java.lang.Object)'> (0x00000000d59f8988) 
thrown [s\src\hotspot\share\interpreter\linkResolver.cpp, line 773]
Event: 0.351 Thread 0x000001f8a4abd010 Exception <a 'java/lang/NoSuchMethodError'{0x00000000d5a04648}: 'java.lang.Object java.lang.invoke.DirectMethodHandle$Holder.invokeStatic(java.lang.Object, java.lang.Object, int)'> (0x00000000d5a04648) 
thrown [s\src\hotspot\share\interpreter\linkResolver.cpp, line 773]
Event: 0.353 Thread 0x000001f8a4abd010 Exception <a 'java/lang/NoSuchMethodError'{0x00000000d5a08f98}: 'void java.lang.invoke.DirectMethodHandle$Holder.invokeStatic(java.lang.Object, java.lang.Object, int, java.lang.Object)'> (0x00000000d5a08f98) 
thrown [s\src\hotspot\share\interpreter\linkResolver.cpp, line 773]
Event: 0.354 Thread 0x000001f8a4abd010 Exception <a 'java/lang/NoSuchMethodError'{0x00000000d5a0cb28}: 'void java.lang.invoke.DirectMethodHandle$Holder.invokeSpecial(java.lang.Object, java.lang.Object, java.lang.Object, int, java.lang.Object)'> (0x00000000d5a0cb28) 
thrown [s\src\hotspot\share\interpreter\linkResolver.cpp, line 773]
Event: 0.355 Thread 0x000001f8a4abd010 Exception <a 'java/lang/NoSuchMethodError'{0x00000000d5a0ff98}: 'void java.lang.invoke.DelegatingMethodHandle$Holder.delegate(java.lang.Object, java.lang.Object, int, java.lang.Object)'> (0x00000000d5a0ff98) 
thrown [s\src\hotspot\share\interpreter\linkResolver.cpp, line 773]
Event: 0.530 Thread 0x000001f8a4abd010 Exception <a 'java/lang/NoSuchMethodError'{0x00000000d5bd0088}: 'void java.lang.invoke.DelegatingMethodHandle$Holder.reinvoke_L(java.lang.Object, java.lang.Object, java.lang.Object, int)'> (0x00000000d5bd0088) 
thrown [s\src\hotspot\share\interpreter\linkResolver.cpp, line 773]
Event: 0.830 Thread 0x000001f8a4abd010 Exception <a 'java/lang/NoSuchMethodError'{0x00000000d6060d68}: 'void java.lang.invoke.DirectMethodHandle$Holder.invokeVirtual(java.lang.Object, java.lang.Object)'> (0x00000000d6060d68) 
thrown [s\src\hotspot\share\interpreter\linkResolver.cpp, line 773]
Event: 1.047 Thread 0x000001f8a4abd010 Exception <a 'java/lang/NoSuchMethodError'{0x00000000d6446370}: 'void java.lang.invoke.DirectMethodHandle$Holder.invokeStatic(java.lang.Object, java.lang.Object)'> (0x00000000d6446370) 
thrown [s\src\hotspot\share\interpreter\linkResolver.cpp, line 773]
Event: 1.057 Thread 0x000001f8a4abd010 Exception <a 'java/lang/ClassNotFoundException'{0x00000000d646e468}: sun/net/www/protocol/c/Handler> (0x00000000d646e468) 
thrown [s\src\hotspot\share\classfile\systemDictionary.cpp, line 312]
Event: 1.118 Thread 0x000001f8a4abd010 Exception <a 'java/io/FileNotFoundException'{0x00000000d64d5a60}> (0x00000000d64d5a60) 
thrown [s\src\hotspot\share\prims\jni.cpp, line 520]
Event: 1.119 Thread 0x000001f8a4abd010 Exception <a 'java/io/FileNotFoundException'{0x00000000d64d6d88}> (0x00000000d64d6d88) 
thrown [s\src\hotspot\share\prims\jni.cpp, line 520]
Event: 1.119 Thread 0x000001f8a4abd010 Exception <a 'java/io/FileNotFoundException'{0x00000000d64d7a00}> (0x00000000d64d7a00) 
thrown [s\src\hotspot\share\prims\jni.cpp, line 520]
Event: 1.119 Thread 0x000001f8a4abd010 Exception <a 'java/io/FileNotFoundException'{0x00000000d64d8540}> (0x00000000d64d8540) 
thrown [s\src\hotspot\share\prims\jni.cpp, line 520]
Event: 1.125 Thread 0x000001f8a4abd010 Implicit null exception at 0x000001f8af7b3aa4 to 0x000001f8af7b4048
Event: 1.125 Thread 0x000001f8a4abd010 Implicit null exception at 0x000001f8af7b4720 to 0x000001f8af7b4cb4
Event: 1.134 Thread 0x000001f8a4abd010 Exception <a 'java/io/FileNotFoundException'{0x00000000d65126a0}> (0x00000000d65126a0) 
thrown [s\src\hotspot\share\prims\jni.cpp, line 520]
Event: 1.156 Thread 0x000001f8a4abd010 Exception <a 'java/lang/NoSuchMethodError'{0x00000000d654f070}: 'java.lang.Object java.lang.invoke.DirectMethodHandle$Holder.invokeInterface(java.lang.Object, java.lang.Object)'> (0x00000000d654f070) 
thrown [s\src\hotspot\share\interpreter\linkResolver.cpp, line 773]
Event: 1.163 Thread 0x000001f8a4abd010 Exception <a 'java/lang/NoSuchMethodError'{0x00000000d6562ae0}: 'java.lang.Object java.lang.invoke.Invokers$Holder.invokeExact_MT(java.lang.Object, java.lang.Object, java.lang.Object, java.lang.Object, java.lang.Object, java.lang.Object)'> (0x00000000d6562ae0) 
thrown [s\src\hotspot\share\interpreter\linkResolver.cpp, line 773]
Event: 1.169 Thread 0x000001f8a4abd010 Exception <a 'java/lang/NoSuchMethodError'{0x00000000d6579bb8}: 'int java.lang.invoke.DirectMethodHandle$Holder.invokeStatic(java.lang.Object, java.lang.Object, java.lang.Object, java.lang.Object, java.lang.Object)'> (0x00000000d6579bb8) 
thrown [s\src\hotspot\share\interpreter\linkResolver.cpp, line 773]
Event: 1.217 Thread 0x000001f8a4abd010 Exception <a 'java/lang/NoSuchMethodError'{0x00000000d660f6c0}: 'java.lang.Object java.lang.invoke.DirectMethodHandle$Holder.invokeInterface(java.lang.Object, java.lang.Object, int)'> (0x00000000d660f6c0) 
thrown [s\src\hotspot\share\interpreter\linkResolver.cpp, line 773]

ZGC Phase Switch (0 events):
No events

VM Operations (8 events):
Event: 0.155 Executing non-safepoint VM operation: HandshakeAllThreads (Deoptimize)
Event: 0.155 Executing non-safepoint VM operation: HandshakeAllThreads (Deoptimize) done
Event: 0.284 Executing non-safepoint VM operation: HandshakeAllThreads (Deoptimize)
Event: 0.284 Executing non-safepoint VM operation: HandshakeAllThreads (Deoptimize) done
Event: 1.010 Executing non-safepoint VM operation: HandshakeAllThreads (Deoptimize)
Event: 1.010 Executing non-safepoint VM operation: HandshakeAllThreads (Deoptimize) done
Event: 1.037 Executing non-safepoint VM operation: HandshakeAllThreads (Deoptimize)
Event: 1.037 Executing non-safepoint VM operation: HandshakeAllThreads (Deoptimize) done

Memory protections (0 events):
No events

Nmethod flushes (0 events):
No events

Events (13 events):
Event: 0.053 Thread 0x000001f8a4abd010 Thread added: 0x000001f8a4abd010
Event: 0.085 Thread 0x000001f8a4abd010 Thread added: 0x000001f8a4b6dea0
Event: 0.086 Thread 0x000001f8a4abd010 Thread added: 0x000001f8a4a4ca00
Event: 0.086 Thread 0x000001f8a4abd010 Thread added: 0x000001f8a4a52580
Event: 0.086 Thread 0x000001f8a4abd010 Thread added: 0x000001f8a4a553f0
Event: 0.086 Thread 0x000001f8a4abd010 Thread added: 0x000001f8a4a57e60
Event: 0.086 Thread 0x000001f8a4abd010 Thread added: 0x000001f8a4a588c0
Event: 0.087 Thread 0x000001f8a4abd010 Thread added: 0x000001f8a4a59700
Event: 0.089 Thread 0x000001f8a4abd010 Thread added: 0x000001f8fd8f7b00
Event: 0.200 Thread 0x000001f8a4abd010 Thread added: 0x000001f8fda835f0
Event: 0.712 Thread 0x000001f8a4abd010 Thread added: 0x000001f8fdc1ab00
Event: 0.717 Thread 0x000001f8a4a59700 Thread added: 0x000001f8fdc774c0
Event: 0.887 Thread 0x000001f8fd8f7b00 Thread added: 0x000001f8fdc3a850


Dynamic libraries:
0x00007ff72fe40000 - 0x00007ff72fe4e000 	c:\Users\singh\.vscode\extensions\redhat.java-1.54.0-win32-x64\jre\21.0.10-win32-x86_64\bin\java.exe
0x00007ff825860000 - 0x00007ff825ac7000 	C:\WINDOWS\SYSTEM32\ntdll.dll
0x00007ff8237e0000 - 0x00007ff8238a9000 	C:\WINDOWS\System32\KERNEL32.DLL
0x00007ff822290000 - 0x00007ff822687000 	C:\WINDOWS\System32\KERNELBASE.dll
0x00007ff81f2e0000 - 0x00007ff81f380000 	C:\WINDOWS\SYSTEM32\apphelp.dll
0x00007ff822f00000 - 0x00007ff82304b000 	C:\WINDOWS\System32\ucrtbase.dll
0x00007fffc7ac0000 - 0x00007fffc7ad8000 	c:\Users\singh\.vscode\extensions\redhat.java-1.54.0-win32-x64\jre\21.0.10-win32-x86_64\bin\jli.dll
0x00007ff8244a0000 - 0x00007ff824666000 	C:\WINDOWS\System32\USER32.dll
0x00007ff823340000 - 0x00007ff823367000 	C:\WINDOWS\System32\win32u.dll
0x00007ff8240c0000 - 0x00007ff8240eb000 	C:\WINDOWS\System32\GDI32.dll
0x00007ff823370000 - 0x00007ff82349c000 	C:\WINDOWS\System32\gdi32full.dll
0x00007ff823530000 - 0x00007ff8235d3000 	C:\WINDOWS\System32\msvcp_win.dll
0x00007fffc7ae0000 - 0x00007fffc7afe000 	c:\Users\singh\.vscode\extensions\redhat.java-1.54.0-win32-x64\jre\21.0.10-win32-x86_64\bin\VCRUNTIME140.dll
0x00007ffff2fd0000 - 0x00007ffff3262000 	C:\WINDOWS\WinSxS\amd64_microsoft.windows.common-controls_6595b64144ccf1df_6.0.26100.8457_none_3e0b2faee331e92d\COMCTL32.dll
0x00007ff824870000 - 0x00007ff824919000 	C:\WINDOWS\System32\msvcrt.dll
0x00007ff8236e0000 - 0x00007ff823712000 	C:\WINDOWS\System32\IMM32.DLL
0x00007fffdbba0000 - 0x00007fffdbbac000 	c:\Users\singh\.vscode\extensions\redhat.java-1.54.0-win32-x64\jre\21.0.10-win32-x86_64\bin\vcruntime140_1.dll
0x00007fffa61c0000 - 0x00007fffa624d000 	c:\Users\singh\.vscode\extensions\redhat.java-1.54.0-win32-x64\jre\21.0.10-win32-x86_64\bin\msvcp140.dll
0x00007fff12970000 - 0x00007fff13711000 	c:\Users\singh\.vscode\extensions\redhat.java-1.54.0-win32-x64\jre\21.0.10-win32-x86_64\bin\server\jvm.dll
0x00007ff824000000 - 0x00007ff8240b6000 	C:\WINDOWS\System32\ADVAPI32.dll
0x00007ff823d60000 - 0x00007ff823e07000 	C:\WINDOWS\System32\sechost.dll
0x00007ff824100000 - 0x00007ff824218000 	C:\WINDOWS\System32\RPCRT4.dll
0x00007ff823e10000 - 0x00007ff823e90000 	C:\WINDOWS\System32\WS2_32.dll
0x00007ff8220f0000 - 0x00007ff82214e000 	C:\WINDOWS\SYSTEM32\POWRPROF.dll
0x00007ff81f470000 - 0x00007ff81f4a6000 	C:\WINDOWS\SYSTEM32\WINMM.dll
0x00007ff811930000 - 0x00007ff81193b000 	C:\WINDOWS\SYSTEM32\VERSION.dll
0x00007ff8220d0000 - 0x00007ff8220e4000 	C:\WINDOWS\SYSTEM32\UMPDC.dll
0x00007ff821020000 - 0x00007ff82103b000 	C:\WINDOWS\SYSTEM32\kernel.appcore.dll
0x00007fffca200000 - 0x00007fffca20a000 	c:\Users\singh\.vscode\extensions\redhat.java-1.54.0-win32-x64\jre\21.0.10-win32-x86_64\bin\jimage.dll
0x00007ff820280000 - 0x00007ff8204c2000 	C:\WINDOWS\SYSTEM32\DBGHELP.DLL
0x00007ff825490000 - 0x00007ff825813000 	C:\WINDOWS\System32\combase.dll
0x00007ff824220000 - 0x00007ff8242f9000 	C:\WINDOWS\System32\OLEAUT32.dll
0x00007fffff320000 - 0x00007fffff35b000 	C:\WINDOWS\SYSTEM32\dbgcore.DLL
0x00007ff823290000 - 0x00007ff823338000 	C:\WINDOWS\System32\bcryptPrimitives.dll
0x00007fffc7360000 - 0x00007fffc736f000 	c:\Users\singh\.vscode\extensions\redhat.java-1.54.0-win32-x64\jre\21.0.10-win32-x86_64\bin\instrument.dll
0x00007fffc7340000 - 0x00007fffc7360000 	c:\Users\singh\.vscode\extensions\redhat.java-1.54.0-win32-x64\jre\21.0.10-win32-x86_64\bin\java.dll
0x00007ff824d00000 - 0x00007ff82546e000 	C:\WINDOWS\System32\SHELL32.dll
0x00007ff822690000 - 0x00007ff822efc000 	C:\WINDOWS\System32\windows.storage.dll
0x00007ff8235e0000 - 0x00007ff8236d6000 	C:\WINDOWS\System32\SHCORE.dll
0x00007ff824a30000 - 0x00007ff824a96000 	C:\WINDOWS\System32\shlwapi.dll
0x00007ff8221b0000 - 0x00007ff8221d9000 	C:\WINDOWS\SYSTEM32\profapi.dll
0x00007fffc6160000 - 0x00007fffc6178000 	c:\Users\singh\.vscode\extensions\redhat.java-1.54.0-win32-x64\jre\21.0.10-win32-x86_64\bin\zip.dll
0x00007fffc7330000 - 0x00007fffc7340000 	C:\Users\singh\.vscode\extensions\redhat.java-1.54.0-win32-x64\jre\21.0.10-win32-x86_64\bin\net.dll
0x00007ff812890000 - 0x00007ff8129b9000 	C:\WINDOWS\SYSTEM32\WINHTTP.dll
0x00007ff821590000 - 0x00007ff8215fc000 	C:\WINDOWS\system32\mswsock.dll
0x00007fffbae50000 - 0x00007fffbae66000 	C:\Users\singh\.vscode\extensions\redhat.java-1.54.0-win32-x64\jre\21.0.10-win32-x86_64\bin\nio.dll
0x00007fffc6150000 - 0x00007fffc6160000 	c:\Users\singh\.vscode\extensions\redhat.java-1.54.0-win32-x64\jre\21.0.10-win32-x86_64\bin\verify.dll

JVMTI agents:
c:\Users\singh\.vscode\extensions\redhat.java-1.54.0-win32-x64\lombok\lombok-1.18.39-4050.jar path:c:\Users\singh\.vscode\extensions\redhat.java-1.54.0-win32-x64\jre\21.0.10-win32-x86_64\bin\instrument.dll, loaded, initialized, instrumentlib options:none

dbghelp: loaded successfully - version: 4.0.5 - missing functions: none
symbol engine: initialized successfully - sym options: 0x614 - pdb path: .;c:\Users\singh\.vscode\extensions\redhat.java-1.54.0-win32-x64\jre\21.0.10-win32-x86_64\bin;C:\WINDOWS\SYSTEM32;C:\WINDOWS\WinSxS\amd64_microsoft.windows.common-controls_6595b64144ccf1df_6.0.26100.8457_none_3e0b2faee331e92d;c:\Users\singh\.vscode\extensions\redhat.java-1.54.0-win32-x64\jre\21.0.10-win32-x86_64\bin\server

VM Arguments:
jvm_args: --add-modules=ALL-SYSTEM --add-opens=java.base/java.util=ALL-UNNAMED --add-opens=java.base/java.lang=ALL-UNNAMED --add-opens=java.base/sun.nio.fs=ALL-UNNAMED -Declipse.application=org.eclipse.jdt.ls.core.id1 -Dosgi.bundles.defaultStartLevel=4 -Declipse.product=org.eclipse.jdt.ls.core.product -Djava.import.generatesMetadataFilesAtProjectRoot=false -DDetectVMInstallationsJob.disabled=true -Dfile.encoding=utf8 -XX:+UseParallelGC -XX:GCTimeRatio=4 -XX:AdaptiveSizePolicyWeight=90 -Dsun.zip.disableMemoryMapping=true -Xmx2G -Xms100m -Xlog:disable -javaagent:c:\Users\singh\.vscode\extensions\redhat.java-1.54.0-win32-x64\lombok\lombok-1.18.39-4050.jar -XX:+HeapDumpOnOutOfMemoryError -XX:HeapDumpPath=c:\Users\singh\AppData\Roaming\Code\User\workspaceStorage\54be798e7d8331495c5742f3c17b01cf\redhat.java -Daether.dependencyCollector.impl=bf 
java_command: c:\Users\singh\.vscode\extensions\redhat.java-1.54.0-win32-x64\server\plugins\org.eclipse.equinox.launcher_1.7.100.v20251111-0406.jar -configuration c:\Users\singh\AppData\Roaming\Code\User\globalStorage\redhat.java\1.54.0\config_win -data c:\Users\singh\AppData\Roaming\Code\User\workspaceStorage\54be798e7d8331495c5742f3c17b01cf\redhat.java\jdt_ws --pipe=\\.\pipe\lsp-7c390bfc4e385422ab04c35eae14ed00-sock
java_class_path (initial): c:\Users\singh\.vscode\extensions\redhat.java-1.54.0-win32-x64\server\plugins\org.eclipse.equinox.launcher_1.7.100.v20251111-0406.jar
Launcher Type: SUN_STANDARD

[Global flags]
    uintx AdaptiveSizePolicyWeight                 = 90                                        {product} {command line}
     intx CICompilerCount                          = 4                                         {product} {ergonomic}
    uintx GCTimeRatio                              = 4                                         {product} {command line}
     bool HeapDumpOnOutOfMemoryError               = true                                   {manageable} {command line}
    ccstr HeapDumpPath                             = c:\Users\singh\AppData\Roaming\Code\User\workspaceStorage\54be798e7d8331495c5742f3c17b01cf\redhat.java         {manageable} {command line}
   size_t InitialHeapSize                          = 104857600                                 {product} {command line}
   size_t MaxHeapSize                              = 2147483648                                {product} {command line}
   size_t MaxNewSize                               = 715653120                                 {product} {ergonomic}
   size_t MinHeapDeltaBytes                        = 524288                                    {product} {ergonomic}
   size_t MinHeapSize                              = 104857600                                 {product} {command line}
   size_t NewSize                                  = 34603008                                  {product} {ergonomic}
    uintx NonNMethodCodeHeapSize                   = 5839372                                {pd product} {ergonomic}
    uintx NonProfiledCodeHeapSize                  = 122909434                              {pd product} {ergonomic}
   size_t OldSize                                  = 70254592                                  {product} {ergonomic}
    uintx ProfiledCodeHeapSize                     = 122909434                              {pd product} {ergonomic}
    uintx ReservedCodeCacheSize                    = 251658240                              {pd product} {ergonomic}
     bool SegmentedCodeCache                       = true                                      {product} {ergonomic}
   size_t SoftMaxHeapSize                          = 2147483648                             {manageable} {ergonomic}
     bool UseCompressedOops                        = true                           {product lp64_product} {ergonomic}
     bool UseLargePagesIndividualAllocation        = false                                  {pd product} {ergonomic}
     bool UseParallelGC                            = true                                      {product} {command line}

Logging:
Log output configuration:
 #0: stdout all=off uptime,level,tags foldmultilines=false
 #1: stderr all=off uptime,level,tags foldmultilines=false

Release file:
JAVA_VERSION="21.0.10" 
MODULES="java.base java.compiler java.datatransfer java.xml java.prefs java.desktop java.instrument java.logging java.management java.security.sasl java.naming java.rmi java.management.rmi java.net.http java.scripting java.security.jgss java.transaction.xa java.sql java.sql.rowset java.xml.crypto java.se java.smartcardio jdk.accessibility jdk.internal.jvmstat jdk.attach jdk.charsets jdk.internal.opt jdk.zipfs jdk.compiler jdk.crypto.ec jdk.crypto.cryptoki jdk.crypto.mscapi jdk.dynalink jdk.internal.ed jdk.editpad jdk.hotspot.agent jdk.httpserver jdk.internal.le jdk.internal.vm.ci jdk.internal.vm.compiler jdk.internal.vm.compiler.management jdk.jartool jdk.javadoc jdk.jcmd jdk.management jdk.management.agent jdk.jconsole jdk.jdeps jdk.jdwp.agent jdk.jdi jdk.jfr jdk.jshell jdk.jsobject jdk.jstatd jdk.localedata jdk.management.jfr jdk.naming.dns jdk.naming.rmi jdk.net jdk.nio.mapmode jdk.random jdk.sctp jdk.security.auth jdk.security.jgss jdk.unsupported jdk.unsupported.desktop jdk.xml.dom" 

Environment Variables:
JAVA_HOME=C:\Users\singh\AppData\Local\Programs\Eclipse Adoptium\jdk-17.0.11.9-hotspot\
PATH=D:\SQL\dbhomeXE\bin;C:\Program Files\Python310\Scripts\;C:\Program Files\Python310\;C:\Program Files\Microsoft\jdk-17.0.13.11-hotspot\bin;C:\Program Files\Eclipse Adoptium\jdk-21.0.3.9-hotspot\bin;C:\WINDOWS\system32;C:\WINDOWS;C:\WINDOWS\System32\Wbem;C:\WINDOWS\System32\WindowsPowerShell\v1.0\;C:\WINDOWS\System32\OpenSSH\;C:\MinGW\bin;C:\Program Files\Microsoft SQL Server\Client SDK\ODBC\170\Tools\Binn\;C:\Program Files (x86)\Microsoft SQL Server\150\Tools\Binn\;C:\Program Files\Microsoft SQL Server\150\Tools\Binn\;C:\Program Files\Microsoft SQL Server\150\DTS\Binn\;C:\Program Files (x86)\Windows Kits\8.1\Windows Performance Toolkit\;C:\Program Files\dotnet\;C:\Program Files\Git\cmd;C:\ProgramData\chocolatey\bin;C:\Program Files\nodejs\;C:\Program Files\Maven\apache-maven-3.9.15\bin;;C:\Program Files\Docker\Docker\resources\bin;C:\Program Files\MySQL\MySQL Shell 8.0\bin\;C:\Users\singh\AppData\Local\Programs\Python\Python313\Scripts\;C:\Users\singh\AppData\Local\Programs\Python\Python313\;C:\Users\singh\AppData\Local\Programs\Python\Launcher\;C:\Users\singh\AppData\Local\Programs\Eclipse Adoptium\jdk-17.0.11.9-hotspot\bin;C:\Users\singh\AppData\Local\Microsoft\WindowsApps;C:\Users\singh\AppData\Local\Programs\Microsoft VS Code\bin;C:\Users\singh\AppData\Roaming\npm;D:\Antigravity\Antigravity\bin
USERNAME=singh
OS=Windows_NT
PROCESSOR_IDENTIFIER=Intel64 Family 6 Model 186 Stepping 3, GenuineIntel
TMP=D:\Temp
TEMP=D:\Temp\Temp




Periodic native trim disabled

---------------  S Y S T E M  ---------------

OS:
 Windows 11 , 64 bit Build 26100 (10.0.26100.8328)
OS uptime: 0 days 0:16 hours
Hyper-V role detected

CPU: total 12 (initial active 12) (6 cores per cpu, 2 threads per core) family 6 model 186 stepping 3 microcode 0x4128, cx8, cmov, fxsr, ht, mmx, 3dnowpref, sse, sse2, sse3, ssse3, sse4.1, sse4.2, popcnt, lzcnt, tsc, tscinvbit, avx, avx2, aes, erms, clmul, bmi1, bmi2, adx, sha, fma, vzeroupper, clflush, clflushopt, clwb, hv, serialize, rdtscp, rdpid, fsrm, f16c, cet_ibt, cet_ss
Processor Information for processor 0
  Max Mhz: 1700, Current Mhz: 1700, Mhz Limit: 1700
Processor Information for processor 1
  Max Mhz: 1700, Current Mhz: 1700, Mhz Limit: 1700
Processor Information for processor 2
  Max Mhz: 1700, Current Mhz: 1700, Mhz Limit: 1700
Processor Information for processor 3
  Max Mhz: 1700, Current Mhz: 1700, Mhz Limit: 1700
Processor Information for processor 4
  Max Mhz: 1700, Current Mhz: 1200, Mhz Limit: 1190
Processor Information for processor 5
  Max Mhz: 1700, Current Mhz: 1200, Mhz Limit: 1190
Processor Information for processor 6
  Max Mhz: 1700, Current Mhz: 1200, Mhz Limit: 1190
Processor Information for processor 7
  Max Mhz: 1700, Current Mhz: 1200, Mhz Limit: 1190
Processor Information for processor 8
  Max Mhz: 1700, Current Mhz: 1200, Mhz Limit: 1190
Processor Information for processor 9
  Max Mhz: 1700, Current Mhz: 1200, Mhz Limit: 1190
Processor Information for processor 10
  Max Mhz: 1700, Current Mhz: 1200, Mhz Limit: 1190
Processor Information for processor 11
  Max Mhz: 1700, Current Mhz: 1200, Mhz Limit: 1190

Memory: 4k page, system-wide physical 16095M (1270M free)
TotalPageFile size 23195M (AvailPageFile size 0M)
current process WorkingSet (physical memory assigned to process): 71M, peak: 71M
current process commit charge ("private bytes"): 241M, peak: 242M

vm_info: OpenJDK 64-Bit Server VM (21.0.10+7-LTS) for windows-amd64 JRE (21.0.10+7-LTS), built on 2026-01-20T00:00:00Z by "admin" with MS VC++ 17.12 (VS2022)

END.
