#
# There is insufficient memory for the Java Runtime Environment to continue.
# Native memory allocation (malloc) failed to allocate 1692496 bytes. Error detail: Chunk::new
# Possible reasons:
#   The system is out of physical RAM or swap space
#   This process is running with CompressedOops enabled, and the Java Heap may be blocking the growth of the native heap
# Possible solutions:
#   Reduce memory load on the system
#   Increase physical memory or swap space
#   Check if swap backing store is full
#   Decrease Java heap size (-Xmx/-Xms)
#   Decrease number of Java threads
#   Decrease Java thread stack sizes (-Xss)
#   Set larger code cache with -XX:ReservedCodeCacheSize=
#   JVM is running with Unscaled Compressed Oops mode in which the Java heap is
#     placed in the first 4GB address space. The Java Heap base address is the
#     maximum limit for the native heap growth. Please use -XX:HeapBaseMinAddress
#     to set the Java Heap base and to place the Java Heap above 4GB virtual address.
# This output file may be truncated or incomplete.
#
#  Out of Memory Error (arena.cpp:168), pid=10028, tid=29600
#
# JRE version: OpenJDK Runtime Environment Temurin-21.0.10+7 (21.0.10+7) (build 21.0.10+7-LTS)
# Java VM: OpenJDK 64-Bit Server VM Temurin-21.0.10+7 (21.0.10+7-LTS, mixed mode, sharing, tiered, compressed oops, compressed class ptrs, parallel gc, windows-amd64)
# No core dump will be written. Minidumps are not enabled by default on client versions of Windows
#

---------------  S U M M A R Y ------------

Command Line: --add-modules=ALL-SYSTEM --add-opens=java.base/java.util=ALL-UNNAMED --add-opens=java.base/java.lang=ALL-UNNAMED --add-opens=java.base/sun.nio.fs=ALL-UNNAMED -Declipse.application=org.eclipse.jdt.ls.core.id1 -Dosgi.bundles.defaultStartLevel=4 -Declipse.product=org.eclipse.jdt.ls.core.product -Djava.import.generatesMetadataFilesAtProjectRoot=false -DDetectVMInstallationsJob.disabled=true -Dfile.encoding=utf8 -XX:+UseParallelGC -XX:GCTimeRatio=4 -XX:AdaptiveSizePolicyWeight=90 -Dsun.zip.disableMemoryMapping=true -Xmx2G -Xms100m -Xlog:disable -javaagent:c:\Users\singh\.vscode\extensions\redhat.java-1.54.0-win32-x64\lombok\lombok-1.18.39-4050.jar c:\Users\singh\.vscode\extensions\redhat.java-1.54.0-win32-x64\server\plugins\org.eclipse.equinox.launcher_1.7.100.v20251111-0406.jar -configuration c:\Users\singh\AppData\Roaming\Code\User\globalStorage\redhat.java\1.54.0\config_ss_win -data c:\Users\singh\AppData\Roaming\Code\User\workspaceStorage\54be798e7d8331495c5742f3c17b01cf\redhat.java\ss_ws --pipe=\\.\pipe\lsp-0f137cc7db22b0b094b1c936ca2a477a-sock

Host: 13th Gen Intel(R) Core(TM) i7-1355U, 12 cores, 15G,  Windows 11 , 64 bit Build 26100 (10.0.26100.8328)
Time: Mon May 25 17:08:05 2026 India Standard Time elapsed time: 5.972208 seconds (0d 0h 0m 5s)

---------------  T H R E A D  ---------------

Current thread (0x000002096e53c040):  JavaThread "C2 CompilerThread0" daemon [_thread_in_native, id=29600, stack(0x00000037e6b00000,0x00000037e6c00000) (1024K)]


Current CompileTask:
C2:5972 2729       4       org.lombokweb.asm.ClassReader::readMethod (1070 bytes)

Stack: [0x00000037e6b00000,0x00000037e6c00000]
Native frames: (J=compiled Java code, j=interpreted, Vv=VM code, C=native code)
V  [jvm.dll+0x6d7a39]
V  [jvm.dll+0x8b4b26]
V  [jvm.dll+0x8b70de]
V  [jvm.dll+0x8b77c3]
V  [jvm.dll+0x284346]
V  [jvm.dll+0xc66ed]
V  [jvm.dll+0xc6c31]
V  [jvm.dll+0x3bec01]
V  [jvm.dll+0x1e3f69]
V  [jvm.dll+0x24c6b3]
V  [jvm.dll+0x24bb40]
V  [jvm.dll+0x1cb34e]
V  [jvm.dll+0x25b85d]
V  [jvm.dll+0x259dea]
V  [jvm.dll+0x3f857e]
V  [jvm.dll+0x85f59d]
V  [jvm.dll+0x6d626d]
C  [ucrtbase.dll+0x37b0]
C  [KERNEL32.DLL+0x2e957]
C  [ntdll.dll+0x427c]


---------------  P R O C E S S  ---------------

Threads class SMR info:
_java_thread_list=0x0000020974533d60, length=21, elements={
0x00000209567e87e0, 0x000002095677c460, 0x000002095677e940, 0x0000020956784fb0,
0x0000020956787080, 0x0000020956785cd0, 0x0000020956785640, 0x000002096e53c040,
0x000002096e557e60, 0x0000020956786360, 0x00000209567869f0, 0x0000020956787710,
0x0000020956787da0, 0x0000020956784920, 0x00000209741fc0e0, 0x00000209741feed0,
0x00000209741fba50, 0x00000209741ff560, 0x00000209741fc770, 0x000002096e5599a0,
0x000002096e558c00
}

Java Threads: ( => current thread )
  0x00000209567e87e0 JavaThread "main"                              [_thread_blocked, id=8888, stack(0x00000037e6100000,0x00000037e6200000) (1024K)]
  0x000002095677c460 JavaThread "Reference Handler"          daemon [_thread_blocked, id=23748, stack(0x00000037e6500000,0x00000037e6600000) (1024K)]
  0x000002095677e940 JavaThread "Finalizer"                  daemon [_thread_blocked, id=16880, stack(0x00000037e6600000,0x00000037e6700000) (1024K)]
  0x0000020956784fb0 JavaThread "Signal Dispatcher"          daemon [_thread_blocked, id=26668, stack(0x00000037e6700000,0x00000037e6800000) (1024K)]
  0x0000020956787080 JavaThread "Attach Listener"            daemon [_thread_blocked, id=12504, stack(0x00000037e6800000,0x00000037e6900000) (1024K)]
  0x0000020956785cd0 JavaThread "Service Thread"             daemon [_thread_blocked, id=17084, stack(0x00000037e6900000,0x00000037e6a00000) (1024K)]
  0x0000020956785640 JavaThread "Monitor Deflation Thread"   daemon [_thread_blocked, id=27024, stack(0x00000037e6a00000,0x00000037e6b00000) (1024K)]
=>0x000002096e53c040 JavaThread "C2 CompilerThread0"         daemon [_thread_in_native, id=29600, stack(0x00000037e6b00000,0x00000037e6c00000) (1024K)]
  0x000002096e557e60 JavaThread "C1 CompilerThread0"         daemon [_thread_blocked, id=28736, stack(0x00000037e6c00000,0x00000037e6d00000) (1024K)]
  0x0000020956786360 JavaThread "Common-Cleaner"             daemon [_thread_blocked, id=29084, stack(0x00000037e6e00000,0x00000037e6f00000) (1024K)]
  0x00000209567869f0 JavaThread "Notification Thread"        daemon [_thread_blocked, id=23148, stack(0x00000037e6d00000,0x00000037e6e00000) (1024K)]
  0x0000020956787710 JavaThread "Active Thread: Equinox Container: a8ae6068-c558-4745-9598-36a3e1c8074a"        [_thread_blocked, id=29140, stack(0x00000037e7700000,0x00000037e7800000) (1024K)]
  0x0000020956787da0 JavaThread "Framework Event Dispatcher: Equinox Container: a8ae6068-c558-4745-9598-36a3e1c8074a" daemon [_thread_blocked, id=27964, stack(0x00000037e7800000,0x00000037e7900000) (1024K)]
  0x0000020956784920 JavaThread "Start Level: Equinox Container: a8ae6068-c558-4745-9598-36a3e1c8074a" daemon [_thread_in_vm, id=25760, stack(0x00000037e7900000,0x00000037e7a00000) (1024K)]
  0x00000209741fc0e0 JavaThread "SCR Component Actor"        daemon [_thread_blocked, id=26712, stack(0x00000037e7b00000,0x00000037e7c00000) (1024K)]
  0x00000209741feed0 JavaThread "Worker-JM"                         [_thread_blocked, id=4748, stack(0x00000037e7c00000,0x00000037e7d00000) (1024K)]
  0x00000209741fba50 JavaThread "JNA Cleaner"                daemon [_thread_blocked, id=14148, stack(0x00000037e6f00000,0x00000037e7000000) (1024K)]
  0x00000209741ff560 JavaThread "Worker-0"                          [_thread_blocked, id=28192, stack(0x00000037e7000000,0x00000037e7100000) (1024K)]
  0x00000209741fc770 JavaThread "Worker-1"                          [_thread_blocked, id=18180, stack(0x00000037e7f00000,0x00000037e8000000) (1024K)]
  0x000002096e5599a0 JavaThread "C2 CompilerThread1"         daemon [_thread_blocked, id=16064, stack(0x00000037e8000000,0x00000037e8100000) (1024K)]
  0x000002096e558c00 JavaThread "C2 CompilerThread2"         daemon [_thread_blocked, id=24152, stack(0x00000037e8100000,0x00000037e8200000) (1024K)]
Total: 21

Other Threads:
  0x0000020956889990 VMThread "VM Thread"                           [id=27796, stack(0x00000037e6400000,0x00000037e6500000) (1024K)]
  0x000002095666ca00 WatcherThread "VM Periodic Task Thread"        [id=6200, stack(0x00000037e6300000,0x00000037e6400000) (1024K)]
  0x0000020956808240 WorkerThread "GC Thread#0"                     [id=20208, stack(0x00000037e6200000,0x00000037e6300000) (1024K)]
  0x000002096f847ae0 WorkerThread "GC Thread#1"                     [id=19092, stack(0x00000037e7100000,0x00000037e7200000) (1024K)]
  0x00000209741b26c0 WorkerThread "GC Thread#2"                     [id=29540, stack(0x00000037e7200000,0x00000037e7300000) (1024K)]
  0x00000209741fb650 WorkerThread "GC Thread#3"                     [id=27728, stack(0x00000037e7300000,0x00000037e7400000) (1024K)]
  0x000002096fbefc60 WorkerThread "GC Thread#4"                     [id=29264, stack(0x00000037e7400000,0x00000037e7500000) (1024K)]
  0x000002096fbf0010 WorkerThread "GC Thread#5"                     [id=28776, stack(0x00000037e7500000,0x00000037e7600000) (1024K)]
  0x000002096fbef150 WorkerThread "GC Thread#6"                     [id=29676, stack(0x00000037e7600000,0x00000037e7700000) (1024K)]
  0x000002096fbef8b0 WorkerThread "GC Thread#7"                     [id=1900, stack(0x00000037e7a00000,0x00000037e7b00000) (1024K)]
  0x00000209740fb040 WorkerThread "GC Thread#8"                     [id=27320, stack(0x00000037e7d00000,0x00000037e7e00000) (1024K)]
  0x00000209740fb3f0 WorkerThread "GC Thread#9"                     [id=26412, stack(0x00000037e7e00000,0x00000037e7f00000) (1024K)]
Total: 12

Threads with active compile tasks:
C2 CompilerThread0  6006 2729       4       org.lombokweb.asm.ClassReader::readMethod (1070 bytes)
Total: 1

VM state: not at safepoint (normal execution)

VM Mutex/Monitor currently owned by a thread: None

Heap address: 0x0000000080000000, size: 2048 MB, Compressed Oops mode: 32-bit

CDS archive(s) mapped at: [0x0000020900000000-0x0000020900ba0000-0x0000020900ba0000), size 12189696, SharedBaseAddress: 0x0000020900000000, ArchiveRelocationMode: 1.
Compressed class space mapped at: 0x0000020901000000-0x0000020941000000, reserved size: 1073741824
Narrow klass base: 0x0000020900000000, Narrow klass shift: 0, Narrow klass range: 0x100000000

GC Precious Log:
 CardTable entry size: 512
 CPUs: 12 total, 12 available
 Memory: 16095M
 Large Page Support: Disabled
 NUMA Support: Disabled
 Compressed Oops: Enabled (32-bit)
 Alignments: Space 512K, Generation 512K, Heap 2M
 Heap Min Capacity: 100M
 Heap Initial Capacity: 100M
 Heap Max Capacity: 2G
 Pre-touch: Disabled
 Parallel Workers: 10

Heap:
 PSYoungGen      total 27648K, used 10236K [0x00000000d5580000, 0x00000000d7480000, 0x0000000100000000)
  eden space 24576K, 30% used [0x00000000d5580000,0x00000000d5ce45d8,0x00000000d6d80000)
  from space 3072K, 86% used [0x00000000d6e00000,0x00000000d709aa50,0x00000000d7100000)
  to   space 3584K, 0% used [0x00000000d7100000,0x00000000d7100000,0x00000000d7480000)
 ParOldGen       total 68608K, used 8889K [0x0000000080000000, 0x0000000084300000, 0x00000000d5580000)
  object space 68608K, 12% used [0x0000000080000000,0x00000000808ae690,0x0000000084300000)
 Metaspace       used 24297K, committed 25024K, reserved 1114112K
  class space    used 2349K, committed 2688K, reserved 1048576K

Card table byte_map: [0x0000020956180000,0x0000020956590000] _byte_map_base: 0x0000020955d80000

Marking Bits: (ParMarkBitMap*) 0x00007fff13633450
 Begin Bits: [0x0000020968c90000, 0x000002096ac90000)
 End Bits:   [0x000002096ac90000, 0x000002096cc90000)

Polling page: 0x0000020954630000

Metaspace:

Usage:
  Non-class:     21.43 MB used.
      Class:      2.29 MB used.
       Both:     23.73 MB used.

Virtual space:
  Non-class space:       64.00 MB reserved,      21.88 MB ( 34%) committed,  1 nodes.
      Class space:        1.00 GB reserved,       2.62 MB ( <1%) committed,  1 nodes.
             Both:        1.06 GB reserved,      24.50 MB (  2%) committed. 

Chunk freelists:
   Non-Class:  9.69 MB
       Class:  13.34 MB
        Both:  23.02 MB

MaxMetaspaceSize: unlimited
CompressedClassSpaceSize: 1.00 GB
Initial GC threshold: 21.00 MB
Current GC threshold: 35.00 MB
CDS: on
 - commit_granule_bytes: 65536.
 - commit_granule_words: 8192.
 - virtual_space_node_default_size: 8388608.
 - enlarge_chunks_in_place: 1.
 - use_allocation_guard: 0.


Internal statistics:

num_allocs_failed_limit: 3.
num_arena_births: 518.
num_arena_deaths: 14.
num_vsnodes_births: 2.
num_vsnodes_deaths: 0.
num_space_committed: 392.
num_space_uncommitted: 0.
num_chunks_returned_to_freelist: 17.
num_chunks_taken_from_freelist: 1432.
num_chunk_merges: 6.
num_chunk_splits: 936.
num_chunks_enlarged: 611.
num_inconsistent_stats: 0.

CodeHeap 'non-profiled nmethods': size=120000Kb used=1333Kb max_used=1333Kb free=118666Kb
 bounds [0x00000209614b0000, 0x0000020961720000, 0x00000209689e0000]
CodeHeap 'profiled nmethods': size=120000Kb used=5883Kb max_used=5883Kb free=114116Kb
 bounds [0x00000209599e0000, 0x0000020959fa0000, 0x0000020960f10000]
CodeHeap 'non-nmethods': size=5760Kb used=1328Kb max_used=1344Kb free=4432Kb
 bounds [0x0000020960f10000, 0x0000020961180000, 0x00000209614b0000]
CodeCache: size=245760Kb, used=8544Kb, max_used=8560Kb, free=237214Kb
 total_blobs=3626, nmethods=3013, adapters=519, full_count=0
Compilation: enabled, stopped_count=0, restarted_count=0

Compilation events (20 events):
Event: 5.953 Thread 0x000002096e5599a0 nmethod 2999 0x00000209615fa910 code [0x00000209615faaa0, 0x00000209615faba0]
Event: 5.958 Thread 0x000002096e557e60 nmethod 3000 0x0000020959f92b10 code [0x0000020959f93300, 0x0000020959f98190]
Event: 5.958 Thread 0x000002096e557e60 3003       3       org.eclipse.core.runtime.Assert::isTrue (20 bytes)
Event: 5.959 Thread 0x000002096e557e60 nmethod 3003 0x0000020959f9a090 code [0x0000020959f9a260, 0x0000020959f9a4d0]
Event: 5.959 Thread 0x000002096e557e60 3004       3       org.eclipse.core.runtime.Assert::isTrue (7 bytes)
Event: 5.960 Thread 0x000002096e557e60 nmethod 3004 0x0000020959f9a610 code [0x0000020959f9a7e0, 0x0000020959f9aab8]
Event: 5.960 Thread 0x000002096e557e60 3002       1       org.eclipse.jface.text.templates.TemplateVariableResolver::getType (5 bytes)
Event: 5.960 Thread 0x000002096e557e60 nmethod 3002 0x00000209615fac90 code [0x00000209615fae20, 0x00000209615faee8]
Event: 5.960 Thread 0x000002096e557e60 2998       3       java.lang.invoke.MethodHandle::bindArgumentL (10 bytes)
Event: 5.960 Thread 0x000002096e557e60 nmethod 2998 0x0000020959f9ac10 code [0x0000020959f9ae20, 0x0000020959f9b468]
Event: 5.960 Thread 0x000002096e557e60 2997       3       java.lang.invoke.MethodType::leadingReferenceParameter (30 bytes)
Event: 5.961 Thread 0x000002096e557e60 nmethod 2997 0x0000020959f9b710 code [0x0000020959f9b8e0, 0x0000020959f9bbc0]
Event: 5.961 Thread 0x000002096e557e60 3001       3       java.lang.invoke.MethodHandleImpl::getConstantHandle (21 bytes)
Event: 5.961 Thread 0x000002096e557e60 nmethod 3001 0x0000020959f9bd10 code [0x0000020959f9bf00, 0x0000020959f9c3f8]
Event: 5.964 Thread 0x000002096e557e60 3005       1       java.lang.invoke.MethodHandle::internalForm (5 bytes)
Event: 5.964 Thread 0x000002096e557e60 nmethod 3005 0x00000209615faf90 code [0x00000209615fb120, 0x00000209615fb1e8]
Event: 5.965 Thread 0x000002096e557e60 3007       3       java.util.Arrays::fill (21 bytes)
Event: 5.965 Thread 0x000002096e558c00 3006       4       jdk.internal.misc.Unsafe::putIntUnaligned (14 bytes)
Event: 5.966 Thread 0x000002096e557e60 nmethod 3007 0x0000020959f9c590 code [0x0000020959f9c740, 0x0000020959f9c8d8]
Event: 5.966 Thread 0x000002096e558c00 nmethod 3006 0x00000209615fb290 code [0x00000209615fb420, 0x00000209615fb4d8]

GC Heap History (16 events):
Event: 1.254 GC heap before
{Heap before GC invocations=1 (full 0):
 PSYoungGen      total 29696K, used 25600K [0x00000000d5580000, 0x00000000d7680000, 0x0000000100000000)
  eden space 25600K, 100% used [0x00000000d5580000,0x00000000d6e80000,0x00000000d6e80000)
  from space 4096K, 0% used [0x00000000d7280000,0x00000000d7280000,0x00000000d7680000)
  to   space 4096K, 0% used [0x00000000d6e80000,0x00000000d6e80000,0x00000000d7280000)
 ParOldGen       total 68608K, used 0K [0x0000000080000000, 0x0000000084300000, 0x00000000d5580000)
  object space 68608K, 0% used [0x0000000080000000,0x0000000080000000,0x0000000084300000)
 Metaspace       used 4320K, committed 4608K, reserved 1114112K
  class space    used 473K, committed 576K, reserved 1048576K
}
Event: 1.261 GC heap after
{Heap after GC invocations=1 (full 0):
 PSYoungGen      total 29696K, used 3287K [0x00000000d5580000, 0x00000000d7680000, 0x0000000100000000)
  eden space 25600K, 0% used [0x00000000d5580000,0x00000000d5580000,0x00000000d6e80000)
  from space 4096K, 80% used [0x00000000d6e80000,0x00000000d71b5e88,0x00000000d7280000)
  to   space 4096K, 0% used [0x00000000d7280000,0x00000000d7280000,0x00000000d7680000)
 ParOldGen       total 68608K, used 16K [0x0000000080000000, 0x0000000084300000, 0x00000000d5580000)
  object space 68608K, 0% used [0x0000000080000000,0x0000000080004000,0x0000000084300000)
 Metaspace       used 4320K, committed 4608K, reserved 1114112K
  class space    used 473K, committed 576K, reserved 1048576K
}
Event: 2.108 GC heap before
{Heap before GC invocations=2 (full 0):
 PSYoungGen      total 29696K, used 28887K [0x00000000d5580000, 0x00000000d7680000, 0x0000000100000000)
  eden space 25600K, 100% used [0x00000000d5580000,0x00000000d6e80000,0x00000000d6e80000)
  from space 4096K, 80% used [0x00000000d6e80000,0x00000000d71b5e88,0x00000000d7280000)
  to   space 4096K, 0% used [0x00000000d7280000,0x00000000d7280000,0x00000000d7680000)
 ParOldGen       total 68608K, used 16K [0x0000000080000000, 0x0000000084300000, 0x00000000d5580000)
  object space 68608K, 0% used [0x0000000080000000,0x0000000080004000,0x0000000084300000)
 Metaspace       used 8144K, committed 8448K, reserved 1114112K
  class space    used 868K, committed 1024K, reserved 1048576K
}
Event: 2.115 GC heap after
{Heap after GC invocations=2 (full 0):
 PSYoungGen      total 29696K, used 4070K [0x00000000d5580000, 0x00000000d7680000, 0x0000000100000000)
  eden space 25600K, 0% used [0x00000000d5580000,0x00000000d5580000,0x00000000d6e80000)
  from space 4096K, 99% used [0x00000000d7280000,0x00000000d7679800,0x00000000d7680000)
  to   space 4096K, 0% used [0x00000000d6e80000,0x00000000d6e80000,0x00000000d7280000)
 ParOldGen       total 68608K, used 1175K [0x0000000080000000, 0x0000000084300000, 0x00000000d5580000)
  object space 68608K, 1% used [0x0000000080000000,0x0000000080125e60,0x0000000084300000)
 Metaspace       used 8144K, committed 8448K, reserved 1114112K
  class space    used 868K, committed 1024K, reserved 1048576K
}
Event: 2.870 GC heap before
{Heap before GC invocations=3 (full 0):
 PSYoungGen      total 29696K, used 29670K [0x00000000d5580000, 0x00000000d7680000, 0x0000000100000000)
  eden space 25600K, 100% used [0x00000000d5580000,0x00000000d6e80000,0x00000000d6e80000)
  from space 4096K, 99% used [0x00000000d7280000,0x00000000d7679800,0x00000000d7680000)
  to   space 4096K, 0% used [0x00000000d6e80000,0x00000000d6e80000,0x00000000d7280000)
 ParOldGen       total 68608K, used 1175K [0x0000000080000000, 0x0000000084300000, 0x00000000d5580000)
  object space 68608K, 1% used [0x0000000080000000,0x0000000080125e60,0x0000000084300000)
 Metaspace       used 12992K, committed 13568K, reserved 1114112K
  class space    used 1380K, committed 1664K, reserved 1048576K
}
Event: 2.877 GC heap after
{Heap after GC invocations=3 (full 0):
 PSYoungGen      total 29696K, used 4082K [0x00000000d5580000, 0x00000000d7680000, 0x0000000100000000)
  eden space 25600K, 0% used [0x00000000d5580000,0x00000000d5580000,0x00000000d6e80000)
  from space 4096K, 99% used [0x00000000d6e80000,0x00000000d727c860,0x00000000d7280000)
  to   space 4096K, 0% used [0x00000000d7280000,0x00000000d7280000,0x00000000d7680000)
 ParOldGen       total 68608K, used 2941K [0x0000000080000000, 0x0000000084300000, 0x00000000d5580000)
  object space 68608K, 4% used [0x0000000080000000,0x00000000802df758,0x0000000084300000)
 Metaspace       used 12992K, committed 13568K, reserved 1114112K
  class space    used 1380K, committed 1664K, reserved 1048576K
}
Event: 4.619 GC heap before
{Heap before GC invocations=4 (full 0):
 PSYoungGen      total 29696K, used 29646K [0x00000000d5580000, 0x00000000d7680000, 0x0000000100000000)
  eden space 25600K, 99% used [0x00000000d5580000,0x00000000d6e77350,0x00000000d6e80000)
  from space 4096K, 99% used [0x00000000d6e80000,0x00000000d727c860,0x00000000d7280000)
  to   space 4096K, 0% used [0x00000000d7280000,0x00000000d7280000,0x00000000d7680000)
 ParOldGen       total 68608K, used 2941K [0x0000000080000000, 0x0000000084300000, 0x00000000d5580000)
  object space 68608K, 4% used [0x0000000080000000,0x00000000802df758,0x0000000084300000)
 Metaspace       used 17074K, committed 17728K, reserved 1114112K
  class space    used 1802K, committed 2112K, reserved 1048576K
}
Event: 4.625 GC heap after
{Heap after GC invocations=4 (full 0):
 PSYoungGen      total 29696K, used 4089K [0x00000000d5580000, 0x00000000d7680000, 0x0000000100000000)
  eden space 25600K, 0% used [0x00000000d5580000,0x00000000d5580000,0x00000000d6e80000)
  from space 4096K, 99% used [0x00000000d7280000,0x00000000d767e458,0x00000000d7680000)
  to   space 4096K, 0% used [0x00000000d6e80000,0x00000000d6e80000,0x00000000d7280000)
 ParOldGen       total 68608K, used 4784K [0x0000000080000000, 0x0000000084300000, 0x00000000d5580000)
  object space 68608K, 6% used [0x0000000080000000,0x00000000804ac058,0x0000000084300000)
 Metaspace       used 17074K, committed 17728K, reserved 1114112K
  class space    used 1802K, committed 2112K, reserved 1048576K
}
Event: 5.085 GC heap before
{Heap before GC invocations=5 (full 0):
 PSYoungGen      total 29696K, used 29689K [0x00000000d5580000, 0x00000000d7680000, 0x0000000100000000)
  eden space 25600K, 100% used [0x00000000d5580000,0x00000000d6e80000,0x00000000d6e80000)
  from space 4096K, 99% used [0x00000000d7280000,0x00000000d767e458,0x00000000d7680000)
  to   space 4096K, 0% used [0x00000000d6e80000,0x00000000d6e80000,0x00000000d7280000)
 ParOldGen       total 68608K, used 4784K [0x0000000080000000, 0x0000000084300000, 0x00000000d5580000)
  object space 68608K, 6% used [0x0000000080000000,0x00000000804ac058,0x0000000084300000)
 Metaspace       used 20424K, committed 21120K, reserved 1114112K
  class space    used 2032K, committed 2368K, reserved 1048576K
}
Event: 5.090 GC heap after
{Heap after GC invocations=5 (full 0):
 PSYoungGen      total 29184K, used 4088K [0x00000000d5580000, 0x00000000d7800000, 0x0000000100000000)
  eden space 25088K, 0% used [0x00000000d5580000,0x00000000d5580000,0x00000000d6e00000)
  from space 4096K, 99% used [0x00000000d6e80000,0x00000000d727e2e8,0x00000000d7280000)
  to   space 5120K, 0% used [0x00000000d7300000,0x00000000d7300000,0x00000000d7800000)
 ParOldGen       total 68608K, used 4996K [0x0000000080000000, 0x0000000084300000, 0x00000000d5580000)
  object space 68608K, 7% used [0x0000000080000000,0x00000000804e1348,0x0000000084300000)
 Metaspace       used 20424K, committed 21120K, reserved 1114112K
  class space    used 2032K, committed 2368K, reserved 1048576K
}
Event: 5.165 GC heap before
{Heap before GC invocations=6 (full 0):
 PSYoungGen      total 29184K, used 10439K [0x00000000d5580000, 0x00000000d7800000, 0x0000000100000000)
  eden space 25088K, 25% used [0x00000000d5580000,0x00000000d5bb3ab0,0x00000000d6e00000)
  from space 4096K, 99% used [0x00000000d6e80000,0x00000000d727e2e8,0x00000000d7280000)
  to   space 5120K, 0% used [0x00000000d7300000,0x00000000d7300000,0x00000000d7800000)
 ParOldGen       total 68608K, used 4996K [0x0000000080000000, 0x0000000084300000, 0x00000000d5580000)
  object space 68608K, 7% used [0x0000000080000000,0x00000000804e1348,0x0000000084300000)
 Metaspace       used 20812K, committed 21504K, reserved 1114112K
  class space    used 2071K, committed 2368K, reserved 1048576K
}
Event: 5.170 GC heap after
{Heap after GC invocations=6 (full 0):
 PSYoungGen      total 30208K, used 4567K [0x00000000d5580000, 0x00000000d7800000, 0x0000000100000000)
  eden space 25088K, 0% used [0x00000000d5580000,0x00000000d5580000,0x00000000d6e00000)
  from space 5120K, 89% used [0x00000000d7300000,0x00000000d7775fb0,0x00000000d7800000)
  to   space 5120K, 0% used [0x00000000d6e00000,0x00000000d6e00000,0x00000000d7300000)
 ParOldGen       total 68608K, used 4996K [0x0000000080000000, 0x0000000084300000, 0x00000000d5580000)
  object space 68608K, 7% used [0x0000000080000000,0x00000000804e1348,0x0000000084300000)
 Metaspace       used 20812K, committed 21504K, reserved 1114112K
  class space    used 2071K, committed 2368K, reserved 1048576K
}
Event: 5.170 GC heap before
{Heap before GC invocations=7 (full 1):
 PSYoungGen      total 30208K, used 4567K [0x00000000d5580000, 0x00000000d7800000, 0x0000000100000000)
  eden space 25088K, 0% used [0x00000000d5580000,0x00000000d5580000,0x00000000d6e00000)
  from space 5120K, 89% used [0x00000000d7300000,0x00000000d7775fb0,0x00000000d7800000)
  to   space 5120K, 0% used [0x00000000d6e00000,0x00000000d6e00000,0x00000000d7300000)
 ParOldGen       total 68608K, used 4996K [0x0000000080000000, 0x0000000084300000, 0x00000000d5580000)
  object space 68608K, 7% used [0x0000000080000000,0x00000000804e1348,0x0000000084300000)
 Metaspace       used 20812K, committed 21504K, reserved 1114112K
  class space    used 2071K, committed 2368K, reserved 1048576K
}
Event: 5.203 GC heap after
{Heap after GC invocations=7 (full 1):
 PSYoungGen      total 30208K, used 0K [0x00000000d5580000, 0x00000000d7800000, 0x0000000100000000)
  eden space 25088K, 0% used [0x00000000d5580000,0x00000000d5580000,0x00000000d6e00000)
  from space 5120K, 0% used [0x00000000d7300000,0x00000000d7300000,0x00000000d7800000)
  to   space 5120K, 0% used [0x00000000d6e00000,0x00000000d6e00000,0x00000000d7300000)
 ParOldGen       total 68608K, used 8881K [0x0000000080000000, 0x0000000084300000, 0x00000000d5580000)
  object space 68608K, 12% used [0x0000000080000000,0x00000000808ac690,0x0000000084300000)
 Metaspace       used 20799K, committed 21504K, reserved 1114112K
  class space    used 2067K, committed 2368K, reserved 1048576K
}
Event: 5.683 GC heap before
{Heap before GC invocations=8 (full 1):
 PSYoungGen      total 30208K, used 25088K [0x00000000d5580000, 0x00000000d7800000, 0x0000000100000000)
  eden space 25088K, 100% used [0x00000000d5580000,0x00000000d6e00000,0x00000000d6e00000)
  from space 5120K, 0% used [0x00000000d7300000,0x00000000d7300000,0x00000000d7800000)
  to   space 5120K, 0% used [0x00000000d6e00000,0x00000000d6e00000,0x00000000d7300000)
 ParOldGen       total 68608K, used 8881K [0x0000000080000000, 0x0000000084300000, 0x00000000d5580000)
  object space 68608K, 12% used [0x0000000080000000,0x00000000808ac690,0x0000000084300000)
 Metaspace       used 23134K, committed 23872K, reserved 1114112K
  class space    used 2246K, committed 2560K, reserved 1048576K
}
Event: 5.686 GC heap after
{Heap after GC invocations=8 (full 1):
 PSYoungGen      total 27648K, used 2666K [0x00000000d5580000, 0x00000000d7480000, 0x0000000100000000)
  eden space 24576K, 0% used [0x00000000d5580000,0x00000000d5580000,0x00000000d6d80000)
  from space 3072K, 86% used [0x00000000d6e00000,0x00000000d709aa50,0x00000000d7100000)
  to   space 3584K, 0% used [0x00000000d7100000,0x00000000d7100000,0x00000000d7480000)
 ParOldGen       total 68608K, used 8889K [0x0000000080000000, 0x0000000084300000, 0x00000000d5580000)
  object space 68608K, 12% used [0x0000000080000000,0x00000000808ae690,0x0000000084300000)
 Metaspace       used 23134K, committed 23872K, reserved 1114112K
  class space    used 2246K, committed 2560K, reserved 1048576K
}

Dll operation events (10 events):
Event: 0.015 Loaded shared library c:\Users\singh\.vscode\extensions\redhat.java-1.54.0-win32-x64\jre\21.0.10-win32-x86_64\bin\java.dll
Event: 0.126 Loaded shared library c:\Users\singh\.vscode\extensions\redhat.java-1.54.0-win32-x64\jre\21.0.10-win32-x86_64\bin\zip.dll
Event: 0.162 Loaded shared library C:\Users\singh\.vscode\extensions\redhat.java-1.54.0-win32-x64\jre\21.0.10-win32-x86_64\bin\instrument.dll
Event: 0.169 Loaded shared library C:\Users\singh\.vscode\extensions\redhat.java-1.54.0-win32-x64\jre\21.0.10-win32-x86_64\bin\net.dll
Event: 0.177 Loaded shared library C:\Users\singh\.vscode\extensions\redhat.java-1.54.0-win32-x64\jre\21.0.10-win32-x86_64\bin\nio.dll
Event: 0.186 Loaded shared library C:\Users\singh\.vscode\extensions\redhat.java-1.54.0-win32-x64\jre\21.0.10-win32-x86_64\bin\zip.dll
Event: 0.225 Loaded shared library C:\Users\singh\.vscode\extensions\redhat.java-1.54.0-win32-x64\jre\21.0.10-win32-x86_64\bin\jimage.dll
Event: 0.382 Loaded shared library c:\Users\singh\.vscode\extensions\redhat.java-1.54.0-win32-x64\jre\21.0.10-win32-x86_64\bin\verify.dll
Event: 2.081 Loaded shared library C:\Users\singh\AppData\Roaming\Code\User\globalStorage\redhat.java\1.54.0\config_ss_win\org.eclipse.equinox.launcher\org.eclipse.equinox.launcher.win32.win32.x86_64_1.3.0.v20260203-2149\eclipse_11919.dll
Event: 4.116 Loaded shared library D:\Temp\jna-109441977\jna6627195372520758127.dll

Deoptimization events (20 events):
Event: 5.734 Thread 0x0000020956784920 Uncommon trap: trap_request=0xffffff45 fr.pc=0x00000209614e760c relative=0x000000000000006c
Event: 5.734 Thread 0x0000020956784920 Uncommon trap: reason=unstable_if action=reinterpret pc=0x00000209614e760c method=java.lang.AbstractStringBuilder.isLatin1()Z @ 10 c2
Event: 5.734 Thread 0x0000020956784920 DEOPT PACKING pc=0x00000209614e760c sp=0x00000037e79fe4b0
Event: 5.734 Thread 0x0000020956784920 DEOPT UNPACKING pc=0x0000020960f63aa2 sp=0x00000037e79fe440 mode 2
Event: 5.739 Thread 0x0000020956784920 Uncommon trap: trap_request=0xffffffc6 fr.pc=0x0000020961555170 relative=0x00000000000009f0
Event: 5.739 Thread 0x0000020956784920 Uncommon trap: reason=bimorphic_or_optimized_type_check action=maybe_recompile pc=0x0000020961555170 method=java.util.HashMap.putVal(ILjava/lang/Object;Ljava/lang/Object;ZZ)Ljava/lang/Object; @ 56 c2
Event: 5.739 Thread 0x0000020956784920 DEOPT PACKING pc=0x0000020961555170 sp=0x00000037e79fdc60
Event: 5.739 Thread 0x0000020956784920 DEOPT UNPACKING pc=0x0000020960f63aa2 sp=0x00000037e79fdbc8 mode 2
Event: 5.739 Thread 0x0000020956784920 Uncommon trap: trap_request=0xffffffc6 fr.pc=0x0000020961555170 relative=0x00000000000009f0
Event: 5.739 Thread 0x0000020956784920 Uncommon trap: reason=bimorphic_or_optimized_type_check action=maybe_recompile pc=0x0000020961555170 method=java.util.HashMap.putVal(ILjava/lang/Object;Ljava/lang/Object;ZZ)Ljava/lang/Object; @ 56 c2
Event: 5.739 Thread 0x0000020956784920 DEOPT PACKING pc=0x0000020961555170 sp=0x00000037e79fdc60
Event: 5.739 Thread 0x0000020956784920 DEOPT UNPACKING pc=0x0000020960f63aa2 sp=0x00000037e79fdbc8 mode 2
Event: 5.739 Thread 0x0000020956784920 Uncommon trap: trap_request=0xffffffc6 fr.pc=0x0000020961555170 relative=0x00000000000009f0
Event: 5.739 Thread 0x0000020956784920 Uncommon trap: reason=bimorphic_or_optimized_type_check action=maybe_recompile pc=0x0000020961555170 method=java.util.HashMap.putVal(ILjava/lang/Object;Ljava/lang/Object;ZZ)Ljava/lang/Object; @ 56 c2
Event: 5.739 Thread 0x0000020956784920 DEOPT PACKING pc=0x0000020961555170 sp=0x00000037e79fdc60
Event: 5.740 Thread 0x0000020956784920 DEOPT UNPACKING pc=0x0000020960f63aa2 sp=0x00000037e79fdbc8 mode 2
Event: 5.767 Thread 0x0000020956784920 Uncommon trap: trap_request=0xffffff45 fr.pc=0x00000209615da0e0 relative=0x0000000000000a60
Event: 5.767 Thread 0x0000020956784920 Uncommon trap: reason=unstable_if action=reinterpret pc=0x00000209615da0e0 method=java.util.regex.Pattern$BmpCharPropertyGreedy.match(Ljava/util/regex/Matcher;ILjava/lang/CharSequence;)Z @ 12 c2
Event: 5.767 Thread 0x0000020956784920 DEOPT PACKING pc=0x00000209615da0e0 sp=0x00000037e79fd830
Event: 5.767 Thread 0x0000020956784920 DEOPT UNPACKING pc=0x0000020960f63aa2 sp=0x00000037e79fd718 mode 2

Classes loaded (20 events):
Event: 5.819 Loading class java/util/UUID$Holder
Event: 5.819 Loading class java/util/UUID$Holder done
Event: 5.870 Loading class java/util/DualPivotQuicksort
Event: 5.871 Loading class java/util/DualPivotQuicksort done
Event: 5.879 Loading class java/lang/Character$UnicodeBlock
Event: 5.881 Loading class java/lang/Character$Subset
Event: 5.881 Loading class java/lang/Character$Subset done
Event: 5.881 Loading class java/lang/Character$UnicodeBlock done
Event: 5.896 Loading class java/lang/StringIndexOutOfBoundsException
Event: 5.896 Loading class java/lang/StringIndexOutOfBoundsException done
Event: 5.920 Loading class java/util/Hashtable$EntrySet
Event: 5.921 Loading class java/util/Hashtable$EntrySet done
Event: 5.943 Loading class java/util/ResourceBundle$ResourceBundleControlProviderHolder
Event: 5.943 Loading class java/util/ResourceBundle$ResourceBundleControlProviderHolder done
Event: 5.944 Loading class java/util/spi/ResourceBundleControlProvider
Event: 5.944 Loading class java/util/spi/ResourceBundleControlProvider done
Event: 5.945 Loading class java/util/ServiceLoader$ProviderSpliterator
Event: 5.945 Loading class java/util/ServiceLoader$ProviderSpliterator done
Event: 5.946 Loading class java/util/ResourceBundle$Control$2
Event: 5.947 Loading class java/util/ResourceBundle$Control$2 done

Classes unloaded (7 events):
Event: 5.177 Thread 0x0000020956889990 Unloading class 0x0000020901190c00 'java/lang/invoke/LambdaForm$MH+0x0000020901190c00'
Event: 5.177 Thread 0x0000020956889990 Unloading class 0x0000020901190800 'java/lang/invoke/LambdaForm$MH+0x0000020901190800'
Event: 5.177 Thread 0x0000020956889990 Unloading class 0x0000020901190400 'java/lang/invoke/LambdaForm$MH+0x0000020901190400'
Event: 5.177 Thread 0x0000020956889990 Unloading class 0x0000020901190000 'java/lang/invoke/LambdaForm$MH+0x0000020901190000'
Event: 5.177 Thread 0x0000020956889990 Unloading class 0x000002090118fc00 'java/lang/invoke/LambdaForm$BMH+0x000002090118fc00'
Event: 5.177 Thread 0x0000020956889990 Unloading class 0x000002090118f800 'java/lang/invoke/LambdaForm$DMH+0x000002090118f800'
Event: 5.177 Thread 0x0000020956889990 Unloading class 0x000002090118e400 'java/lang/invoke/LambdaForm$DMH+0x000002090118e400'

Classes redefined (0 events):
No events

Internal exceptions (20 events):
Event: 4.240 Thread 0x0000020956784920 Exception <a 'java/lang/NoSuchMethodError'{0x00000000d665e588}: 'int java.lang.invoke.DirectMethodHandle$Holder.invokeStaticInit(java.lang.Object, java.lang.Object, java.lang.Object)'> (0x00000000d665e588) 
thrown [s\src\hotspot\share\interpreter\linkResolver.cpp, line 773]
Event: 4.267 Thread 0x0000020956784920 Exception <a 'java/lang/IncompatibleClassChangeError'{0x00000000d66ed978}: Found class java.lang.Object, but interface was expected> (0x00000000d66ed978) 
thrown [s\src\hotspot\share\interpreter\linkResolver.cpp, line 840]
Event: 4.280 Thread 0x0000020956784920 Exception <a 'java/lang/NoSuchMethodError'{0x00000000d6700658}: 'java.lang.Object java.lang.invoke.DirectMethodHandle$Holder.invokeSpecial(java.lang.Object, java.lang.Object, java.lang.Object, int, java.lang.Object, java.lang.Object)'> (0x00000000d6700658) 
thrown [s\src\hotspot\share\interpreter\linkResolver.cpp, line 773]
Event: 4.281 Thread 0x0000020956784920 Exception <a 'java/lang/NoSuchMethodError'{0x00000000d6708130}: 'java.lang.Object java.lang.invoke.DirectMethodHandle$Holder.newInvokeSpecial(java.lang.Object, java.lang.Object, java.lang.Object, int, java.lang.Object)'> (0x00000000d6708130) 
thrown [s\src\hotspot\share\interpreter\linkResolver.cpp, line 773]
Event: 4.282 Thread 0x0000020956784920 Exception <a 'java/lang/NoSuchMethodError'{0x00000000d670c0b0}: 'java.lang.Object java.lang.invoke.DirectMethodHandle$Holder.invokeSpecial(java.lang.Object, java.lang.Object, java.lang.Object, java.lang.Object, int, java.lang.Object)'> (0x00000000d670c0b0) 
thrown [s\src\hotspot\share\interpreter\linkResolver.cpp, line 773]
Event: 4.282 Thread 0x0000020956784920 Exception <a 'java/lang/NoSuchMethodError'{0x00000000d670fbf0}: 'java.lang.Object java.lang.invoke.Invokers$Holder.linkToTargetMethod(java.lang.Object, java.lang.Object, int, java.lang.Object, java.lang.Object)'> (0x00000000d670fbf0) 
thrown [s\src\hotspot\share\interpreter\linkResolver.cpp, line 773]
Event: 4.283 Thread 0x00000209741ff560 Exception <a 'java/lang/NoSuchMethodError'{0x00000000d66298c0}: 'java.lang.Object java.lang.invoke.DirectMethodHandle$Holder.invokeSpecial(java.lang.Object, java.lang.Object, int, java.lang.Object, java.lang.Object)'> (0x00000000d66298c0) 
thrown [s\src\hotspot\share\interpreter\linkResolver.cpp, line 773]
Event: 4.284 Thread 0x00000209741ff560 Exception <a 'java/lang/NoSuchMethodError'{0x00000000d66305f8}: 'java.lang.Object java.lang.invoke.DirectMethodHandle$Holder.newInvokeSpecial(java.lang.Object, java.lang.Object, int, java.lang.Object)'> (0x00000000d66305f8) 
thrown [s\src\hotspot\share\interpreter\linkResolver.cpp, line 773]
Event: 4.285 Thread 0x00000209741ff560 Exception <a 'java/lang/NoSuchMethodError'{0x00000000d6633ed8}: 'java.lang.Object java.lang.invoke.DirectMethodHandle$Holder.invokeSpecial(java.lang.Object, java.lang.Object, java.lang.Object, int, java.lang.Object)'> (0x00000000d6633ed8) 
thrown [s\src\hotspot\share\interpreter\linkResolver.cpp, line 773]
Event: 4.317 Thread 0x0000020956784920 Exception <a 'java/lang/NoSuchMethodError'{0x00000000d682e008}: 'void java.lang.invoke.DirectMethodHandle$Holder.invokeSpecial(java.lang.Object, java.lang.Object, java.lang.Object, java.lang.Object, java.lang.Object)'> (0x00000000d682e008) 
thrown [s\src\hotspot\share\interpreter\linkResolver.cpp, line 773]
Event: 4.466 Thread 0x0000020956784920 Exception <a 'java/lang/NoSuchMethodError'{0x00000000d6b205c8}: 'double java.lang.invoke.DirectMethodHandle$Holder.invokeStatic(java.lang.Object, java.lang.Object)'> (0x00000000d6b205c8) 
thrown [s\src\hotspot\share\interpreter\linkResolver.cpp, line 773]
Event: 4.466 Thread 0x0000020956784920 Exception <a 'java/lang/NoSuchMethodError'{0x00000000d6b23c88}: 'double java.lang.invoke.DirectMethodHandle$Holder.invokeStaticInit(java.lang.Object, java.lang.Object)'> (0x00000000d6b23c88) 
thrown [s\src\hotspot\share\interpreter\linkResolver.cpp, line 773]
Event: 5.096 Thread 0x0000020956784920 Implicit null exception at 0x00000209615d4af5 to 0x00000209615d4bd0
Event: 5.334 Thread 0x0000020956784920 Exception <a 'java/io/FileNotFoundException'{0x00000000d63e3cc0}> (0x00000000d63e3cc0) 
thrown [s\src\hotspot\share\prims\jni.cpp, line 520]
Event: 5.335 Thread 0x0000020956784920 Exception <a 'java/io/FileNotFoundException'{0x00000000d63e4cc0}> (0x00000000d63e4cc0) 
thrown [s\src\hotspot\share\prims\jni.cpp, line 520]
Event: 5.611 Thread 0x0000020956784920 Exception <a 'java/lang/ClassNotFoundException'{0x00000000d6c304a0}: com/sun/org/apache/xerces/internal/impl/msg/spi/DOMMessagesProvider> (0x00000000d6c304a0) 
thrown [s\src\hotspot\share\classfile\systemDictionary.cpp, line 312]
Event: 5.615 Thread 0x0000020956784920 Exception <a 'java/lang/ClassNotFoundException'{0x00000000d6c4b4a8}: com/sun/org/apache/xerces/internal/impl/msg/spi/XMLSerializerMessagesProvider> (0x00000000d6c4b4a8) 
thrown [s\src\hotspot\share\classfile\systemDictionary.cpp, line 312]
Event: 5.617 Thread 0x0000020956784920 Exception <a 'java/lang/ClassNotFoundException'{0x00000000d6c587c8}: com/sun/org/apache/xerces/internal/impl/msg/spi/XMLMessagesProvider> (0x00000000d6c587c8) 
thrown [s\src\hotspot\share\classfile\systemDictionary.cpp, line 312]
Event: 5.679 Thread 0x0000020956784920 Exception <a 'java/lang/NoSuchMethodError'{0x00000000d6dd0560}: 'java.lang.Object java.lang.invoke.DirectMethodHandle$Holder.newInvokeSpecial(java.lang.Object, int, java.lang.Object, java.lang.Object)'> (0x00000000d6dd0560) 
thrown [s\src\hotspot\share\interpreter\linkResolver.cpp, line 773]
Event: 5.755 Thread 0x0000020956784920 Exception <a 'sun/nio/fs/WindowsException'{0x00000000d5750290}> (0x00000000d5750290) 
thrown [s\src\hotspot\share\prims\jni.cpp, line 520]

ZGC Phase Switch (0 events):
No events

VM Operations (20 events):
Event: 3.014 Executing non-safepoint VM operation: HandshakeAllThreads (Deoptimize)
Event: 3.014 Executing non-safepoint VM operation: HandshakeAllThreads (Deoptimize) done
Event: 4.020 Executing safepoint VM operation: Cleanup
Event: 4.020 Executing safepoint VM operation: Cleanup done
Event: 4.130 Executing non-safepoint VM operation: HandshakeAllThreads (Deoptimize)
Event: 4.130 Executing non-safepoint VM operation: HandshakeAllThreads (Deoptimize) done
Event: 4.619 Executing safepoint VM operation: ParallelGCFailedAllocation (Allocation Failure)
Event: 4.625 Executing safepoint VM operation: ParallelGCFailedAllocation (Allocation Failure) done
Event: 5.084 Executing safepoint VM operation: ParallelGCFailedAllocation (Allocation Failure)
Event: 5.090 Executing safepoint VM operation: ParallelGCFailedAllocation (Allocation Failure) done
Event: 5.165 Executing safepoint VM operation: CollectForMetadataAllocation (Metadata GC Threshold)
Event: 5.203 Executing safepoint VM operation: CollectForMetadataAllocation (Metadata GC Threshold) done
Event: 5.683 Executing safepoint VM operation: ParallelGCFailedAllocation (Allocation Failure)
Event: 5.686 Executing safepoint VM operation: ParallelGCFailedAllocation (Allocation Failure) done
Event: 5.738 Executing non-safepoint VM operation: HandshakeAllThreads (Deoptimize)
Event: 5.739 Executing non-safepoint VM operation: HandshakeAllThreads (Deoptimize) done
Event: 5.824 Executing non-safepoint VM operation: HandshakeAllThreads (Deoptimize)
Event: 5.824 Executing non-safepoint VM operation: HandshakeAllThreads (Deoptimize) done
Event: 5.843 Executing non-safepoint VM operation: HandshakeAllThreads (Deoptimize)
Event: 5.843 Executing non-safepoint VM operation: HandshakeAllThreads (Deoptimize) done

Memory protections (0 events):
No events

Nmethod flushes (0 events):
No events

Events (20 events):
Event: 1.707 Thread 0x00000209567e87e0 Thread added: 0x0000020956787710
Event: 2.067 Thread 0x00000209567e87e0 Thread added: 0x0000020956787da0
Event: 2.074 Thread 0x00000209567e87e0 Thread added: 0x0000020956784920
Event: 2.257 Thread 0x0000020956784920 Thread added: 0x00000209741fc0e0
Event: 2.687 Thread 0x0000020956784920 Thread added: 0x00000209741feed0
Event: 2.943 Thread 0x000002096e558530 Thread exited: 0x000002096e558530
Event: 2.943 Thread 0x000002096e558c00 Thread exited: 0x000002096e558c00
Event: 3.035 Thread 0x000002096e557e60 Thread added: 0x000002096e5599a0
Event: 3.250 Thread 0x000002096e5599a0 Thread exited: 0x000002096e5599a0
Event: 4.161 Thread 0x0000020956784920 Thread added: 0x00000209741fba50
Event: 4.232 Thread 0x0000020956784920 Thread added: 0x00000209741ff560
Event: 4.285 Thread 0x0000020956784920 Thread added: 0x00000209741fc770
Event: 4.571 Thread 0x000002096e557e60 Thread added: 0x000002096e5570c0
Event: 4.581 Thread 0x000002096e5570c0 Thread added: 0x000002096e55a070
Event: 4.898 Thread 0x000002096e55a070 Thread exited: 0x000002096e55a070
Event: 4.898 Thread 0x000002096e5570c0 Thread exited: 0x000002096e5570c0
Event: 5.459 Thread 0x000002096e557e60 Thread added: 0x000002096e5599a0
Event: 5.459 Thread 0x000002096e557e60 Thread added: 0x000002096e558c00
Event: 5.649 Thread 0x0000020956784920 Thread added: 0x00000209741ffbf0
Event: 5.798 Thread 0x00000209741ffbf0 Thread exited: 0x00000209741ffbf0


Dynamic libraries:
0x00007ff72fe40000 - 0x00007ff72fe4e000 	c:\Users\singh\.vscode\extensions\redhat.java-1.54.0-win32-x64\jre\21.0.10-win32-x86_64\bin\java.exe
0x00007ff825860000 - 0x00007ff825ac7000 	C:\WINDOWS\SYSTEM32\ntdll.dll
0x00007ff8237e0000 - 0x00007ff8238a9000 	C:\WINDOWS\System32\KERNEL32.DLL
0x00007ff822290000 - 0x00007ff822687000 	C:\WINDOWS\System32\KERNELBASE.dll
0x00007ff81f2e0000 - 0x00007ff81f380000 	C:\WINDOWS\SYSTEM32\apphelp.dll
0x00007ff822f00000 - 0x00007ff82304b000 	C:\WINDOWS\System32\ucrtbase.dll
0x00007fffc7ae0000 - 0x00007fffc7afe000 	c:\Users\singh\.vscode\extensions\redhat.java-1.54.0-win32-x64\jre\21.0.10-win32-x86_64\bin\VCRUNTIME140.dll
0x00007fffc7ac0000 - 0x00007fffc7ad8000 	c:\Users\singh\.vscode\extensions\redhat.java-1.54.0-win32-x64\jre\21.0.10-win32-x86_64\bin\jli.dll
0x00007ff8244a0000 - 0x00007ff824666000 	C:\WINDOWS\System32\USER32.dll
0x00007ffff2fd0000 - 0x00007ffff3262000 	C:\WINDOWS\WinSxS\amd64_microsoft.windows.common-controls_6595b64144ccf1df_6.0.26100.8457_none_3e0b2faee331e92d\COMCTL32.dll
0x00007ff823340000 - 0x00007ff823367000 	C:\WINDOWS\System32\win32u.dll
0x00007ff824870000 - 0x00007ff824919000 	C:\WINDOWS\System32\msvcrt.dll
0x00007ff8240c0000 - 0x00007ff8240eb000 	C:\WINDOWS\System32\GDI32.dll
0x00007ff823370000 - 0x00007ff82349c000 	C:\WINDOWS\System32\gdi32full.dll
0x00007ff823530000 - 0x00007ff8235d3000 	C:\WINDOWS\System32\msvcp_win.dll
0x00007ff8236e0000 - 0x00007ff823712000 	C:\WINDOWS\System32\IMM32.DLL
0x00007fffdbba0000 - 0x00007fffdbbac000 	c:\Users\singh\.vscode\extensions\redhat.java-1.54.0-win32-x64\jre\21.0.10-win32-x86_64\bin\vcruntime140_1.dll
0x00007fffa61c0000 - 0x00007fffa624d000 	c:\Users\singh\.vscode\extensions\redhat.java-1.54.0-win32-x64\jre\21.0.10-win32-x86_64\bin\msvcp140.dll
0x00007fff12970000 - 0x00007fff13711000 	c:\Users\singh\.vscode\extensions\redhat.java-1.54.0-win32-x64\jre\21.0.10-win32-x86_64\bin\server\jvm.dll
0x00007ff824000000 - 0x00007ff8240b6000 	C:\WINDOWS\System32\ADVAPI32.dll
0x00007ff823d60000 - 0x00007ff823e07000 	C:\WINDOWS\System32\sechost.dll
0x00007ff824100000 - 0x00007ff824218000 	C:\WINDOWS\System32\RPCRT4.dll
0x00007ff823e10000 - 0x00007ff823e90000 	C:\WINDOWS\System32\WS2_32.dll
0x00007ff8220f0000 - 0x00007ff82214e000 	C:\WINDOWS\SYSTEM32\POWRPROF.dll
0x00007ff81f470000 - 0x00007ff81f4a6000 	C:\WINDOWS\SYSTEM32\WINMM.dll
0x00007ff811930000 - 0x00007ff81193b000 	C:\WINDOWS\SYSTEM32\VERSION.dll
0x00007ff8220d0000 - 0x00007ff8220e4000 	C:\WINDOWS\SYSTEM32\UMPDC.dll
0x00007ff821020000 - 0x00007ff82103b000 	C:\WINDOWS\SYSTEM32\kernel.appcore.dll
0x00007fffca200000 - 0x00007fffca20a000 	c:\Users\singh\.vscode\extensions\redhat.java-1.54.0-win32-x64\jre\21.0.10-win32-x86_64\bin\jimage.dll
0x00007ff820280000 - 0x00007ff8204c2000 	C:\WINDOWS\SYSTEM32\DBGHELP.DLL
0x00007ff825490000 - 0x00007ff825813000 	C:\WINDOWS\System32\combase.dll
0x00007ff824220000 - 0x00007ff8242f9000 	C:\WINDOWS\System32\OLEAUT32.dll
0x00007fffff320000 - 0x00007fffff35b000 	C:\WINDOWS\SYSTEM32\dbgcore.DLL
0x00007ff823290000 - 0x00007ff823338000 	C:\WINDOWS\System32\bcryptPrimitives.dll
0x00007fffc7360000 - 0x00007fffc736f000 	c:\Users\singh\.vscode\extensions\redhat.java-1.54.0-win32-x64\jre\21.0.10-win32-x86_64\bin\instrument.dll
0x00007fffc7340000 - 0x00007fffc7360000 	c:\Users\singh\.vscode\extensions\redhat.java-1.54.0-win32-x64\jre\21.0.10-win32-x86_64\bin\java.dll
0x00007ff824d00000 - 0x00007ff82546e000 	C:\WINDOWS\System32\SHELL32.dll
0x00007ff822690000 - 0x00007ff822efc000 	C:\WINDOWS\System32\windows.storage.dll
0x00007ff8235e0000 - 0x00007ff8236d6000 	C:\WINDOWS\System32\SHCORE.dll
0x00007ff824a30000 - 0x00007ff824a96000 	C:\WINDOWS\System32\shlwapi.dll
0x00007ff8221b0000 - 0x00007ff8221d9000 	C:\WINDOWS\SYSTEM32\profapi.dll
0x00007fffc6160000 - 0x00007fffc6178000 	c:\Users\singh\.vscode\extensions\redhat.java-1.54.0-win32-x64\jre\21.0.10-win32-x86_64\bin\zip.dll
0x00007fffc7330000 - 0x00007fffc7340000 	C:\Users\singh\.vscode\extensions\redhat.java-1.54.0-win32-x64\jre\21.0.10-win32-x86_64\bin\net.dll
0x00007ff812890000 - 0x00007ff8129b9000 	C:\WINDOWS\SYSTEM32\WINHTTP.dll
0x00007ff821590000 - 0x00007ff8215fc000 	C:\WINDOWS\system32\mswsock.dll
0x00007fffbae50000 - 0x00007fffbae66000 	C:\Users\singh\.vscode\extensions\redhat.java-1.54.0-win32-x64\jre\21.0.10-win32-x86_64\bin\nio.dll
0x00007fffc6150000 - 0x00007fffc6160000 	c:\Users\singh\.vscode\extensions\redhat.java-1.54.0-win32-x64\jre\21.0.10-win32-x86_64\bin\verify.dll
0x00007fffa7a60000 - 0x00007fffa7aa5000 	C:\Users\singh\AppData\Roaming\Code\User\globalStorage\redhat.java\1.54.0\config_ss_win\org.eclipse.equinox.launcher\org.eclipse.equinox.launcher.win32.win32.x86_64_1.3.0.v20260203-2149\eclipse_11919.dll
0x00007ff824300000 - 0x00007ff824497000 	C:\WINDOWS\System32\ole32.dll
0x00007ff821870000 - 0x00007ff82188b000 	C:\WINDOWS\SYSTEM32\CRYPTSP.dll
0x00007ff820f80000 - 0x00007ff820fb9000 	C:\WINDOWS\system32\rsaenh.dll
0x00007ff821640000 - 0x00007ff821673000 	C:\WINDOWS\SYSTEM32\USERENV.dll
0x00007ff822180000 - 0x00007ff8221aa000 	C:\WINDOWS\SYSTEM32\bcrypt.dll
0x00007ff821890000 - 0x00007ff82189c000 	C:\WINDOWS\SYSTEM32\CRYPTBASE.dll
0x00007ff8209f0000 - 0x00007ff820a22000 	C:\WINDOWS\SYSTEM32\IPHLPAPI.DLL
0x00007ff8240f0000 - 0x00007ff8240fa000 	C:\WINDOWS\System32\NSI.dll
0x00007fff67880000 - 0x00007fff678c9000 	D:\Temp\jna-109441977\jna6627195372520758127.dll
0x00007ff825480000 - 0x00007ff825488000 	C:\WINDOWS\System32\PSAPI.DLL

JVMTI agents:
c:\Users\singh\.vscode\extensions\redhat.java-1.54.0-win32-x64\lombok\lombok-1.18.39-4050.jar path:c:\Users\singh\.vscode\extensions\redhat.java-1.54.0-win32-x64\jre\21.0.10-win32-x86_64\bin\instrument.dll, loaded, initialized, instrumentlib options:none

dbghelp: loaded successfully - version: 4.0.5 - missing functions: none
symbol engine: initialized successfully - sym options: 0x614 - pdb path: .;c:\Users\singh\.vscode\extensions\redhat.java-1.54.0-win32-x64\jre\21.0.10-win32-x86_64\bin;C:\WINDOWS\SYSTEM32;C:\WINDOWS\WinSxS\amd64_microsoft.windows.common-controls_6595b64144ccf1df_6.0.26100.8457_none_3e0b2faee331e92d;c:\Users\singh\.vscode\extensions\redhat.java-1.54.0-win32-x64\jre\21.0.10-win32-x86_64\bin\server;C:\Users\singh\AppData\Roaming\Code\User\globalStorage\redhat.java\1.54.0\config_ss_win\org.eclipse.equinox.launcher\org.eclipse.equinox.launcher.win32.win32.x86_64_1.3.0.v20260203-2149;D:\Temp\jna-109441977

VM Arguments:
jvm_args: --add-modules=ALL-SYSTEM --add-opens=java.base/java.util=ALL-UNNAMED --add-opens=java.base/java.lang=ALL-UNNAMED --add-opens=java.base/sun.nio.fs=ALL-UNNAMED -Declipse.application=org.eclipse.jdt.ls.core.id1 -Dosgi.bundles.defaultStartLevel=4 -Declipse.product=org.eclipse.jdt.ls.core.product -Djava.import.generatesMetadataFilesAtProjectRoot=false -DDetectVMInstallationsJob.disabled=true -Dfile.encoding=utf8 -XX:+UseParallelGC -XX:GCTimeRatio=4 -XX:AdaptiveSizePolicyWeight=90 -Dsun.zip.disableMemoryMapping=true -Xmx2G -Xms100m -Xlog:disable -javaagent:c:\Users\singh\.vscode\extensions\redhat.java-1.54.0-win32-x64\lombok\lombok-1.18.39-4050.jar 
java_command: c:\Users\singh\.vscode\extensions\redhat.java-1.54.0-win32-x64\server\plugins\org.eclipse.equinox.launcher_1.7.100.v20251111-0406.jar -configuration c:\Users\singh\AppData\Roaming\Code\User\globalStorage\redhat.java\1.54.0\config_ss_win -data c:\Users\singh\AppData\Roaming\Code\User\workspaceStorage\54be798e7d8331495c5742f3c17b01cf\redhat.java\ss_ws --pipe=\\.\pipe\lsp-0f137cc7db22b0b094b1c936ca2a477a-sock
java_class_path (initial): c:\Users\singh\.vscode\extensions\redhat.java-1.54.0-win32-x64\server\plugins\org.eclipse.equinox.launcher_1.7.100.v20251111-0406.jar
Launcher Type: SUN_STANDARD

[Global flags]
    uintx AdaptiveSizePolicyWeight                 = 90                                        {product} {command line}
     intx CICompilerCount                          = 4                                         {product} {ergonomic}
    uintx GCTimeRatio                              = 4                                         {product} {command line}
   size_t InitialHeapSize                          = 104857600                                 {product} {command line}
   size_t MaxHeapSize                              = 2147483648                                {product} {command line}
   size_t MaxNewSize                               = 715653120                                 {product} {ergonomic}
   size_t MinHeapDeltaBytes                        = 524288                                    {product} {ergonomic}
   size_t MinHeapSize                              = 104857600                                 {product} {command line}
   size_t NewSize                                  = 34603008                                  {product} {ergonomic}
    uintx NonNMethodCodeHeapSize                   = 5839372                                {pd product} {ergonomic}
    uintx NonProfiledCodeHeapSize                  = 122909434                              {pd product} {ergonomic}
   size_t OldSize                                  = 70254592                                  {product} {ergonomic}
    uintx ProfiledCodeHeapSize                     = 122909434                              {pd product} {ergonomic}
    uintx ReservedCodeCacheSize                    = 251658240                              {pd product} {ergonomic}
     bool SegmentedCodeCache                       = true                                      {product} {ergonomic}
   size_t SoftMaxHeapSize                          = 2147483648                             {manageable} {ergonomic}
     bool UseCompressedOops                        = true                           {product lp64_product} {ergonomic}
     bool UseLargePagesIndividualAllocation        = false                                  {pd product} {ergonomic}
     bool UseParallelGC                            = true                                      {product} {command line}

Logging:
Log output configuration:
 #0: stdout all=off uptime,level,tags foldmultilines=false
 #1: stderr all=off uptime,level,tags foldmultilines=false

Release file:
JAVA_VERSION="21.0.10" 
MODULES="java.base java.compiler java.datatransfer java.xml java.prefs java.desktop java.instrument java.logging java.management java.security.sasl java.naming java.rmi java.management.rmi java.net.http java.scripting java.security.jgss java.transaction.xa java.sql java.sql.rowset java.xml.crypto java.se java.smartcardio jdk.accessibility jdk.internal.jvmstat jdk.attach jdk.charsets jdk.internal.opt jdk.zipfs jdk.compiler jdk.crypto.ec jdk.crypto.cryptoki jdk.crypto.mscapi jdk.dynalink jdk.internal.ed jdk.editpad jdk.hotspot.agent jdk.httpserver jdk.internal.le jdk.internal.vm.ci jdk.internal.vm.compiler jdk.internal.vm.compiler.management jdk.jartool jdk.javadoc jdk.jcmd jdk.management jdk.management.agent jdk.jconsole jdk.jdeps jdk.jdwp.agent jdk.jdi jdk.jfr jdk.jshell jdk.jsobject jdk.jstatd jdk.localedata jdk.management.jfr jdk.naming.dns jdk.naming.rmi jdk.net jdk.nio.mapmode jdk.random jdk.sctp jdk.security.auth jdk.security.jgss jdk.unsupported jdk.unsupported.desktop jdk.xml.dom" 

Environment Variables:
JAVA_HOME=C:\Users\singh\AppData\Local\Programs\Eclipse Adoptium\jdk-17.0.11.9-hotspot\
PATH=D:\SQL\dbhomeXE\bin;C:\Program Files\Python310\Scripts\;C:\Program Files\Python310\;C:\Program Files\Microsoft\jdk-17.0.13.11-hotspot\bin;C:\Program Files\Eclipse Adoptium\jdk-21.0.3.9-hotspot\bin;C:\WINDOWS\system32;C:\WINDOWS;C:\WINDOWS\System32\Wbem;C:\WINDOWS\System32\WindowsPowerShell\v1.0\;C:\WINDOWS\System32\OpenSSH\;C:\MinGW\bin;C:\Program Files\Microsoft SQL Server\Client SDK\ODBC\170\Tools\Binn\;C:\Program Files (x86)\Microsoft SQL Server\150\Tools\Binn\;C:\Program Files\Microsoft SQL Server\150\Tools\Binn\;C:\Program Files\Microsoft SQL Server\150\DTS\Binn\;C:\Program Files (x86)\Windows Kits\8.1\Windows Performance Toolkit\;C:\Program Files\dotnet\;C:\Program Files\Git\cmd;C:\ProgramData\chocolatey\bin;C:\Program Files\nodejs\;C:\Program Files\Maven\apache-maven-3.9.15\bin;;C:\Program Files\Docker\Docker\resources\bin;C:\Program Files\MySQL\MySQL Shell 8.0\bin\;C:\Users\singh\AppData\Local\Programs\Python\Python313\Scripts\;C:\Users\singh\AppData\Local\Programs\Python\Python313\;C:\Users\singh\AppData\Local\Programs\Python\Launcher\;C:\Users\singh\AppData\Local\Programs\Eclipse Adoptium\jdk-17.0.11.9-hotspot\bin;C:\Users\singh\AppData\Local\Microsoft\WindowsApps;C:\Users\singh\AppData\Local\Programs\Microsoft VS Code\bin;C:\Users\singh\AppData\Roaming\npm;D:\Antigravity\Antigravity\bin
USERNAME=singh
OS=Windows_NT
PROCESSOR_IDENTIFIER=Intel64 Family 6 Model 186 Stepping 3, GenuineIntel
TMP=D:\Temp
TEMP=D:\Temp\Temp




Periodic native trim disabled

---------------  S Y S T E M  ---------------

OS:
 Windows 11 , 64 bit Build 26100 (10.0.26100.8328)
OS uptime: 0 days 0:16 hours
Hyper-V role detected

CPU: total 12 (initial active 12) (6 cores per cpu, 2 threads per core) family 6 model 186 stepping 3 microcode 0x4128, cx8, cmov, fxsr, ht, mmx, 3dnowpref, sse, sse2, sse3, ssse3, sse4.1, sse4.2, popcnt, lzcnt, tsc, tscinvbit, avx, avx2, aes, erms, clmul, bmi1, bmi2, adx, sha, fma, vzeroupper, clflush, clflushopt, clwb, hv, serialize, rdtscp, rdpid, fsrm, f16c, cet_ibt, cet_ss
Processor Information for processor 0
  Max Mhz: 1700, Current Mhz: 1700, Mhz Limit: 1700
Processor Information for processor 1
  Max Mhz: 1700, Current Mhz: 1700, Mhz Limit: 1700
Processor Information for processor 2
  Max Mhz: 1700, Current Mhz: 1700, Mhz Limit: 1700
Processor Information for processor 3
  Max Mhz: 1700, Current Mhz: 1700, Mhz Limit: 1700
Processor Information for processor 4
  Max Mhz: 1700, Current Mhz: 1200, Mhz Limit: 1190
Processor Information for processor 5
  Max Mhz: 1700, Current Mhz: 1200, Mhz Limit: 1190
Processor Information for processor 6
  Max Mhz: 1700, Current Mhz: 1200, Mhz Limit: 1190
Processor Information for processor 7
  Max Mhz: 1700, Current Mhz: 1200, Mhz Limit: 1190
Processor Information for processor 8
  Max Mhz: 1700, Current Mhz: 1200, Mhz Limit: 1190
Processor Information for processor 9
  Max Mhz: 1700, Current Mhz: 1200, Mhz Limit: 1190
Processor Information for processor 10
  Max Mhz: 1700, Current Mhz: 1200, Mhz Limit: 1190
Processor Information for processor 11
  Max Mhz: 1700, Current Mhz: 1200, Mhz Limit: 1190

Memory: 4k page, system-wide physical 16095M (1273M free)
TotalPageFile size 23195M (AvailPageFile size 21M)
current process WorkingSet (physical memory assigned to process): 154M, peak: 158M
current process commit charge ("private bytes"): 292M, peak: 297M

vm_info: OpenJDK 64-Bit Server VM (21.0.10+7-LTS) for windows-amd64 JRE (21.0.10+7-LTS), built on 2026-01-20T00:00:00Z by "admin" with MS VC++ 17.12 (VS2022)

END.
