#
# There is insufficient memory for the Java Runtime Environment to continue.
# Native memory allocation (mmap) failed to map 264241152 bytes. Error detail: G1 virtual space
# Possible reasons:
#   The system is out of physical RAM or swap space
#   This process is running with CompressedOops enabled, and the Java Heap may be blocking the growth of the native heap
# Possible solutions:
#   Reduce memory load on the system
#   Increase physical memory or swap space
#   Check if swap backing store is full
#   Decrease Java heap size (-Xmx/-Xms)
#   Decrease number of Java threads
#   Decrease Java thread stack sizes (-Xss)
#   Set larger code cache with -XX:ReservedCodeCacheSize=
#   JVM is running with Zero Based Compressed Oops mode in which the Java heap is
#     placed in the first 32GB address space. The Java Heap base address is the
#     maximum limit for the native heap growth. Please use -XX:HeapBaseMinAddress
#     to set the Java Heap base and to place the Java Heap above 32GB virtual address.
# This output file may be truncated or incomplete.
#
#  Out of Memory Error (os_windows.cpp:3613), pid=18880, tid=3380
#
# JRE version:  (17.0.11+9) (build )
# Java VM: OpenJDK 64-Bit Server VM (17.0.11+9, mixed mode, sharing, tiered, compressed oops, compressed class ptrs, g1 gc, windows-amd64)
# No core dump will be written. Minidumps are not enabled by default on client versions of Windows
#

---------------  S U M M A R Y ------------

Command Line: --enable-native-access=ALL-UNNAMED 

Host: 13th Gen Intel(R) Core(TM) i7-1355U, 12 cores, 15G,  Windows 11 , 64 bit Build 26100 (10.0.26100.8328)
Time: Tue May 26 13:04:16 2026 India Standard Time elapsed time: 0.046257 seconds (0d 0h 0m 0s)

---------------  T H R E A D  ---------------

Current thread (0x000001b44b71c740):  JavaThread "Unknown thread" [_thread_in_vm, id=3380, stack(0x0000003066c00000,0x0000003066d00000)]

Stack: [0x0000003066c00000,0x0000003066d00000]
Native frames: (J=compiled Java code, j=interpreted, Vv=VM code, C=native code)
V  [jvm.dll+0x67d429]
V  [jvm.dll+0x834b7a]
V  [jvm.dll+0x83663e]
V  [jvm.dll+0x836ca3]
V  [jvm.dll+0x247dbf]
V  [jvm.dll+0x67a269]
V  [jvm.dll+0x66ecda]
V  [jvm.dll+0x30797b]
V  [jvm.dll+0x30ee26]
V  [jvm.dll+0x35e80e]
V  [jvm.dll+0x35ea3f]
V  [jvm.dll+0x2de6b8]
V  [jvm.dll+0x2df624]
V  [jvm.dll+0x806531]
V  [jvm.dll+0x36c561]
V  [jvm.dll+0x7e4f56]
V  [jvm.dll+0x3efdcf]
V  [jvm.dll+0x3f1921]
C  [jli.dll+0x528f]
C  [ucrtbase.dll+0x37b0]
C  [KERNEL32.DLL+0x2e957]
C  [ntdll.dll+0x427c]


---------------  P R O C E S S  ---------------

Threads class SMR info:
_java_thread_list=0x00007fff0a2ceed8, length=0, elements={
}

Java Threads: ( => current thread )

Other Threads:
  0x000001b44b7883a0 GCTaskThread "GC Thread#0" [stack: 0x0000003066d00000,0x0000003066e00000] [id=16560]
  0x000001b44b79b200 ConcurrentGCThread "G1 Main Marker" [stack: 0x0000003066e00000,0x0000003066f00000] [id=30372]
  0x000001b44b79bb30 ConcurrentGCThread "G1 Conc#0" [stack: 0x0000003066f00000,0x0000003067000000] [id=14060]

[error occurred during error reporting (printing all threads), id 0xc0000005, EXCEPTION_ACCESS_VIOLATION (0xc0000005) at pc=0x00007fff09a8f0f7]

VM state: not at safepoint (not fully initialized)

VM Mutex/Monitor currently owned by a thread:  ([mutex/lock_event])
[0x000001b44b717b60] Heap_lock - owner thread: 0x000001b44b71c740

Heap address: 0x0000000704800000, size: 4024 MB, Compressed Oops mode: Zero based, Oop shift amount: 3

CDS archive(s) mapped at: [0x0000000000000000-0x0000000000000000-0x0000000000000000), size 0, SharedBaseAddress: 0x0000000800000000, ArchiveRelocationMode: 1.
Narrow klass base: 0x0000000000000000, Narrow klass shift: 0, Narrow klass range: 0x0

GC Precious Log:
<Empty>

Heap:
 garbage-first heap   total 0K, used 0K [0x0000000704800000, 0x0000000800000000)
  region size 2048K, 0 young (0K), 0 survivors (0K)

[error occurred during error reporting (printing heap information), id 0xc0000005, EXCEPTION_ACCESS_VIOLATION (0xc0000005) at pc=0x00007fff09e770c9]

GC Heap History (0 events):
No events

Dll operation events (1 events):
Event: 0.023 Loaded shared library C:\Users\singh\AppData\Local\Programs\Eclipse Adoptium\jdk-17.0.11.9-hotspot\bin\java.dll

Deoptimization events (0 events):
No events

Classes unloaded (0 events):
No events

Classes redefined (0 events):
No events

Internal exceptions (0 events):
No events

VM Operations (0 events):
No events

Events (0 events):
No events


Dynamic libraries:
0x00007ff79d7c0000 - 0x00007ff79d7ce000 	C:\Users\singh\AppData\Local\Programs\Eclipse Adoptium\jdk-17.0.11.9-hotspot\bin\java.exe
0x00007ff828a80000 - 0x00007ff828ce7000 	C:\WINDOWS\SYSTEM32\ntdll.dll
0x00007ff827a50000 - 0x00007ff827b19000 	C:\WINDOWS\System32\KERNEL32.DLL
0x00007ff825620000 - 0x00007ff825a17000 	C:\WINDOWS\System32\KERNELBASE.dll
0x00007ff822840000 - 0x00007ff8228e0000 	C:\WINDOWS\SYSTEM32\apphelp.dll
0x00007ff825a20000 - 0x00007ff825b6b000 	C:\WINDOWS\System32\ucrtbase.dll
0x00007ffff43a0000 - 0x00007ffff43bb000 	C:\Users\singh\AppData\Local\Programs\Eclipse Adoptium\jdk-17.0.11.9-hotspot\bin\VCRUNTIME140.dll
0x00007fff9a710000 - 0x00007fff9a727000 	C:\Users\singh\AppData\Local\Programs\Eclipse Adoptium\jdk-17.0.11.9-hotspot\bin\jli.dll
0x00007ff826990000 - 0x00007ff826b56000 	C:\WINDOWS\System32\USER32.dll
0x00007ff8265a0000 - 0x00007ff8265c7000 	C:\WINDOWS\System32\win32u.dll
0x00007ff828380000 - 0x00007ff8283ab000 	C:\WINDOWS\System32\GDI32.dll
0x00007ff8012d0000 - 0x00007ff801562000 	C:\WINDOWS\WinSxS\amd64_microsoft.windows.common-controls_6595b64144ccf1df_6.0.26100.8457_none_3e0b2faee331e92d\COMCTL32.dll
0x00007ff826470000 - 0x00007ff82659c000 	C:\WINDOWS\System32\gdi32full.dll
0x00007ff826800000 - 0x00007ff8268a9000 	C:\WINDOWS\System32\msvcrt.dll
0x00007ff825570000 - 0x00007ff825613000 	C:\WINDOWS\System32\msvcp_win.dll
0x00007ff8268c0000 - 0x00007ff8268f2000 	C:\WINDOWS\System32\IMM32.DLL
0x00007ff80d640000 - 0x00007ff80d64c000 	C:\Users\singh\AppData\Local\Programs\Eclipse Adoptium\jdk-17.0.11.9-hotspot\bin\vcruntime140_1.dll
0x00007fff9a680000 - 0x00007fff9a70d000 	C:\Users\singh\AppData\Local\Programs\Eclipse Adoptium\jdk-17.0.11.9-hotspot\bin\msvcp140.dll
0x00007fff097a0000 - 0x00007fff0a402000 	C:\Users\singh\AppData\Local\Programs\Eclipse Adoptium\jdk-17.0.11.9-hotspot\bin\server\jvm.dll
0x00007ff827b20000 - 0x00007ff827bd6000 	C:\WINDOWS\System32\ADVAPI32.dll
0x00007ff826ce0000 - 0x00007ff826d87000 	C:\WINDOWS\System32\sechost.dll
0x00007ff828920000 - 0x00007ff828a38000 	C:\WINDOWS\System32\RPCRT4.dll
0x00007ffffc4b0000 - 0x00007ffffc4ba000 	C:\WINDOWS\SYSTEM32\WSOCK32.dll
0x00007ff820240000 - 0x00007ff820276000 	C:\WINDOWS\SYSTEM32\WINMM.dll
0x00007ff814030000 - 0x00007ff81403b000 	C:\WINDOWS\SYSTEM32\VERSION.dll
0x00007ff825310000 - 0x00007ff82536e000 	C:\WINDOWS\SYSTEM32\POWRPROF.dll
0x00007ff826900000 - 0x00007ff826980000 	C:\WINDOWS\System32\ws2_32.DLL
0x00007ff8252f0000 - 0x00007ff825304000 	C:\WINDOWS\SYSTEM32\UMPDC.dll
0x00007ff8241a0000 - 0x00007ff8241bb000 	C:\WINDOWS\SYSTEM32\kernel.appcore.dll
0x00007ff80bf60000 - 0x00007ff80bf6a000 	C:\Users\singh\AppData\Local\Programs\Eclipse Adoptium\jdk-17.0.11.9-hotspot\bin\jimage.dll
0x00007ff8232e0000 - 0x00007ff823522000 	C:\WINDOWS\SYSTEM32\DBGHELP.DLL
0x00007ff826ff0000 - 0x00007ff827373000 	C:\WINDOWS\System32\combase.dll
0x00007ff826f10000 - 0x00007ff826fe9000 	C:\WINDOWS\System32\OLEAUT32.dll
0x00007ffffc5b0000 - 0x00007ffffc5eb000 	C:\WINDOWS\SYSTEM32\dbgcore.DLL
0x00007ff826750000 - 0x00007ff8267f8000 	C:\WINDOWS\System32\bcryptPrimitives.dll
0x00007fff9a650000 - 0x00007fff9a675000 	C:\Users\singh\AppData\Local\Programs\Eclipse Adoptium\jdk-17.0.11.9-hotspot\bin\java.dll

dbghelp: loaded successfully - version: 4.0.5 - missing functions: none
symbol engine: initialized successfully - sym options: 0x614 - pdb path: .;C:\Users\singh\AppData\Local\Programs\Eclipse Adoptium\jdk-17.0.11.9-hotspot\bin;C:\WINDOWS\SYSTEM32;C:\WINDOWS\WinSxS\amd64_microsoft.windows.common-controls_6595b64144ccf1df_6.0.26100.8457_none_3e0b2faee331e92d;C:\Users\singh\AppData\Local\Programs\Eclipse Adoptium\jdk-17.0.11.9-hotspot\bin\server

VM Arguments:
jvm_args: --enable-native-access=ALL-UNNAMED 
java_command: <unknown>
java_class_path (initial): <not set>
Launcher Type: SUN_STANDARD

[Global flags]
     intx CICompilerCount                          = 4                                         {product} {ergonomic}
     uint ConcGCThreads                            = 3                                         {product} {ergonomic}
     uint G1ConcRefinementThreads                  = 10                                        {product} {ergonomic}
   size_t G1HeapRegionSize                         = 2097152                                   {product} {ergonomic}
    uintx GCDrainStackTargetSize                   = 64                                        {product} {ergonomic}
   size_t InitialHeapSize                          = 264241152                                 {product} {ergonomic}
   size_t MarkStackSize                            = 4194304                                   {product} {ergonomic}
   size_t MaxHeapSize                              = 4219469824                                {product} {ergonomic}
   size_t MinHeapDeltaBytes                        = 2097152                                   {product} {ergonomic}
   size_t MinHeapSize                              = 8388608                                   {product} {ergonomic}
    uintx NonNMethodCodeHeapSize                   = 5839372                                {pd product} {ergonomic}
    uintx NonProfiledCodeHeapSize                  = 122909434                              {pd product} {ergonomic}
    uintx ProfiledCodeHeapSize                     = 122909434                              {pd product} {ergonomic}
    uintx ReservedCodeCacheSize                    = 251658240                              {pd product} {ergonomic}
     bool SegmentedCodeCache                       = true                                      {product} {ergonomic}
   size_t SoftMaxHeapSize                          = 4219469824                             {manageable} {ergonomic}
     bool UseCompressedClassPointers               = true                           {product lp64_product} {ergonomic}
     bool UseCompressedOops                        = true                           {product lp64_product} {ergonomic}
     bool UseG1GC                                  = true                                      {product} {ergonomic}
     bool UseLargePagesIndividualAllocation        = false                                  {pd product} {ergonomic}

Logging:
Log output configuration:
 #0: stdout all=warning uptime,level,tags
 #1: stderr all=off uptime,level,tags

Environment Variables:
JAVA_HOME=C:\Users\singh\AppData\Local\Programs\Eclipse Adoptium\jdk-17.0.11.9-hotspot\
PATH=D:\SQL\dbhomeXE\bin;C:\Program Files\Python310\Scripts\;C:\Program Files\Python310\;C:\Program Files\Microsoft\jdk-17.0.13.11-hotspot\bin;C:\Program Files\Eclipse Adoptium\jdk-21.0.3.9-hotspot\bin;C:\WINDOWS\system32;C:\WINDOWS;C:\WINDOWS\System32\Wbem;C:\WINDOWS\System32\WindowsPowerShell\v1.0\;C:\WINDOWS\System32\OpenSSH\;C:\MinGW\bin;C:\Program Files\Microsoft SQL Server\Client SDK\ODBC\170\Tools\Binn\;C:\Program Files (x86)\Microsoft SQL Server\150\Tools\Binn\;C:\Program Files\Microsoft SQL Server\150\Tools\Binn\;C:\Program Files\Microsoft SQL Server\150\DTS\Binn\;C:\Program Files (x86)\Windows Kits\8.1\Windows Performance Toolkit\;C:\Program Files\dotnet\;C:\Program Files\Git\cmd;C:\ProgramData\chocolatey\bin;C:\Program Files\nodejs\;C:\Program Files\Maven\apache-maven-3.9.15\bin;;C:\Program Files\Docker\Docker\resources\bin;C:\Program Files\MySQL\MySQL Shell 8.0\bin\;C:\Users\singh\AppData\Local\Programs\Python\Python313\Scripts\;C:\Users\singh\AppData\Local\Programs\Python\Python313\;C:\Users\singh\AppData\Local\Programs\Python\Launcher\;C:\Users\singh\AppData\Local\Programs\Eclipse Adoptium\jdk-17.0.11.9-hotspot\bin;C:\Users\singh\AppData\Local\Microsoft\WindowsApps;C:\Users\singh\AppData\Local\Programs\Microsoft VS Code\bin;C:\Users\singh\AppData\Roaming\npm;D:\Antigravity\Antigravity\bin
USERNAME=singh
OS=Windows_NT
PROCESSOR_IDENTIFIER=Intel64 Family 6 Model 186 Stepping 3, GenuineIntel
TMP=D:\Temp
TEMP=D:\Temp\Temp



Periodic native trim disabled


---------------  S Y S T E M  ---------------

OS:
 Windows 11 , 64 bit Build 26100 (10.0.26100.8328)
OS uptime: 0 days 0:07 hours
Hyper-V role detected

CPU: total 12 (initial active 12) (6 cores per cpu, 2 threads per core) family 6 model 186 stepping 3 microcode 0x4128, cx8, cmov, fxsr, ht, mmx, 3dnowpref, sse, sse2, sse3, ssse3, sse4.1, sse4.2, popcnt, lzcnt, tsc, tscinvbit, avx, avx2, aes, erms, clmul, bmi1, bmi2, adx, sha, fma, vzeroupper, clflush, clflushopt, clwb, hv
Processor Information for processor 0
  Max Mhz: 1700, Current Mhz: 1700, Mhz Limit: 1700
Processor Information for processor 1
  Max Mhz: 1700, Current Mhz: 1700, Mhz Limit: 1700
Processor Information for processor 2
  Max Mhz: 1700, Current Mhz: 1700, Mhz Limit: 1700
Processor Information for processor 3
  Max Mhz: 1700, Current Mhz: 1700, Mhz Limit: 1700
Processor Information for processor 4
  Max Mhz: 1700, Current Mhz: 1200, Mhz Limit: 1190
Processor Information for processor 5
  Max Mhz: 1700, Current Mhz: 1200, Mhz Limit: 1190
Processor Information for processor 6
  Max Mhz: 1700, Current Mhz: 1200, Mhz Limit: 1190
Processor Information for processor 7
  Max Mhz: 1700, Current Mhz: 1200, Mhz Limit: 1190
Processor Information for processor 8
  Max Mhz: 1700, Current Mhz: 1200, Mhz Limit: 1190
Processor Information for processor 9
  Max Mhz: 1700, Current Mhz: 1200, Mhz Limit: 1190
Processor Information for processor 10
  Max Mhz: 1700, Current Mhz: 1200, Mhz Limit: 1190
Processor Information for processor 11
  Max Mhz: 1700, Current Mhz: 1200, Mhz Limit: 1190

Memory: 4k page, system-wide physical 16095M (671M free)
TotalPageFile size 24056M (AvailPageFile size 24M)
current process WorkingSet (physical memory assigned to process): 13M, peak: 13M
current process commit charge ("private bytes"): 64M, peak: 316M

vm_info: OpenJDK 64-Bit Server VM (17.0.11+9) for windows-amd64 JRE (17.0.11+9), built on Apr 17 2024 06:07:48 by "admin" with MS VC++ 16.10 / 16.11 (VS2019)

END.
